INFO:root:Munch({'gpu_device_ids': [0], 'batch_size': 64, 'workers': 0, 'nepoch': 100, 'model_name': 'pcn', 'load_model': None, 'start_epoch': 0, 'num_points': 2048, 'work_dir': 'D:/liu/MVP_Benchmark/completion/log/', 'flag': 'debug', 'loss': 'emd', 'manual_seed': None, 'use_mean_feature': False, 'step_interval_to_print': 500, 'epoch_interval_to_save': 1, 'epoch_interval_to_val': 1, 'varying_constant': '0.01, 0.1, 0.5, 1', 'varying_constant_epochs': '5, 15, 30', 'lr': 0.0001, 'lr_decay': True, 'lr_decay_interval': 40, 'lr_decay_rate': 0.7, 'lr_step_decay_epochs': None, 'lr_step_decay_rates': None, 'lr_clip': 1e-06, 'optimizer': 'Adam', 'weight_decay': 0, 'betas': '0.9, 0.999', 'save_vis': True, 'eval_emd': False})
INFO:root:Length of train dataset:109438
INFO:root:Length of test dataset:31760
INFO:root:Random Seed: 7335
INFO:root:pcn_emd_debug_20221109T221655 train [0: 0/1709]  loss_type: emd, fine_loss: 0.077284 total_loss: 0.032614 lr: 0.000100 alpha: 0.01
INFO:root:pcn_emd_debug_20221109T221655 train [0: 500/1709]  loss_type: emd, fine_loss: 0.014945 total_loss: 0.014671 lr: 0.000100 alpha: 0.01
INFO:root:pcn_emd_debug_20221109T221655 train [0: 1000/1709]  loss_type: emd, fine_loss: 0.011055 total_loss: 0.011046 lr: 0.000100 alpha: 0.01
INFO:root:pcn_emd_debug_20221109T221655 train [0: 1500/1709]  loss_type: emd, fine_loss: 0.013434 total_loss: 0.013349 lr: 0.000100 alpha: 0.01
INFO:root:Saving net...
INFO:root:Testing...
INFO:root:Best cd_p net saved!
INFO:root:Best cd_t net saved!
INFO:root:Best f1 net saved!
INFO:root:curr_cd_p: 0.011197; curr_cd_t: 0.000479; curr_f1: 0.591102; 
INFO:root:best_cd_p: 0.011197 [epoch 0]; best_cd_t: 0.000479 [epoch 0]; best_f1: 0.591102 [epoch 0]; 
INFO:root:pcn_emd_debug_20221109T221655 train [1: 0/1709]  loss_type: emd, fine_loss: 0.014176 total_loss: 0.014155 lr: 0.000100 alpha: 0.01
INFO:root:pcn_emd_debug_20221109T221655 train [1: 500/1709]  loss_type: emd, fine_loss: 0.014052 total_loss: 0.014034 lr: 0.000100 alpha: 0.01
INFO:root:pcn_emd_debug_20221109T221655 train [1: 1000/1709]  loss_type: emd, fine_loss: 0.013986 total_loss: 0.014152 lr: 0.000100 alpha: 0.01
INFO:root:pcn_emd_debug_20221109T221655 train [1: 1500/1709]  loss_type: emd, fine_loss: 0.012547 total_loss: 0.012664 lr: 0.000100 alpha: 0.01
INFO:root:Saving net...
INFO:root:Testing...
INFO:root:Best cd_p net saved!
INFO:root:Best cd_t net saved!
INFO:root:Best f1 net saved!
INFO:root:curr_cd_p: 0.010831; curr_cd_t: 0.000452; curr_f1: 0.601963; 
INFO:root:best_cd_p: 0.010831 [epoch 1]; best_cd_t: 0.000452 [epoch 1]; best_f1: 0.601963 [epoch 1]; 
INFO:root:pcn_emd_debug_20221109T221655 train [2: 0/1709]  loss_type: emd, fine_loss: 0.012350 total_loss: 0.012445 lr: 0.000100 alpha: 0.01
INFO:root:pcn_emd_debug_20221109T221655 train [2: 500/1709]  loss_type: emd, fine_loss: 0.013419 total_loss: 0.013414 lr: 0.000100 alpha: 0.01
INFO:root:pcn_emd_debug_20221109T221655 train [2: 1000/1709]  loss_type: emd, fine_loss: 0.011813 total_loss: 0.011918 lr: 0.000100 alpha: 0.01
INFO:root:pcn_emd_debug_20221109T221655 train [2: 1500/1709]  loss_type: emd, fine_loss: 0.010970 total_loss: 0.011203 lr: 0.000100 alpha: 0.01
INFO:root:Saving net...
INFO:root:Testing...
INFO:root:Best cd_p net saved!
INFO:root:Best cd_t net saved!
INFO:root:Best f1 net saved!
INFO:root:curr_cd_p: 0.009482; curr_cd_t: 0.000345; curr_f1: 0.648150; 
INFO:root:best_cd_p: 0.009482 [epoch 2]; best_cd_t: 0.000345 [epoch 2]; best_f1: 0.648150 [epoch 2]; 
INFO:root:pcn_emd_debug_20221109T221655 train [3: 0/1709]  loss_type: emd, fine_loss: 0.013099 total_loss: 0.013327 lr: 0.000100 alpha: 0.01
INFO:root:pcn_emd_debug_20221109T221655 train [3: 500/1709]  loss_type: emd, fine_loss: 0.009711 total_loss: 0.009947 lr: 0.000100 alpha: 0.01
INFO:root:pcn_emd_debug_20221109T221655 train [3: 1000/1709]  loss_type: emd, fine_loss: 0.010374 total_loss: 0.010574 lr: 0.000100 alpha: 0.01
INFO:root:pcn_emd_debug_20221109T221655 train [3: 1500/1709]  loss_type: emd, fine_loss: 0.009752 total_loss: 0.009764 lr: 0.000100 alpha: 0.01
INFO:root:Saving net...
INFO:root:Testing...
INFO:root:Best cd_p net saved!
INFO:root:Best cd_t net saved!
INFO:root:Best f1 net saved!
INFO:root:curr_cd_p: 0.005916; curr_cd_t: 0.000155; curr_f1: 0.815381; 
INFO:root:best_cd_p: 0.005916 [epoch 3]; best_cd_t: 0.000155 [epoch 3]; best_f1: 0.815381 [epoch 3]; 
INFO:root:pcn_emd_debug_20221109T221655 train [4: 0/1709]  loss_type: emd, fine_loss: 0.008720 total_loss: 0.008967 lr: 0.000100 alpha: 0.01
INFO:root:pcn_emd_debug_20221109T221655 train [4: 500/1709]  loss_type: emd, fine_loss: 0.007078 total_loss: 0.007162 lr: 0.000100 alpha: 0.01
INFO:root:pcn_emd_debug_20221109T221655 train [4: 1000/1709]  loss_type: emd, fine_loss: 0.006560 total_loss: 0.006670 lr: 0.000100 alpha: 0.01
INFO:root:pcn_emd_debug_20221109T221655 train [4: 1500/1709]  loss_type: emd, fine_loss: 0.006537 total_loss: 0.006569 lr: 0.000100 alpha: 0.01
INFO:root:Saving net...
INFO:root:Testing...
INFO:root:Best cd_p net saved!
INFO:root:Best cd_t net saved!
INFO:root:Best f1 net saved!
INFO:root:curr_cd_p: 0.004594; curr_cd_t: 0.000098; curr_f1: 0.887741; 
INFO:root:best_cd_p: 0.004594 [epoch 4]; best_cd_t: 0.000098 [epoch 4]; best_f1: 0.887741 [epoch 4]; 
INFO:root:pcn_emd_debug_20221109T221655 train [5: 0/1709]  loss_type: emd, fine_loss: 0.006929 total_loss: 0.007617 lr: 0.000100 alpha: 0.1
INFO:root:pcn_emd_debug_20221109T221655 train [5: 500/1709]  loss_type: emd, fine_loss: 0.006036 total_loss: 0.006583 lr: 0.000100 alpha: 0.1
INFO:root:pcn_emd_debug_20221109T221655 train [5: 1000/1709]  loss_type: emd, fine_loss: 0.006248 total_loss: 0.006799 lr: 0.000100 alpha: 0.1
INFO:root:pcn_emd_debug_20221109T221655 train [5: 1500/1709]  loss_type: emd, fine_loss: 0.006175 total_loss: 0.006751 lr: 0.000100 alpha: 0.1
INFO:root:Saving net...
INFO:root:Testing...
INFO:root:Best cd_p net saved!
INFO:root:Best cd_t net saved!
INFO:root:Best f1 net saved!
INFO:root:curr_cd_p: 0.004000; curr_cd_t: 0.000080; curr_f1: 0.913808; 
INFO:root:best_cd_p: 0.004000 [epoch 5]; best_cd_t: 0.000080 [epoch 5]; best_f1: 0.913808 [epoch 5]; 
INFO:root:pcn_emd_debug_20221109T221655 train [6: 0/1709]  loss_type: emd, fine_loss: 0.005168 total_loss: 0.005675 lr: 0.000100 alpha: 0.1
INFO:root:pcn_emd_debug_20221109T221655 train [6: 500/1709]  loss_type: emd, fine_loss: 0.005386 total_loss: 0.005890 lr: 0.000100 alpha: 0.1
INFO:root:pcn_emd_debug_20221109T221655 train [6: 1000/1709]  loss_type: emd, fine_loss: 0.005253 total_loss: 0.005772 lr: 0.000100 alpha: 0.1
INFO:root:pcn_emd_debug_20221109T221655 train [6: 1500/1709]  loss_type: emd, fine_loss: 0.005486 total_loss: 0.006005 lr: 0.000100 alpha: 0.1
INFO:root:Saving net...
INFO:root:Testing...
INFO:root:Best cd_p net saved!
INFO:root:Best cd_t net saved!
INFO:root:Best f1 net saved!
INFO:root:curr_cd_p: 0.003676; curr_cd_t: 0.000069; curr_f1: 0.928122; 
INFO:root:best_cd_p: 0.003676 [epoch 6]; best_cd_t: 0.000069 [epoch 6]; best_f1: 0.928122 [epoch 6]; 
INFO:root:pcn_emd_debug_20221109T221655 train [7: 0/1709]  loss_type: emd, fine_loss: 0.004685 total_loss: 0.005118 lr: 0.000100 alpha: 0.1
INFO:root:pcn_emd_debug_20221109T221655 train [7: 500/1709]  loss_type: emd, fine_loss: 0.005105 total_loss: 0.005563 lr: 0.000100 alpha: 0.1
INFO:root:pcn_emd_debug_20221109T221655 train [7: 1000/1709]  loss_type: emd, fine_loss: 0.005447 total_loss: 0.005953 lr: 0.000100 alpha: 0.1
INFO:root:pcn_emd_debug_20221109T221655 train [7: 1500/1709]  loss_type: emd, fine_loss: 0.005093 total_loss: 0.005581 lr: 0.000100 alpha: 0.1
INFO:root:Saving net...
INFO:root:Testing...
INFO:root:Best cd_p net saved!
INFO:root:Best cd_t net saved!
INFO:root:Best f1 net saved!
INFO:root:curr_cd_p: 0.003390; curr_cd_t: 0.000060; curr_f1: 0.942171; 
INFO:root:best_cd_p: 0.003390 [epoch 7]; best_cd_t: 0.000060 [epoch 7]; best_f1: 0.942171 [epoch 7]; 
INFO:root:pcn_emd_debug_20221109T221655 train [8: 0/1709]  loss_type: emd, fine_loss: 0.005265 total_loss: 0.005804 lr: 0.000100 alpha: 0.1
INFO:root:pcn_emd_debug_20221109T221655 train [8: 500/1709]  loss_type: emd, fine_loss: 0.004171 total_loss: 0.004605 lr: 0.000100 alpha: 0.1
INFO:root:pcn_emd_debug_20221109T221655 train [8: 1000/1709]  loss_type: emd, fine_loss: 0.005053 total_loss: 0.005527 lr: 0.000100 alpha: 0.1
INFO:root:pcn_emd_debug_20221109T221655 train [8: 1500/1709]  loss_type: emd, fine_loss: 0.004771 total_loss: 0.005231 lr: 0.000100 alpha: 0.1
INFO:root:Saving net...
INFO:root:Testing...
INFO:root:Best cd_p net saved!
INFO:root:Best cd_t net saved!
INFO:root:Best f1 net saved!
INFO:root:curr_cd_p: 0.003120; curr_cd_t: 0.000052; curr_f1: 0.954575; 
INFO:root:best_cd_p: 0.003120 [epoch 8]; best_cd_t: 0.000052 [epoch 8]; best_f1: 0.954575 [epoch 8]; 
INFO:root:pcn_emd_debug_20221109T221655 train [9: 0/1709]  loss_type: emd, fine_loss: 0.004250 total_loss: 0.004651 lr: 0.000100 alpha: 0.1
INFO:root:pcn_emd_debug_20221109T221655 train [9: 500/1709]  loss_type: emd, fine_loss: 0.004266 total_loss: 0.004668 lr: 0.000100 alpha: 0.1
INFO:root:pcn_emd_debug_20221109T221655 train [9: 1000/1709]  loss_type: emd, fine_loss: 0.004076 total_loss: 0.004491 lr: 0.000100 alpha: 0.1
INFO:root:pcn_emd_debug_20221109T221655 train [9: 1500/1709]  loss_type: emd, fine_loss: 0.004153 total_loss: 0.004559 lr: 0.000100 alpha: 0.1
INFO:root:Saving net...
INFO:root:Testing...
INFO:root:Best cd_p net saved!
INFO:root:Best cd_t net saved!
INFO:root:Best f1 net saved!
INFO:root:curr_cd_p: 0.002893; curr_cd_t: 0.000046; curr_f1: 0.962087; 
INFO:root:best_cd_p: 0.002893 [epoch 9]; best_cd_t: 0.000046 [epoch 9]; best_f1: 0.962087 [epoch 9]; 
INFO:root:pcn_emd_debug_20221109T221655 train [10: 0/1709]  loss_type: emd, fine_loss: 0.004036 total_loss: 0.004414 lr: 0.000100 alpha: 0.1
INFO:root:pcn_emd_debug_20221109T221655 train [10: 500/1709]  loss_type: emd, fine_loss: 0.003868 total_loss: 0.004269 lr: 0.000100 alpha: 0.1
INFO:root:pcn_emd_debug_20221109T221655 train [10: 1000/1709]  loss_type: emd, fine_loss: 0.004042 total_loss: 0.004437 lr: 0.000100 alpha: 0.1
INFO:root:pcn_emd_debug_20221109T221655 train [10: 1500/1709]  loss_type: emd, fine_loss: 0.003679 total_loss: 0.003995 lr: 0.000100 alpha: 0.1
INFO:root:Saving net...
INFO:root:Testing...
INFO:root:Best cd_p net saved!
INFO:root:Best cd_t net saved!
INFO:root:Best f1 net saved!
INFO:root:curr_cd_p: 0.002747; curr_cd_t: 0.000042; curr_f1: 0.967667; 
INFO:root:best_cd_p: 0.002747 [epoch 10]; best_cd_t: 0.000042 [epoch 10]; best_f1: 0.967667 [epoch 10]; 
INFO:root:pcn_emd_debug_20221109T221655 train [11: 0/1709]  loss_type: emd, fine_loss: 0.003805 total_loss: 0.004195 lr: 0.000100 alpha: 0.1
INFO:root:pcn_emd_debug_20221109T221655 train [11: 500/1709]  loss_type: emd, fine_loss: 0.003957 total_loss: 0.004329 lr: 0.000100 alpha: 0.1
INFO:root:pcn_emd_debug_20221109T221655 train [11: 1000/1709]  loss_type: emd, fine_loss: 0.003720 total_loss: 0.004113 lr: 0.000100 alpha: 0.1
INFO:root:pcn_emd_debug_20221109T221655 train [11: 1500/1709]  loss_type: emd, fine_loss: 0.004021 total_loss: 0.004317 lr: 0.000100 alpha: 0.1
INFO:root:Saving net...
INFO:root:Testing...
INFO:root:Best cd_p net saved!
INFO:root:Best cd_t net saved!
INFO:root:Best f1 net saved!
INFO:root:curr_cd_p: 0.002678; curr_cd_t: 0.000039; curr_f1: 0.971906; 
INFO:root:best_cd_p: 0.002678 [epoch 11]; best_cd_t: 0.000039 [epoch 11]; best_f1: 0.971906 [epoch 11]; 
INFO:root:pcn_emd_debug_20221109T221655 train [12: 0/1709]  loss_type: emd, fine_loss: 0.003690 total_loss: 0.004041 lr: 0.000100 alpha: 0.1
INFO:root:pcn_emd_debug_20221109T221655 train [12: 500/1709]  loss_type: emd, fine_loss: 0.003948 total_loss: 0.004332 lr: 0.000100 alpha: 0.1
INFO:root:pcn_emd_debug_20221109T221655 train [12: 1000/1709]  loss_type: emd, fine_loss: 0.003700 total_loss: 0.004046 lr: 0.000100 alpha: 0.1
INFO:root:pcn_emd_debug_20221109T221655 train [12: 1500/1709]  loss_type: emd, fine_loss: 0.003613 total_loss: 0.003917 lr: 0.000100 alpha: 0.1
INFO:root:Saving net...
INFO:root:Testing...
INFO:root:Best cd_p net saved!
INFO:root:Best cd_t net saved!
INFO:root:Best f1 net saved!
INFO:root:curr_cd_p: 0.002516; curr_cd_t: 0.000036; curr_f1: 0.975089; 
INFO:root:best_cd_p: 0.002516 [epoch 12]; best_cd_t: 0.000036 [epoch 12]; best_f1: 0.975089 [epoch 12]; 
INFO:root:pcn_emd_debug_20221109T221655 train [13: 0/1709]  loss_type: emd, fine_loss: 0.003741 total_loss: 0.004107 lr: 0.000100 alpha: 0.1
INFO:root:pcn_emd_debug_20221109T221655 train [13: 500/1709]  loss_type: emd, fine_loss: 0.003421 total_loss: 0.003747 lr: 0.000100 alpha: 0.1
INFO:root:pcn_emd_debug_20221109T221655 train [13: 1000/1709]  loss_type: emd, fine_loss: 0.003405 total_loss: 0.003753 lr: 0.000100 alpha: 0.1
INFO:root:pcn_emd_debug_20221109T221655 train [13: 1500/1709]  loss_type: emd, fine_loss: 0.002973 total_loss: 0.003306 lr: 0.000100 alpha: 0.1
INFO:root:Saving net...
INFO:root:Testing...
INFO:root:Best cd_t net saved!
INFO:root:Best f1 net saved!
INFO:root:curr_cd_p: 0.002537; curr_cd_t: 0.000035; curr_f1: 0.977084; 
INFO:root:best_cd_p: 0.002516 [epoch 12]; best_cd_t: 0.000035 [epoch 13]; best_f1: 0.977084 [epoch 13]; 
INFO:root:pcn_emd_debug_20221109T221655 train [14: 0/1709]  loss_type: emd, fine_loss: 0.003729 total_loss: 0.004074 lr: 0.000100 alpha: 0.1
INFO:root:pcn_emd_debug_20221109T221655 train [14: 500/1709]  loss_type: emd, fine_loss: 0.003255 total_loss: 0.003593 lr: 0.000100 alpha: 0.1
INFO:root:pcn_emd_debug_20221109T221655 train [14: 1000/1709]  loss_type: emd, fine_loss: 0.003523 total_loss: 0.003872 lr: 0.000100 alpha: 0.1
INFO:root:pcn_emd_debug_20221109T221655 train [14: 1500/1709]  loss_type: emd, fine_loss: 0.003326 total_loss: 0.003680 lr: 0.000100 alpha: 0.1
INFO:root:Saving net...
INFO:root:Testing...
INFO:root:Best cd_p net saved!
INFO:root:Best cd_t net saved!
INFO:root:Best f1 net saved!
INFO:root:curr_cd_p: 0.002358; curr_cd_t: 0.000031; curr_f1: 0.979823; 
INFO:root:best_cd_p: 0.002358 [epoch 14]; best_cd_t: 0.000031 [epoch 14]; best_f1: 0.979823 [epoch 14]; 
INFO:root:pcn_emd_debug_20221109T221655 train [15: 0/1709]  loss_type: emd, fine_loss: 0.003225 total_loss: 0.004836 lr: 0.000100 alpha: 0.5
INFO:root:pcn_emd_debug_20221109T221655 train [15: 500/1709]  loss_type: emd, fine_loss: 0.003222 total_loss: 0.004821 lr: 0.000100 alpha: 0.5
INFO:root:pcn_emd_debug_20221109T221655 train [15: 1000/1709]  loss_type: emd, fine_loss: 0.003012 total_loss: 0.004526 lr: 0.000100 alpha: 0.5
INFO:root:pcn_emd_debug_20221109T221655 train [15: 1500/1709]  loss_type: emd, fine_loss: 0.003217 total_loss: 0.004812 lr: 0.000100 alpha: 0.5
INFO:root:Saving net...
INFO:root:Testing...
INFO:root:Best f1 net saved!
INFO:root:curr_cd_p: 0.002431; curr_cd_t: 0.000032; curr_f1: 0.980937; 
INFO:root:best_cd_p: 0.002358 [epoch 14]; best_cd_t: 0.000031 [epoch 14]; best_f1: 0.980937 [epoch 15]; 
INFO:root:pcn_emd_debug_20221109T221655 train [16: 0/1709]  loss_type: emd, fine_loss: 0.003449 total_loss: 0.005115 lr: 0.000100 alpha: 0.5
INFO:root:pcn_emd_debug_20221109T221655 train [16: 500/1709]  loss_type: emd, fine_loss: 0.003168 total_loss: 0.004720 lr: 0.000100 alpha: 0.5
INFO:root:pcn_emd_debug_20221109T221655 train [16: 1000/1709]  loss_type: emd, fine_loss: 0.003013 total_loss: 0.004533 lr: 0.000100 alpha: 0.5
INFO:root:pcn_emd_debug_20221109T221655 train [16: 1500/1709]  loss_type: emd, fine_loss: 0.003179 total_loss: 0.004772 lr: 0.000100 alpha: 0.5
INFO:root:Saving net...
INFO:root:Testing...
INFO:root:Best cd_p net saved!
INFO:root:Best cd_t net saved!
INFO:root:Best f1 net saved!
INFO:root:curr_cd_p: 0.002294; curr_cd_t: 0.000030; curr_f1: 0.982767; 
INFO:root:best_cd_p: 0.002294 [epoch 16]; best_cd_t: 0.000030 [epoch 16]; best_f1: 0.982767 [epoch 16]; 
INFO:root:pcn_emd_debug_20221109T221655 train [17: 0/1709]  loss_type: emd, fine_loss: 0.003021 total_loss: 0.004522 lr: 0.000100 alpha: 0.5
INFO:root:pcn_emd_debug_20221109T221655 train [17: 500/1709]  loss_type: emd, fine_loss: 0.003466 total_loss: 0.005187 lr: 0.000100 alpha: 0.5
INFO:root:pcn_emd_debug_20221109T221655 train [17: 1000/1709]  loss_type: emd, fine_loss: 0.002998 total_loss: 0.004510 lr: 0.000100 alpha: 0.5
INFO:root:pcn_emd_debug_20221109T221655 train [17: 1500/1709]  loss_type: emd, fine_loss: 0.003053 total_loss: 0.004596 lr: 0.000100 alpha: 0.5
INFO:root:Saving net...
INFO:root:Testing...
INFO:root:Best cd_p net saved!
INFO:root:Best cd_t net saved!
INFO:root:Best f1 net saved!
INFO:root:curr_cd_p: 0.002119; curr_cd_t: 0.000027; curr_f1: 0.984355; 
INFO:root:best_cd_p: 0.002119 [epoch 17]; best_cd_t: 0.000027 [epoch 17]; best_f1: 0.984355 [epoch 17]; 
INFO:root:pcn_emd_debug_20221109T221655 train [18: 0/1709]  loss_type: emd, fine_loss: 0.002764 total_loss: 0.004151 lr: 0.000100 alpha: 0.5
INFO:root:pcn_emd_debug_20221109T221655 train [18: 500/1709]  loss_type: emd, fine_loss: 0.002508 total_loss: 0.003761 lr: 0.000100 alpha: 0.5
INFO:root:pcn_emd_debug_20221109T221655 train [18: 1000/1709]  loss_type: emd, fine_loss: 0.002633 total_loss: 0.003939 lr: 0.000100 alpha: 0.5
INFO:root:pcn_emd_debug_20221109T221655 train [18: 1500/1709]  loss_type: emd, fine_loss: 0.002767 total_loss: 0.004127 lr: 0.000100 alpha: 0.5
INFO:root:Saving net...
INFO:root:Testing...
INFO:root:Best cd_p net saved!
INFO:root:Best cd_t net saved!
INFO:root:Best f1 net saved!
INFO:root:curr_cd_p: 0.002077; curr_cd_t: 0.000026; curr_f1: 0.985088; 
INFO:root:best_cd_p: 0.002077 [epoch 18]; best_cd_t: 0.000026 [epoch 18]; best_f1: 0.985088 [epoch 18]; 
INFO:root:pcn_emd_debug_20221109T221655 train [19: 0/1709]  loss_type: emd, fine_loss: 0.002918 total_loss: 0.004407 lr: 0.000100 alpha: 0.5
INFO:root:pcn_emd_debug_20221109T221655 train [19: 500/1709]  loss_type: emd, fine_loss: 0.003139 total_loss: 0.004645 lr: 0.000100 alpha: 0.5
INFO:root:pcn_emd_debug_20221109T221655 train [19: 1000/1709]  loss_type: emd, fine_loss: 0.002764 total_loss: 0.004151 lr: 0.000100 alpha: 0.5
INFO:root:pcn_emd_debug_20221109T221655 train [19: 1500/1709]  loss_type: emd, fine_loss: 0.002784 total_loss: 0.004182 lr: 0.000100 alpha: 0.5
INFO:root:Saving net...
INFO:root:Testing...
INFO:root:Best f1 net saved!
INFO:root:curr_cd_p: 0.002125; curr_cd_t: 0.000027; curr_f1: 0.985514; 
INFO:root:best_cd_p: 0.002077 [epoch 18]; best_cd_t: 0.000026 [epoch 18]; best_f1: 0.985514 [epoch 19]; 
INFO:root:pcn_emd_debug_20221109T221655 train [20: 0/1709]  loss_type: emd, fine_loss: 0.002930 total_loss: 0.004401 lr: 0.000100 alpha: 0.5
INFO:root:pcn_emd_debug_20221109T221655 train [20: 500/1709]  loss_type: emd, fine_loss: 0.002926 total_loss: 0.004407 lr: 0.000100 alpha: 0.5
INFO:root:pcn_emd_debug_20221109T221655 train [20: 1000/1709]  loss_type: emd, fine_loss: 0.002843 total_loss: 0.004298 lr: 0.000100 alpha: 0.5
INFO:root:pcn_emd_debug_20221109T221655 train [20: 1500/1709]  loss_type: emd, fine_loss: 0.002948 total_loss: 0.004386 lr: 0.000100 alpha: 0.5
INFO:root:Saving net...
INFO:root:Testing...
INFO:root:Best f1 net saved!
INFO:root:curr_cd_p: 0.002181; curr_cd_t: 0.000027; curr_f1: 0.985603; 
INFO:root:best_cd_p: 0.002077 [epoch 18]; best_cd_t: 0.000026 [epoch 18]; best_f1: 0.985603 [epoch 20]; 
INFO:root:pcn_emd_debug_20221109T221655 train [21: 0/1709]  loss_type: emd, fine_loss: 0.002895 total_loss: 0.004321 lr: 0.000100 alpha: 0.5
INFO:root:pcn_emd_debug_20221109T221655 train [21: 500/1709]  loss_type: emd, fine_loss: 0.002889 total_loss: 0.004334 lr: 0.000100 alpha: 0.5
INFO:root:pcn_emd_debug_20221109T221655 train [21: 1000/1709]  loss_type: emd, fine_loss: 0.002696 total_loss: 0.004048 lr: 0.000100 alpha: 0.5
INFO:root:pcn_emd_debug_20221109T221655 train [21: 1500/1709]  loss_type: emd, fine_loss: 0.002904 total_loss: 0.004382 lr: 0.000100 alpha: 0.5
INFO:root:Saving net...
INFO:root:Testing...
INFO:root:Best cd_p net saved!
INFO:root:Best cd_t net saved!
INFO:root:Best f1 net saved!
INFO:root:curr_cd_p: 0.001981; curr_cd_t: 0.000025; curr_f1: 0.986781; 
INFO:root:best_cd_p: 0.001981 [epoch 21]; best_cd_t: 0.000025 [epoch 21]; best_f1: 0.986781 [epoch 21]; 
INFO:root:pcn_emd_debug_20221109T221655 train [22: 0/1709]  loss_type: emd, fine_loss: 0.002575 total_loss: 0.003870 lr: 0.000100 alpha: 0.5
INFO:root:pcn_emd_debug_20221109T221655 train [22: 500/1709]  loss_type: emd, fine_loss: 0.002675 total_loss: 0.004025 lr: 0.000100 alpha: 0.5
INFO:root:pcn_emd_debug_20221109T221655 train [22: 1000/1709]  loss_type: emd, fine_loss: 0.002621 total_loss: 0.003942 lr: 0.000100 alpha: 0.5
INFO:root:pcn_emd_debug_20221109T221655 train [22: 1500/1709]  loss_type: emd, fine_loss: 0.002580 total_loss: 0.003912 lr: 0.000100 alpha: 0.5
INFO:root:Saving net...
INFO:root:Testing...
INFO:root:Best cd_t net saved!
INFO:root:Best f1 net saved!
INFO:root:curr_cd_p: 0.001999; curr_cd_t: 0.000025; curr_f1: 0.987112; 
INFO:root:best_cd_p: 0.001981 [epoch 21]; best_cd_t: 0.000025 [epoch 22]; best_f1: 0.987112 [epoch 22]; 
INFO:root:pcn_emd_debug_20221109T221655 train [23: 0/1709]  loss_type: emd, fine_loss: 0.002824 total_loss: 0.004260 lr: 0.000100 alpha: 0.5
INFO:root:pcn_emd_debug_20221109T221655 train [23: 500/1709]  loss_type: emd, fine_loss: 0.002713 total_loss: 0.004092 lr: 0.000100 alpha: 0.5
INFO:root:pcn_emd_debug_20221109T221655 train [23: 1000/1709]  loss_type: emd, fine_loss: 0.002773 total_loss: 0.004147 lr: 0.000100 alpha: 0.5
INFO:root:pcn_emd_debug_20221109T221655 train [23: 1500/1709]  loss_type: emd, fine_loss: 0.002614 total_loss: 0.003915 lr: 0.000100 alpha: 0.5
INFO:root:Saving net...
INFO:root:Testing...
INFO:root:Best cd_p net saved!
INFO:root:Best cd_t net saved!
INFO:root:Best f1 net saved!
INFO:root:curr_cd_p: 0.001903; curr_cd_t: 0.000024; curr_f1: 0.987116; 
INFO:root:best_cd_p: 0.001903 [epoch 23]; best_cd_t: 0.000024 [epoch 23]; best_f1: 0.987116 [epoch 23]; 
INFO:root:pcn_emd_debug_20221109T221655 train [24: 0/1709]  loss_type: emd, fine_loss: 0.002563 total_loss: 0.003846 lr: 0.000100 alpha: 0.5
INFO:root:pcn_emd_debug_20221109T221655 train [24: 500/1709]  loss_type: emd, fine_loss: 0.002514 total_loss: 0.003754 lr: 0.000100 alpha: 0.5
INFO:root:pcn_emd_debug_20221109T221655 train [24: 1000/1709]  loss_type: emd, fine_loss: 0.002673 total_loss: 0.004009 lr: 0.000100 alpha: 0.5
INFO:root:pcn_emd_debug_20221109T221655 train [24: 1500/1709]  loss_type: emd, fine_loss: 0.002424 total_loss: 0.003649 lr: 0.000100 alpha: 0.5
INFO:root:Saving net...
INFO:root:Testing...
INFO:root:Best cd_p net saved!
INFO:root:Best cd_t net saved!
INFO:root:Best f1 net saved!
INFO:root:curr_cd_p: 0.001879; curr_cd_t: 0.000023; curr_f1: 0.987610; 
INFO:root:best_cd_p: 0.001879 [epoch 24]; best_cd_t: 0.000023 [epoch 24]; best_f1: 0.987610 [epoch 24]; 
INFO:root:pcn_emd_debug_20221109T221655 train [25: 0/1709]  loss_type: emd, fine_loss: 0.002451 total_loss: 0.003697 lr: 0.000100 alpha: 0.5
INFO:root:pcn_emd_debug_20221109T221655 train [25: 500/1709]  loss_type: emd, fine_loss: 0.002483 total_loss: 0.003758 lr: 0.000100 alpha: 0.5
INFO:root:pcn_emd_debug_20221109T221655 train [25: 1000/1709]  loss_type: emd, fine_loss: 0.002520 total_loss: 0.003785 lr: 0.000100 alpha: 0.5
INFO:root:pcn_emd_debug_20221109T221655 train [25: 1500/1709]  loss_type: emd, fine_loss: 0.002730 total_loss: 0.004056 lr: 0.000100 alpha: 0.5
INFO:root:Saving net...
INFO:root:Testing...
INFO:root:Best cd_t net saved!
INFO:root:Best f1 net saved!
INFO:root:curr_cd_p: 0.001879; curr_cd_t: 0.000023; curr_f1: 0.988052; 
INFO:root:best_cd_p: 0.001879 [epoch 24]; best_cd_t: 0.000023 [epoch 25]; best_f1: 0.988052 [epoch 25]; 
INFO:root:pcn_emd_debug_20221109T221655 train [26: 0/1709]  loss_type: emd, fine_loss: 0.002434 total_loss: 0.003658 lr: 0.000100 alpha: 0.5
INFO:root:pcn_emd_debug_20221109T221655 train [26: 500/1709]  loss_type: emd, fine_loss: 0.002319 total_loss: 0.003495 lr: 0.000100 alpha: 0.5
INFO:root:pcn_emd_debug_20221109T221655 train [26: 1000/1709]  loss_type: emd, fine_loss: 0.002401 total_loss: 0.003613 lr: 0.000100 alpha: 0.5
INFO:root:pcn_emd_debug_20221109T221655 train [26: 1500/1709]  loss_type: emd, fine_loss: 0.002570 total_loss: 0.003854 lr: 0.000100 alpha: 0.5
INFO:root:Saving net...
INFO:root:Testing...
INFO:root:Best f1 net saved!
INFO:root:curr_cd_p: 0.001897; curr_cd_t: 0.000023; curr_f1: 0.988187; 
INFO:root:best_cd_p: 0.001879 [epoch 24]; best_cd_t: 0.000023 [epoch 25]; best_f1: 0.988187 [epoch 26]; 
INFO:root:pcn_emd_debug_20221109T221655 train [27: 0/1709]  loss_type: emd, fine_loss: 0.002616 total_loss: 0.003940 lr: 0.000100 alpha: 0.5
INFO:root:pcn_emd_debug_20221109T221655 train [27: 500/1709]  loss_type: emd, fine_loss: 0.002415 total_loss: 0.003642 lr: 0.000100 alpha: 0.5
INFO:root:pcn_emd_debug_20221109T221655 train [27: 1000/1709]  loss_type: emd, fine_loss: 0.002434 total_loss: 0.003629 lr: 0.000100 alpha: 0.5
INFO:root:pcn_emd_debug_20221109T221655 train [27: 1500/1709]  loss_type: emd, fine_loss: 0.002587 total_loss: 0.003851 lr: 0.000100 alpha: 0.5
INFO:root:Saving net...
INFO:root:Testing...
INFO:root:Best cd_p net saved!
INFO:root:Best cd_t net saved!
INFO:root:Best f1 net saved!
INFO:root:curr_cd_p: 0.001868; curr_cd_t: 0.000023; curr_f1: 0.988271; 
INFO:root:best_cd_p: 0.001868 [epoch 27]; best_cd_t: 0.000023 [epoch 27]; best_f1: 0.988271 [epoch 27]; 
INFO:root:pcn_emd_debug_20221109T221655 train [28: 0/1709]  loss_type: emd, fine_loss: 0.002592 total_loss: 0.003894 lr: 0.000100 alpha: 0.5
INFO:root:pcn_emd_debug_20221109T221655 train [28: 500/1709]  loss_type: emd, fine_loss: 0.002305 total_loss: 0.003465 lr: 0.000100 alpha: 0.5
INFO:root:pcn_emd_debug_20221109T221655 train [28: 1000/1709]  loss_type: emd, fine_loss: 0.002406 total_loss: 0.003615 lr: 0.000100 alpha: 0.5
INFO:root:pcn_emd_debug_20221109T221655 train [28: 1500/1709]  loss_type: emd, fine_loss: 0.002544 total_loss: 0.003833 lr: 0.000100 alpha: 0.5
INFO:root:Saving net...
INFO:root:Testing...
INFO:root:Best cd_p net saved!
INFO:root:Best cd_t net saved!
INFO:root:Best f1 net saved!
INFO:root:curr_cd_p: 0.001825; curr_cd_t: 0.000023; curr_f1: 0.988437; 
INFO:root:best_cd_p: 0.001825 [epoch 28]; best_cd_t: 0.000023 [epoch 28]; best_f1: 0.988437 [epoch 28]; 
INFO:root:pcn_emd_debug_20221109T221655 train [29: 0/1709]  loss_type: emd, fine_loss: 0.002436 total_loss: 0.003653 lr: 0.000100 alpha: 0.5
INFO:root:pcn_emd_debug_20221109T221655 train [29: 500/1709]  loss_type: emd, fine_loss: 0.002595 total_loss: 0.003891 lr: 0.000100 alpha: 0.5
INFO:root:pcn_emd_debug_20221109T221655 train [29: 1000/1709]  loss_type: emd, fine_loss: 0.002609 total_loss: 0.003911 lr: 0.000100 alpha: 0.5
INFO:root:pcn_emd_debug_20221109T221655 train [29: 1500/1709]  loss_type: emd, fine_loss: 0.002357 total_loss: 0.003535 lr: 0.000100 alpha: 0.5
INFO:root:Saving net...
INFO:root:Testing...
INFO:root:curr_cd_p: 0.001864; curr_cd_t: 0.000023; curr_f1: 0.988263; 
INFO:root:best_cd_p: 0.001825 [epoch 28]; best_cd_t: 0.000023 [epoch 28]; best_f1: 0.988437 [epoch 28]; 
INFO:root:pcn_emd_debug_20221109T221655 train [30: 0/1709]  loss_type: emd, fine_loss: 0.002409 total_loss: 0.004808 lr: 0.000100 alpha: 1.0
INFO:root:pcn_emd_debug_20221109T221655 train [30: 500/1709]  loss_type: emd, fine_loss: 0.002503 total_loss: 0.004965 lr: 0.000100 alpha: 1.0
INFO:root:pcn_emd_debug_20221109T221655 train [30: 1000/1709]  loss_type: emd, fine_loss: 0.002309 total_loss: 0.004612 lr: 0.000100 alpha: 1.0
INFO:root:pcn_emd_debug_20221109T221655 train [30: 1500/1709]  loss_type: emd, fine_loss: 0.002513 total_loss: 0.005035 lr: 0.000100 alpha: 1.0
INFO:root:Saving net...
INFO:root:Testing...
INFO:root:Best cd_p net saved!
INFO:root:Best cd_t net saved!
INFO:root:Best f1 net saved!
INFO:root:curr_cd_p: 0.001787; curr_cd_t: 0.000022; curr_f1: 0.988578; 
INFO:root:best_cd_p: 0.001787 [epoch 30]; best_cd_t: 0.000022 [epoch 30]; best_f1: 0.988578 [epoch 30]; 
INFO:root:pcn_emd_debug_20221109T221655 train [31: 0/1709]  loss_type: emd, fine_loss: 0.002288 total_loss: 0.004600 lr: 0.000100 alpha: 1.0
INFO:root:pcn_emd_debug_20221109T221655 train [31: 500/1709]  loss_type: emd, fine_loss: 0.002540 total_loss: 0.005073 lr: 0.000100 alpha: 1.0
INFO:root:pcn_emd_debug_20221109T221655 train [31: 1000/1709]  loss_type: emd, fine_loss: 0.002279 total_loss: 0.004550 lr: 0.000100 alpha: 1.0
INFO:root:pcn_emd_debug_20221109T221655 train [31: 1500/1709]  loss_type: emd, fine_loss: 0.002356 total_loss: 0.004706 lr: 0.000100 alpha: 1.0
INFO:root:Saving net...
INFO:root:Testing...
INFO:root:Best f1 net saved!
INFO:root:curr_cd_p: 0.001824; curr_cd_t: 0.000022; curr_f1: 0.988764; 
INFO:root:best_cd_p: 0.001787 [epoch 30]; best_cd_t: 0.000022 [epoch 30]; best_f1: 0.988764 [epoch 31]; 
INFO:root:pcn_emd_debug_20221109T221655 train [32: 0/1709]  loss_type: emd, fine_loss: 0.002418 total_loss: 0.004833 lr: 0.000100 alpha: 1.0
INFO:root:pcn_emd_debug_20221109T221655 train [32: 500/1709]  loss_type: emd, fine_loss: 0.002168 total_loss: 0.004355 lr: 0.000100 alpha: 1.0
INFO:root:pcn_emd_debug_20221109T221655 train [32: 1000/1709]  loss_type: emd, fine_loss: 0.002461 total_loss: 0.004923 lr: 0.000100 alpha: 1.0
INFO:root:pcn_emd_debug_20221109T221655 train [32: 1500/1709]  loss_type: emd, fine_loss: 0.002393 total_loss: 0.004802 lr: 0.000100 alpha: 1.0
INFO:root:Saving net...
INFO:root:Testing...
INFO:root:Best cd_p net saved!
INFO:root:Best cd_t net saved!
INFO:root:Best f1 net saved!
INFO:root:curr_cd_p: 0.001779; curr_cd_t: 0.000022; curr_f1: 0.988891; 
INFO:root:best_cd_p: 0.001779 [epoch 32]; best_cd_t: 0.000022 [epoch 32]; best_f1: 0.988891 [epoch 32]; 
INFO:root:pcn_emd_debug_20221109T221655 train [33: 0/1709]  loss_type: emd, fine_loss: 0.002232 total_loss: 0.004496 lr: 0.000100 alpha: 1.0
INFO:root:pcn_emd_debug_20221109T221655 train [33: 500/1709]  loss_type: emd, fine_loss: 0.002151 total_loss: 0.004317 lr: 0.000100 alpha: 1.0
INFO:root:pcn_emd_debug_20221109T221655 train [33: 1000/1709]  loss_type: emd, fine_loss: 0.002235 total_loss: 0.004476 lr: 0.000100 alpha: 1.0
INFO:root:pcn_emd_debug_20221109T221655 train [33: 1500/1709]  loss_type: emd, fine_loss: 0.002415 total_loss: 0.004867 lr: 0.000100 alpha: 1.0
INFO:root:Saving net...
INFO:root:Testing...
INFO:root:Best cd_p net saved!
INFO:root:Best cd_t net saved!
INFO:root:Best f1 net saved!
INFO:root:curr_cd_p: 0.001757; curr_cd_t: 0.000022; curr_f1: 0.988919; 
INFO:root:best_cd_p: 0.001757 [epoch 33]; best_cd_t: 0.000022 [epoch 33]; best_f1: 0.988919 [epoch 33]; 
INFO:root:pcn_emd_debug_20221109T221655 train [34: 0/1709]  loss_type: emd, fine_loss: 0.002197 total_loss: 0.004416 lr: 0.000100 alpha: 1.0
INFO:root:pcn_emd_debug_20221109T221655 train [34: 500/1709]  loss_type: emd, fine_loss: 0.002303 total_loss: 0.004631 lr: 0.000100 alpha: 1.0
INFO:root:pcn_emd_debug_20221109T221655 train [34: 1000/1709]  loss_type: emd, fine_loss: 0.002263 total_loss: 0.004543 lr: 0.000100 alpha: 1.0
INFO:root:pcn_emd_debug_20221109T221655 train [34: 1500/1709]  loss_type: emd, fine_loss: 0.002226 total_loss: 0.004458 lr: 0.000100 alpha: 1.0
INFO:root:Saving net...
INFO:root:Testing...
INFO:root:curr_cd_p: 0.001799; curr_cd_t: 0.000022; curr_f1: 0.988827; 
INFO:root:best_cd_p: 0.001757 [epoch 33]; best_cd_t: 0.000022 [epoch 33]; best_f1: 0.988919 [epoch 33]; 
INFO:root:pcn_emd_debug_20221109T221655 train [35: 0/1709]  loss_type: emd, fine_loss: 0.002330 total_loss: 0.004650 lr: 0.000100 alpha: 1.0
INFO:root:pcn_emd_debug_20221109T221655 train [35: 500/1709]  loss_type: emd, fine_loss: 0.002306 total_loss: 0.004621 lr: 0.000100 alpha: 1.0
INFO:root:pcn_emd_debug_20221109T221655 train [35: 1000/1709]  loss_type: emd, fine_loss: 0.002325 total_loss: 0.004657 lr: 0.000100 alpha: 1.0
INFO:root:pcn_emd_debug_20221109T221655 train [35: 1500/1709]  loss_type: emd, fine_loss: 0.002199 total_loss: 0.004411 lr: 0.000100 alpha: 1.0
INFO:root:Saving net...
INFO:root:Testing...
INFO:root:Best cd_p net saved!
INFO:root:Best cd_t net saved!
INFO:root:Best f1 net saved!
INFO:root:curr_cd_p: 0.001749; curr_cd_t: 0.000021; curr_f1: 0.989091; 
INFO:root:best_cd_p: 0.001749 [epoch 35]; best_cd_t: 0.000021 [epoch 35]; best_f1: 0.989091 [epoch 35]; 
INFO:root:pcn_emd_debug_20221109T221655 train [36: 0/1709]  loss_type: emd, fine_loss: 0.002208 total_loss: 0.004438 lr: 0.000100 alpha: 1.0
INFO:root:pcn_emd_debug_20221109T221655 train [36: 500/1709]  loss_type: emd, fine_loss: 0.002205 total_loss: 0.004428 lr: 0.000100 alpha: 1.0
INFO:root:pcn_emd_debug_20221109T221655 train [36: 1000/1709]  loss_type: emd, fine_loss: 0.002268 total_loss: 0.004520 lr: 0.000100 alpha: 1.0
INFO:root:pcn_emd_debug_20221109T221655 train [36: 1500/1709]  loss_type: emd, fine_loss: 0.002268 total_loss: 0.004551 lr: 0.000100 alpha: 1.0
INFO:root:Saving net...
INFO:root:Testing...
INFO:root:curr_cd_p: 0.001771; curr_cd_t: 0.000022; curr_f1: 0.988869; 
INFO:root:best_cd_p: 0.001749 [epoch 35]; best_cd_t: 0.000021 [epoch 35]; best_f1: 0.989091 [epoch 35]; 
INFO:root:pcn_emd_debug_20221109T221655 train [37: 0/1709]  loss_type: emd, fine_loss: 0.002213 total_loss: 0.004437 lr: 0.000100 alpha: 1.0
INFO:root:pcn_emd_debug_20221109T221655 train [37: 500/1709]  loss_type: emd, fine_loss: 0.002339 total_loss: 0.004668 lr: 0.000100 alpha: 1.0
INFO:root:pcn_emd_debug_20221109T221655 train [37: 1000/1709]  loss_type: emd, fine_loss: 0.002261 total_loss: 0.004534 lr: 0.000100 alpha: 1.0
INFO:root:pcn_emd_debug_20221109T221655 train [37: 1500/1709]  loss_type: emd, fine_loss: 0.002313 total_loss: 0.004640 lr: 0.000100 alpha: 1.0
INFO:root:Saving net...
INFO:root:Testing...
INFO:root:Best cd_t net saved!
INFO:root:Best f1 net saved!
INFO:root:curr_cd_p: 0.001750; curr_cd_t: 0.000021; curr_f1: 0.989291; 
INFO:root:best_cd_p: 0.001749 [epoch 35]; best_cd_t: 0.000021 [epoch 37]; best_f1: 0.989291 [epoch 37]; 
INFO:root:pcn_emd_debug_20221109T221655 train [38: 0/1709]  loss_type: emd, fine_loss: 0.002264 total_loss: 0.004523 lr: 0.000100 alpha: 1.0
INFO:root:pcn_emd_debug_20221109T221655 train [38: 500/1709]  loss_type: emd, fine_loss: 0.002203 total_loss: 0.004420 lr: 0.000100 alpha: 1.0
INFO:root:pcn_emd_debug_20221109T221655 train [38: 1000/1709]  loss_type: emd, fine_loss: 0.002134 total_loss: 0.004291 lr: 0.000100 alpha: 1.0
INFO:root:pcn_emd_debug_20221109T221655 train [38: 1500/1709]  loss_type: emd, fine_loss: 0.002223 total_loss: 0.004434 lr: 0.000100 alpha: 1.0
INFO:root:Saving net...
INFO:root:Testing...
INFO:root:Best cd_p net saved!
INFO:root:Best cd_t net saved!
INFO:root:Best f1 net saved!
INFO:root:curr_cd_p: 0.001693; curr_cd_t: 0.000021; curr_f1: 0.989380; 
INFO:root:best_cd_p: 0.001693 [epoch 38]; best_cd_t: 0.000021 [epoch 38]; best_f1: 0.989380 [epoch 38]; 
INFO:root:pcn_emd_debug_20221109T221655 train [39: 0/1709]  loss_type: emd, fine_loss: 0.002089 total_loss: 0.004193 lr: 0.000100 alpha: 1.0
INFO:root:pcn_emd_debug_20221109T221655 train [39: 500/1709]  loss_type: emd, fine_loss: 0.002203 total_loss: 0.004417 lr: 0.000100 alpha: 1.0
INFO:root:pcn_emd_debug_20221109T221655 train [39: 1000/1709]  loss_type: emd, fine_loss: 0.002276 total_loss: 0.004562 lr: 0.000100 alpha: 1.0
INFO:root:pcn_emd_debug_20221109T221655 train [39: 1500/1709]  loss_type: emd, fine_loss: 0.002202 total_loss: 0.004408 lr: 0.000100 alpha: 1.0
INFO:root:Saving net...
INFO:root:Testing...
INFO:root:curr_cd_p: 0.001813; curr_cd_t: 0.000022; curr_f1: 0.989336; 
INFO:root:best_cd_p: 0.001693 [epoch 38]; best_cd_t: 0.000021 [epoch 38]; best_f1: 0.989380 [epoch 38]; 
INFO:root:pcn_emd_debug_20221109T221655 train [40: 0/1709]  loss_type: emd, fine_loss: 0.002453 total_loss: 0.004880 lr: 0.000070 alpha: 1.0
INFO:root:pcn_emd_debug_20221109T221655 train [40: 500/1709]  loss_type: emd, fine_loss: 0.002100 total_loss: 0.004233 lr: 0.000070 alpha: 1.0
INFO:root:pcn_emd_debug_20221109T221655 train [40: 1000/1709]  loss_type: emd, fine_loss: 0.002050 total_loss: 0.004126 lr: 0.000070 alpha: 1.0
INFO:root:pcn_emd_debug_20221109T221655 train [40: 1500/1709]  loss_type: emd, fine_loss: 0.002047 total_loss: 0.004115 lr: 0.000070 alpha: 1.0
INFO:root:Saving net...
INFO:root:Testing...
INFO:root:Best f1 net saved!
INFO:root:curr_cd_p: 0.001721; curr_cd_t: 0.000021; curr_f1: 0.989435; 
INFO:root:best_cd_p: 0.001693 [epoch 38]; best_cd_t: 0.000021 [epoch 38]; best_f1: 0.989435 [epoch 40]; 
INFO:root:pcn_emd_debug_20221109T221655 train [41: 0/1709]  loss_type: emd, fine_loss: 0.002182 total_loss: 0.004368 lr: 0.000070 alpha: 1.0
INFO:root:pcn_emd_debug_20221109T221655 train [41: 500/1709]  loss_type: emd, fine_loss: 0.002166 total_loss: 0.004321 lr: 0.000070 alpha: 1.0
INFO:root:pcn_emd_debug_20221109T221655 train [41: 1000/1709]  loss_type: emd, fine_loss: 0.001994 total_loss: 0.004010 lr: 0.000070 alpha: 1.0
INFO:root:pcn_emd_debug_20221109T221655 train [41: 1500/1709]  loss_type: emd, fine_loss: 0.002064 total_loss: 0.004154 lr: 0.000070 alpha: 1.0
INFO:root:Saving net...
INFO:root:Testing...
INFO:root:Best cd_p net saved!
INFO:root:Best cd_t net saved!
INFO:root:Best f1 net saved!
INFO:root:curr_cd_p: 0.001682; curr_cd_t: 0.000020; curr_f1: 0.989545; 
INFO:root:best_cd_p: 0.001682 [epoch 41]; best_cd_t: 0.000020 [epoch 41]; best_f1: 0.989545 [epoch 41]; 
INFO:root:pcn_emd_debug_20221109T221655 train [42: 0/1709]  loss_type: emd, fine_loss: 0.002039 total_loss: 0.004080 lr: 0.000070 alpha: 1.0
INFO:root:pcn_emd_debug_20221109T221655 train [42: 500/1709]  loss_type: emd, fine_loss: 0.002045 total_loss: 0.004096 lr: 0.000070 alpha: 1.0
INFO:root:pcn_emd_debug_20221109T221655 train [42: 1000/1709]  loss_type: emd, fine_loss: 0.002123 total_loss: 0.004267 lr: 0.000070 alpha: 1.0
INFO:root:pcn_emd_debug_20221109T221655 train [42: 1500/1709]  loss_type: emd, fine_loss: 0.001959 total_loss: 0.003946 lr: 0.000070 alpha: 1.0
INFO:root:Saving net...
INFO:root:Testing...
INFO:root:curr_cd_p: 0.001693; curr_cd_t: 0.000021; curr_f1: 0.988968; 
INFO:root:best_cd_p: 0.001682 [epoch 41]; best_cd_t: 0.000020 [epoch 41]; best_f1: 0.989545 [epoch 41]; 
INFO:root:pcn_emd_debug_20221109T221655 train [43: 0/1709]  loss_type: emd, fine_loss: 0.002105 total_loss: 0.004250 lr: 0.000070 alpha: 1.0
INFO:root:pcn_emd_debug_20221109T221655 train [43: 500/1709]  loss_type: emd, fine_loss: 0.002045 total_loss: 0.004108 lr: 0.000070 alpha: 1.0
INFO:root:pcn_emd_debug_20221109T221655 train [43: 1000/1709]  loss_type: emd, fine_loss: 0.002097 total_loss: 0.004194 lr: 0.000070 alpha: 1.0
INFO:root:pcn_emd_debug_20221109T221655 train [43: 1500/1709]  loss_type: emd, fine_loss: 0.001961 total_loss: 0.003943 lr: 0.000070 alpha: 1.0
INFO:root:Saving net...
INFO:root:Testing...
INFO:root:Best cd_p net saved!
INFO:root:Best cd_t net saved!
INFO:root:curr_cd_p: 0.001651; curr_cd_t: 0.000020; curr_f1: 0.989296; 
INFO:root:best_cd_p: 0.001651 [epoch 43]; best_cd_t: 0.000020 [epoch 43]; best_f1: 0.989545 [epoch 41]; 
INFO:root:pcn_emd_debug_20221109T221655 train [44: 0/1709]  loss_type: emd, fine_loss: 0.001942 total_loss: 0.003899 lr: 0.000070 alpha: 1.0
INFO:root:pcn_emd_debug_20221109T221655 train [44: 500/1709]  loss_type: emd, fine_loss: 0.001978 total_loss: 0.003979 lr: 0.000070 alpha: 1.0
INFO:root:pcn_emd_debug_20221109T221655 train [44: 1000/1709]  loss_type: emd, fine_loss: 0.002213 total_loss: 0.004411 lr: 0.000070 alpha: 1.0
INFO:root:pcn_emd_debug_20221109T221655 train [44: 1500/1709]  loss_type: emd, fine_loss: 0.001936 total_loss: 0.003895 lr: 0.000070 alpha: 1.0
INFO:root:Saving net...
INFO:root:Testing...
INFO:root:curr_cd_p: 0.001696; curr_cd_t: 0.000020; curr_f1: 0.989447; 
INFO:root:best_cd_p: 0.001651 [epoch 43]; best_cd_t: 0.000020 [epoch 43]; best_f1: 0.989545 [epoch 41]; 
INFO:root:pcn_emd_debug_20221109T221655 train [45: 0/1709]  loss_type: emd, fine_loss: 0.002035 total_loss: 0.004079 lr: 0.000070 alpha: 1.0
INFO:root:pcn_emd_debug_20221109T221655 train [45: 500/1709]  loss_type: emd, fine_loss: 0.002168 total_loss: 0.004363 lr: 0.000070 alpha: 1.0
INFO:root:pcn_emd_debug_20221109T221655 train [45: 1000/1709]  loss_type: emd, fine_loss: 0.002072 total_loss: 0.004160 lr: 0.000070 alpha: 1.0
INFO:root:pcn_emd_debug_20221109T221655 train [45: 1500/1709]  loss_type: emd, fine_loss: 0.002072 total_loss: 0.004161 lr: 0.000070 alpha: 1.0
INFO:root:Saving net...
INFO:root:Testing...
INFO:root:Best cd_t net saved!
INFO:root:curr_cd_p: 0.001659; curr_cd_t: 0.000020; curr_f1: 0.989483; 
INFO:root:best_cd_p: 0.001651 [epoch 43]; best_cd_t: 0.000020 [epoch 45]; best_f1: 0.989545 [epoch 41]; 
INFO:root:pcn_emd_debug_20221109T221655 train [46: 0/1709]  loss_type: emd, fine_loss: 0.002045 total_loss: 0.004106 lr: 0.000070 alpha: 1.0
INFO:root:pcn_emd_debug_20221109T221655 train [46: 500/1709]  loss_type: emd, fine_loss: 0.002039 total_loss: 0.004117 lr: 0.000070 alpha: 1.0
INFO:root:pcn_emd_debug_20221109T221655 train [46: 1000/1709]  loss_type: emd, fine_loss: 0.001945 total_loss: 0.003903 lr: 0.000070 alpha: 1.0
INFO:root:pcn_emd_debug_20221109T221655 train [46: 1500/1709]  loss_type: emd, fine_loss: 0.002091 total_loss: 0.004180 lr: 0.000070 alpha: 1.0
INFO:root:Saving net...
INFO:root:Testing...
INFO:root:Best cd_p net saved!
INFO:root:Best cd_t net saved!
INFO:root:curr_cd_p: 0.001646; curr_cd_t: 0.000020; curr_f1: 0.989448; 
INFO:root:best_cd_p: 0.001646 [epoch 46]; best_cd_t: 0.000020 [epoch 46]; best_f1: 0.989545 [epoch 41]; 
INFO:root:pcn_emd_debug_20221109T221655 train [47: 0/1709]  loss_type: emd, fine_loss: 0.001959 total_loss: 0.003941 lr: 0.000070 alpha: 1.0
INFO:root:pcn_emd_debug_20221109T221655 train [47: 500/1709]  loss_type: emd, fine_loss: 0.001940 total_loss: 0.003904 lr: 0.000070 alpha: 1.0
INFO:root:pcn_emd_debug_20221109T221655 train [47: 1000/1709]  loss_type: emd, fine_loss: 0.002029 total_loss: 0.004073 lr: 0.000070 alpha: 1.0
INFO:root:pcn_emd_debug_20221109T221655 train [47: 1500/1709]  loss_type: emd, fine_loss: 0.002143 total_loss: 0.004321 lr: 0.000070 alpha: 1.0
INFO:root:Saving net...
INFO:root:Testing...
INFO:root:Best cd_p net saved!
INFO:root:Best cd_t net saved!
INFO:root:curr_cd_p: 0.001639; curr_cd_t: 0.000020; curr_f1: 0.989479; 
INFO:root:best_cd_p: 0.001639 [epoch 47]; best_cd_t: 0.000020 [epoch 47]; best_f1: 0.989545 [epoch 41]; 
INFO:root:pcn_emd_debug_20221109T221655 train [48: 0/1709]  loss_type: emd, fine_loss: 0.001930 total_loss: 0.003902 lr: 0.000070 alpha: 1.0
INFO:root:pcn_emd_debug_20221109T221655 train [48: 500/1709]  loss_type: emd, fine_loss: 0.002004 total_loss: 0.004002 lr: 0.000070 alpha: 1.0
INFO:root:pcn_emd_debug_20221109T221655 train [48: 1000/1709]  loss_type: emd, fine_loss: 0.002070 total_loss: 0.004139 lr: 0.000070 alpha: 1.0
INFO:root:pcn_emd_debug_20221109T221655 train [48: 1500/1709]  loss_type: emd, fine_loss: 0.001993 total_loss: 0.003985 lr: 0.000070 alpha: 1.0
INFO:root:Saving net...
INFO:root:Testing...
INFO:root:Best cd_p net saved!
INFO:root:curr_cd_p: 0.001635; curr_cd_t: 0.000020; curr_f1: 0.989406; 
INFO:root:best_cd_p: 0.001635 [epoch 48]; best_cd_t: 0.000020 [epoch 47]; best_f1: 0.989545 [epoch 41]; 
INFO:root:pcn_emd_debug_20221109T221655 train [49: 0/1709]  loss_type: emd, fine_loss: 0.002010 total_loss: 0.004040 lr: 0.000070 alpha: 1.0
INFO:root:pcn_emd_debug_20221109T221655 train [49: 500/1709]  loss_type: emd, fine_loss: 0.002064 total_loss: 0.004113 lr: 0.000070 alpha: 1.0
INFO:root:pcn_emd_debug_20221109T221655 train [49: 1000/1709]  loss_type: emd, fine_loss: 0.001872 total_loss: 0.003786 lr: 0.000070 alpha: 1.0
INFO:root:pcn_emd_debug_20221109T221655 train [49: 1500/1709]  loss_type: emd, fine_loss: 0.002000 total_loss: 0.004021 lr: 0.000070 alpha: 1.0
INFO:root:Saving net...
INFO:root:Testing...
INFO:root:curr_cd_p: 0.001676; curr_cd_t: 0.000020; curr_f1: 0.989254; 
INFO:root:best_cd_p: 0.001635 [epoch 48]; best_cd_t: 0.000020 [epoch 47]; best_f1: 0.989545 [epoch 41]; 
INFO:root:pcn_emd_debug_20221109T221655 train [50: 0/1709]  loss_type: emd, fine_loss: 0.001995 total_loss: 0.004010 lr: 0.000070 alpha: 1.0
INFO:root:pcn_emd_debug_20221109T221655 train [50: 500/1709]  loss_type: emd, fine_loss: 0.001937 total_loss: 0.003894 lr: 0.000070 alpha: 1.0
INFO:root:pcn_emd_debug_20221109T221655 train [50: 1000/1709]  loss_type: emd, fine_loss: 0.001904 total_loss: 0.003820 lr: 0.000070 alpha: 1.0
INFO:root:pcn_emd_debug_20221109T221655 train [50: 1500/1709]  loss_type: emd, fine_loss: 0.001965 total_loss: 0.003938 lr: 0.000070 alpha: 1.0
INFO:root:Saving net...
INFO:root:Testing...
INFO:root:Best f1 net saved!
INFO:root:curr_cd_p: 0.001660; curr_cd_t: 0.000020; curr_f1: 0.989626; 
INFO:root:best_cd_p: 0.001635 [epoch 48]; best_cd_t: 0.000020 [epoch 47]; best_f1: 0.989626 [epoch 50]; 
INFO:root:pcn_emd_debug_20221109T221655 train [51: 0/1709]  loss_type: emd, fine_loss: 0.001978 total_loss: 0.003964 lr: 0.000070 alpha: 1.0
INFO:root:pcn_emd_debug_20221109T221655 train [51: 500/1709]  loss_type: emd, fine_loss: 0.002101 total_loss: 0.004236 lr: 0.000070 alpha: 1.0
INFO:root:pcn_emd_debug_20221109T221655 train [51: 1000/1709]  loss_type: emd, fine_loss: 0.002032 total_loss: 0.004094 lr: 0.000070 alpha: 1.0
INFO:root:pcn_emd_debug_20221109T221655 train [51: 1500/1709]  loss_type: emd, fine_loss: 0.001997 total_loss: 0.004014 lr: 0.000070 alpha: 1.0
INFO:root:Saving net...
INFO:root:Testing...
INFO:root:curr_cd_p: 0.001642; curr_cd_t: 0.000020; curr_f1: 0.989241; 
INFO:root:best_cd_p: 0.001635 [epoch 48]; best_cd_t: 0.000020 [epoch 47]; best_f1: 0.989626 [epoch 50]; 
INFO:root:pcn_emd_debug_20221109T221655 train [52: 0/1709]  loss_type: emd, fine_loss: 0.002062 total_loss: 0.004162 lr: 0.000070 alpha: 1.0
INFO:root:pcn_emd_debug_20221109T221655 train [52: 500/1709]  loss_type: emd, fine_loss: 0.001958 total_loss: 0.003939 lr: 0.000070 alpha: 1.0
INFO:root:pcn_emd_debug_20221109T221655 train [52: 1000/1709]  loss_type: emd, fine_loss: 0.001914 total_loss: 0.003826 lr: 0.000070 alpha: 1.0
INFO:root:pcn_emd_debug_20221109T221655 train [52: 1500/1709]  loss_type: emd, fine_loss: 0.001879 total_loss: 0.003784 lr: 0.000070 alpha: 1.0
INFO:root:Saving net...
INFO:root:Testing...
INFO:root:curr_cd_p: 0.001635; curr_cd_t: 0.000020; curr_f1: 0.989367; 
INFO:root:best_cd_p: 0.001635 [epoch 48]; best_cd_t: 0.000020 [epoch 47]; best_f1: 0.989626 [epoch 50]; 
INFO:root:pcn_emd_debug_20221109T221655 train [53: 0/1709]  loss_type: emd, fine_loss: 0.002016 total_loss: 0.004071 lr: 0.000070 alpha: 1.0
INFO:root:pcn_emd_debug_20221109T221655 train [53: 500/1709]  loss_type: emd, fine_loss: 0.001992 total_loss: 0.003967 lr: 0.000070 alpha: 1.0
INFO:root:pcn_emd_debug_20221109T221655 train [53: 1000/1709]  loss_type: emd, fine_loss: 0.001882 total_loss: 0.003788 lr: 0.000070 alpha: 1.0
INFO:root:pcn_emd_debug_20221109T221655 train [53: 1500/1709]  loss_type: emd, fine_loss: 0.002134 total_loss: 0.004264 lr: 0.000070 alpha: 1.0
INFO:root:Saving net...
INFO:root:Testing...
INFO:root:curr_cd_p: 0.001668; curr_cd_t: 0.000020; curr_f1: 0.989375; 
INFO:root:best_cd_p: 0.001635 [epoch 48]; best_cd_t: 0.000020 [epoch 47]; best_f1: 0.989626 [epoch 50]; 
INFO:root:pcn_emd_debug_20221109T221655 train [54: 0/1709]  loss_type: emd, fine_loss: 0.001996 total_loss: 0.004016 lr: 0.000070 alpha: 1.0
INFO:root:pcn_emd_debug_20221109T221655 train [54: 500/1709]  loss_type: emd, fine_loss: 0.001965 total_loss: 0.003958 lr: 0.000070 alpha: 1.0
INFO:root:pcn_emd_debug_20221109T221655 train [54: 1000/1709]  loss_type: emd, fine_loss: 0.001924 total_loss: 0.003869 lr: 0.000070 alpha: 1.0
INFO:root:pcn_emd_debug_20221109T221655 train [54: 1500/1709]  loss_type: emd, fine_loss: 0.001975 total_loss: 0.003992 lr: 0.000070 alpha: 1.0
INFO:root:Saving net...
INFO:root:Testing...
INFO:root:Best cd_t net saved!
INFO:root:Best f1 net saved!
INFO:root:curr_cd_p: 0.001663; curr_cd_t: 0.000020; curr_f1: 0.989893; 
INFO:root:best_cd_p: 0.001635 [epoch 48]; best_cd_t: 0.000020 [epoch 54]; best_f1: 0.989893 [epoch 54]; 
INFO:root:pcn_emd_debug_20221109T221655 train [55: 0/1709]  loss_type: emd, fine_loss: 0.002079 total_loss: 0.004169 lr: 0.000070 alpha: 1.0
INFO:root:pcn_emd_debug_20221109T221655 train [55: 500/1709]  loss_type: emd, fine_loss: 0.001957 total_loss: 0.003934 lr: 0.000070 alpha: 1.0
INFO:root:pcn_emd_debug_20221109T221655 train [55: 1000/1709]  loss_type: emd, fine_loss: 0.002030 total_loss: 0.004081 lr: 0.000070 alpha: 1.0
INFO:root:pcn_emd_debug_20221109T221655 train [55: 1500/1709]  loss_type: emd, fine_loss: 0.002008 total_loss: 0.004034 lr: 0.000070 alpha: 1.0
INFO:root:Saving net...
INFO:root:Testing...
INFO:root:curr_cd_p: 0.001681; curr_cd_t: 0.000020; curr_f1: 0.989330; 
INFO:root:best_cd_p: 0.001635 [epoch 48]; best_cd_t: 0.000020 [epoch 54]; best_f1: 0.989893 [epoch 54]; 
INFO:root:pcn_emd_debug_20221109T221655 train [56: 0/1709]  loss_type: emd, fine_loss: 0.002073 total_loss: 0.004160 lr: 0.000070 alpha: 1.0
INFO:root:pcn_emd_debug_20221109T221655 train [56: 500/1709]  loss_type: emd, fine_loss: 0.002005 total_loss: 0.004040 lr: 0.000070 alpha: 1.0
INFO:root:pcn_emd_debug_20221109T221655 train [56: 1000/1709]  loss_type: emd, fine_loss: 0.001921 total_loss: 0.003849 lr: 0.000070 alpha: 1.0
INFO:root:pcn_emd_debug_20221109T221655 train [56: 1500/1709]  loss_type: emd, fine_loss: 0.001935 total_loss: 0.003900 lr: 0.000070 alpha: 1.0
INFO:root:Saving net...
INFO:root:Testing...
INFO:root:curr_cd_p: 0.001640; curr_cd_t: 0.000020; curr_f1: 0.989482; 
INFO:root:best_cd_p: 0.001635 [epoch 48]; best_cd_t: 0.000020 [epoch 54]; best_f1: 0.989893 [epoch 54]; 
INFO:root:pcn_emd_debug_20221109T221655 train [57: 0/1709]  loss_type: emd, fine_loss: 0.001887 total_loss: 0.003814 lr: 0.000070 alpha: 1.0
INFO:root:pcn_emd_debug_20221109T221655 train [57: 500/1709]  loss_type: emd, fine_loss: 0.002008 total_loss: 0.004038 lr: 0.000070 alpha: 1.0
INFO:root:pcn_emd_debug_20221109T221655 train [57: 1000/1709]  loss_type: emd, fine_loss: 0.001967 total_loss: 0.003956 lr: 0.000070 alpha: 1.0
INFO:root:pcn_emd_debug_20221109T221655 train [57: 1500/1709]  loss_type: emd, fine_loss: 0.001950 total_loss: 0.003893 lr: 0.000070 alpha: 1.0
INFO:root:Saving net...
INFO:root:Testing...
INFO:root:curr_cd_p: 0.001650; curr_cd_t: 0.000020; curr_f1: 0.989459; 
INFO:root:best_cd_p: 0.001635 [epoch 48]; best_cd_t: 0.000020 [epoch 54]; best_f1: 0.989893 [epoch 54]; 
INFO:root:pcn_emd_debug_20221109T221655 train [58: 0/1709]  loss_type: emd, fine_loss: 0.001988 total_loss: 0.003983 lr: 0.000070 alpha: 1.0
INFO:root:pcn_emd_debug_20221109T221655 train [58: 500/1709]  loss_type: emd, fine_loss: 0.001807 total_loss: 0.003628 lr: 0.000070 alpha: 1.0
INFO:root:pcn_emd_debug_20221109T221655 train [58: 1000/1709]  loss_type: emd, fine_loss: 0.001859 total_loss: 0.003726 lr: 0.000070 alpha: 1.0
INFO:root:pcn_emd_debug_20221109T221655 train [58: 1500/1709]  loss_type: emd, fine_loss: 0.002042 total_loss: 0.004083 lr: 0.000070 alpha: 1.0
INFO:root:Saving net...
INFO:root:Testing...
INFO:root:Best cd_p net saved!
INFO:root:curr_cd_p: 0.001616; curr_cd_t: 0.000020; curr_f1: 0.989383; 
INFO:root:best_cd_p: 0.001616 [epoch 58]; best_cd_t: 0.000020 [epoch 54]; best_f1: 0.989893 [epoch 54]; 
INFO:root:pcn_emd_debug_20221109T221655 train [59: 0/1709]  loss_type: emd, fine_loss: 0.002037 total_loss: 0.004087 lr: 0.000070 alpha: 1.0
INFO:root:pcn_emd_debug_20221109T221655 train [59: 500/1709]  loss_type: emd, fine_loss: 0.001937 total_loss: 0.003887 lr: 0.000070 alpha: 1.0
INFO:root:pcn_emd_debug_20221109T221655 train [59: 1000/1709]  loss_type: emd, fine_loss: 0.001908 total_loss: 0.003837 lr: 0.000070 alpha: 1.0
INFO:root:pcn_emd_debug_20221109T221655 train [59: 1500/1709]  loss_type: emd, fine_loss: 0.002074 total_loss: 0.004128 lr: 0.000070 alpha: 1.0
INFO:root:Saving net...
INFO:root:Testing...
INFO:root:Best cd_p net saved!
INFO:root:Best cd_t net saved!
INFO:root:curr_cd_p: 0.001616; curr_cd_t: 0.000020; curr_f1: 0.989479; 
INFO:root:best_cd_p: 0.001616 [epoch 59]; best_cd_t: 0.000020 [epoch 59]; best_f1: 0.989893 [epoch 54]; 
INFO:root:pcn_emd_debug_20221109T221655 train [60: 0/1709]  loss_type: emd, fine_loss: 0.002005 total_loss: 0.004058 lr: 0.000070 alpha: 1.0
INFO:root:pcn_emd_debug_20221109T221655 train [60: 500/1709]  loss_type: emd, fine_loss: 0.001859 total_loss: 0.003757 lr: 0.000070 alpha: 1.0
INFO:root:pcn_emd_debug_20221109T221655 train [60: 1000/1709]  loss_type: emd, fine_loss: 0.001850 total_loss: 0.003712 lr: 0.000070 alpha: 1.0
INFO:root:pcn_emd_debug_20221109T221655 train [60: 1500/1709]  loss_type: emd, fine_loss: 0.002008 total_loss: 0.004007 lr: 0.000070 alpha: 1.0
INFO:root:Saving net...
INFO:root:Testing...
INFO:root:curr_cd_p: 0.001658; curr_cd_t: 0.000020; curr_f1: 0.989592; 
INFO:root:best_cd_p: 0.001616 [epoch 59]; best_cd_t: 0.000020 [epoch 59]; best_f1: 0.989893 [epoch 54]; 
INFO:root:pcn_emd_debug_20221109T221655 train [61: 0/1709]  loss_type: emd, fine_loss: 0.002089 total_loss: 0.004168 lr: 0.000070 alpha: 1.0
INFO:root:pcn_emd_debug_20221109T221655 train [61: 500/1709]  loss_type: emd, fine_loss: 0.001876 total_loss: 0.003785 lr: 0.000070 alpha: 1.0
INFO:root:pcn_emd_debug_20221109T221655 train [61: 1000/1709]  loss_type: emd, fine_loss: 0.001995 total_loss: 0.004012 lr: 0.000070 alpha: 1.0
INFO:root:pcn_emd_debug_20221109T221655 train [61: 1500/1709]  loss_type: emd, fine_loss: 0.001889 total_loss: 0.003782 lr: 0.000070 alpha: 1.0
INFO:root:Saving net...
INFO:root:Testing...
INFO:root:curr_cd_p: 0.001634; curr_cd_t: 0.000020; curr_f1: 0.989473; 
INFO:root:best_cd_p: 0.001616 [epoch 59]; best_cd_t: 0.000020 [epoch 59]; best_f1: 0.989893 [epoch 54]; 
INFO:root:pcn_emd_debug_20221109T221655 train [62: 0/1709]  loss_type: emd, fine_loss: 0.001952 total_loss: 0.003913 lr: 0.000070 alpha: 1.0
INFO:root:pcn_emd_debug_20221109T221655 train [62: 500/1709]  loss_type: emd, fine_loss: 0.001871 total_loss: 0.003768 lr: 0.000070 alpha: 1.0
INFO:root:pcn_emd_debug_20221109T221655 train [62: 1000/1709]  loss_type: emd, fine_loss: 0.001818 total_loss: 0.003674 lr: 0.000070 alpha: 1.0
INFO:root:pcn_emd_debug_20221109T221655 train [62: 1500/1709]  loss_type: emd, fine_loss: 0.001892 total_loss: 0.003813 lr: 0.000070 alpha: 1.0
INFO:root:Saving net...
INFO:root:Testing...
INFO:root:curr_cd_p: 0.001644; curr_cd_t: 0.000020; curr_f1: 0.989500; 
INFO:root:best_cd_p: 0.001616 [epoch 59]; best_cd_t: 0.000020 [epoch 59]; best_f1: 0.989893 [epoch 54]; 
INFO:root:pcn_emd_debug_20221109T221655 train [63: 0/1709]  loss_type: emd, fine_loss: 0.001940 total_loss: 0.003881 lr: 0.000070 alpha: 1.0
INFO:root:pcn_emd_debug_20221109T221655 train [63: 500/1709]  loss_type: emd, fine_loss: 0.001828 total_loss: 0.003680 lr: 0.000070 alpha: 1.0
INFO:root:pcn_emd_debug_20221109T221655 train [63: 1000/1709]  loss_type: emd, fine_loss: 0.001898 total_loss: 0.003817 lr: 0.000070 alpha: 1.0
INFO:root:pcn_emd_debug_20221109T221655 train [63: 1500/1709]  loss_type: emd, fine_loss: 0.001953 total_loss: 0.003905 lr: 0.000070 alpha: 1.0
INFO:root:Saving net...
INFO:root:Testing...
INFO:root:Best cd_t net saved!
INFO:root:curr_cd_p: 0.001618; curr_cd_t: 0.000020; curr_f1: 0.989510; 
INFO:root:best_cd_p: 0.001616 [epoch 59]; best_cd_t: 0.000020 [epoch 63]; best_f1: 0.989893 [epoch 54]; 
INFO:root:pcn_emd_debug_20221109T221655 train [64: 0/1709]  loss_type: emd, fine_loss: 0.001869 total_loss: 0.003756 lr: 0.000070 alpha: 1.0
INFO:root:pcn_emd_debug_20221109T221655 train [64: 500/1709]  loss_type: emd, fine_loss: 0.001840 total_loss: 0.003698 lr: 0.000070 alpha: 1.0
INFO:root:pcn_emd_debug_20221109T221655 train [64: 1000/1709]  loss_type: emd, fine_loss: 0.001866 total_loss: 0.003744 lr: 0.000070 alpha: 1.0
INFO:root:pcn_emd_debug_20221109T221655 train [64: 1500/1709]  loss_type: emd, fine_loss: 0.001873 total_loss: 0.003776 lr: 0.000070 alpha: 1.0
INFO:root:Saving net...
INFO:root:Testing...
INFO:root:Best cd_p net saved!
INFO:root:Best cd_t net saved!
INFO:root:curr_cd_p: 0.001604; curr_cd_t: 0.000019; curr_f1: 0.989651; 
INFO:root:best_cd_p: 0.001604 [epoch 64]; best_cd_t: 0.000019 [epoch 64]; best_f1: 0.989893 [epoch 54]; 
INFO:root:pcn_emd_debug_20221109T221655 train [65: 0/1709]  loss_type: emd, fine_loss: 0.001827 total_loss: 0.003671 lr: 0.000070 alpha: 1.0
INFO:root:pcn_emd_debug_20221109T221655 train [65: 500/1709]  loss_type: emd, fine_loss: 0.001915 total_loss: 0.003863 lr: 0.000070 alpha: 1.0
INFO:root:pcn_emd_debug_20221109T221655 train [65: 1000/1709]  loss_type: emd, fine_loss: 0.001835 total_loss: 0.003684 lr: 0.000070 alpha: 1.0
INFO:root:pcn_emd_debug_20221109T221655 train [65: 1500/1709]  loss_type: emd, fine_loss: 0.001823 total_loss: 0.003659 lr: 0.000070 alpha: 1.0
INFO:root:Saving net...
INFO:root:Testing...
INFO:root:Best cd_p net saved!
INFO:root:Best cd_t net saved!
INFO:root:curr_cd_p: 0.001595; curr_cd_t: 0.000019; curr_f1: 0.989591; 
INFO:root:best_cd_p: 0.001595 [epoch 65]; best_cd_t: 0.000019 [epoch 65]; best_f1: 0.989893 [epoch 54]; 
INFO:root:pcn_emd_debug_20221109T221655 train [66: 0/1709]  loss_type: emd, fine_loss: 0.001806 total_loss: 0.003636 lr: 0.000070 alpha: 1.0
INFO:root:pcn_emd_debug_20221109T221655 train [66: 500/1709]  loss_type: emd, fine_loss: 0.001861 total_loss: 0.003734 lr: 0.000070 alpha: 1.0
INFO:root:pcn_emd_debug_20221109T221655 train [66: 1000/1709]  loss_type: emd, fine_loss: 0.001873 total_loss: 0.003743 lr: 0.000070 alpha: 1.0
INFO:root:pcn_emd_debug_20221109T221655 train [66: 1500/1709]  loss_type: emd, fine_loss: 0.001874 total_loss: 0.003764 lr: 0.000070 alpha: 1.0
INFO:root:Saving net...
INFO:root:Testing...
INFO:root:curr_cd_p: 0.001602; curr_cd_t: 0.000020; curr_f1: 0.989583; 
INFO:root:best_cd_p: 0.001595 [epoch 65]; best_cd_t: 0.000019 [epoch 65]; best_f1: 0.989893 [epoch 54]; 
INFO:root:pcn_emd_debug_20221109T221655 train [67: 0/1709]  loss_type: emd, fine_loss: 0.001913 total_loss: 0.003841 lr: 0.000070 alpha: 1.0
INFO:root:pcn_emd_debug_20221109T221655 train [67: 500/1709]  loss_type: emd, fine_loss: 0.001923 total_loss: 0.003858 lr: 0.000070 alpha: 1.0
INFO:root:pcn_emd_debug_20221109T221655 train [67: 1000/1709]  loss_type: emd, fine_loss: 0.001949 total_loss: 0.003912 lr: 0.000070 alpha: 1.0
INFO:root:pcn_emd_debug_20221109T221655 train [67: 1500/1709]  loss_type: emd, fine_loss: 0.001892 total_loss: 0.003776 lr: 0.000070 alpha: 1.0
INFO:root:Saving net...
INFO:root:Testing...
INFO:root:curr_cd_p: 0.001602; curr_cd_t: 0.000020; curr_f1: 0.989406; 
INFO:root:best_cd_p: 0.001595 [epoch 65]; best_cd_t: 0.000019 [epoch 65]; best_f1: 0.989893 [epoch 54]; 
INFO:root:pcn_emd_debug_20221109T221655 train [68: 0/1709]  loss_type: emd, fine_loss: 0.001938 total_loss: 0.003902 lr: 0.000070 alpha: 1.0
INFO:root:pcn_emd_debug_20221109T221655 train [68: 500/1709]  loss_type: emd, fine_loss: 0.001741 total_loss: 0.003508 lr: 0.000070 alpha: 1.0
INFO:root:pcn_emd_debug_20221109T221655 train [68: 1000/1709]  loss_type: emd, fine_loss: 0.001977 total_loss: 0.003931 lr: 0.000070 alpha: 1.0
INFO:root:pcn_emd_debug_20221109T221655 train [68: 1500/1709]  loss_type: emd, fine_loss: 0.002099 total_loss: 0.004139 lr: 0.000070 alpha: 1.0
INFO:root:Saving net...
INFO:root:Testing...
INFO:root:curr_cd_p: 0.001613; curr_cd_t: 0.000020; curr_f1: 0.989349; 
INFO:root:best_cd_p: 0.001595 [epoch 65]; best_cd_t: 0.000019 [epoch 65]; best_f1: 0.989893 [epoch 54]; 
INFO:root:pcn_emd_debug_20221109T221655 train [69: 0/1709]  loss_type: emd, fine_loss: 0.001883 total_loss: 0.003814 lr: 0.000070 alpha: 1.0
INFO:root:pcn_emd_debug_20221109T221655 train [69: 500/1709]  loss_type: emd, fine_loss: 0.001827 total_loss: 0.003672 lr: 0.000070 alpha: 1.0
INFO:root:pcn_emd_debug_20221109T221655 train [69: 1000/1709]  loss_type: emd, fine_loss: 0.001901 total_loss: 0.003819 lr: 0.000070 alpha: 1.0
INFO:root:pcn_emd_debug_20221109T221655 train [69: 1500/1709]  loss_type: emd, fine_loss: 0.001783 total_loss: 0.003590 lr: 0.000070 alpha: 1.0
INFO:root:Saving net...
INFO:root:Testing...
INFO:root:curr_cd_p: 0.001610; curr_cd_t: 0.000020; curr_f1: 0.989354; 
INFO:root:best_cd_p: 0.001595 [epoch 65]; best_cd_t: 0.000019 [epoch 65]; best_f1: 0.989893 [epoch 54]; 
INFO:root:pcn_emd_debug_20221109T221655 train [70: 0/1709]  loss_type: emd, fine_loss: 0.001837 total_loss: 0.003692 lr: 0.000070 alpha: 1.0
INFO:root:pcn_emd_debug_20221109T221655 train [70: 500/1709]  loss_type: emd, fine_loss: 0.001817 total_loss: 0.003658 lr: 0.000070 alpha: 1.0
INFO:root:pcn_emd_debug_20221109T221655 train [70: 1000/1709]  loss_type: emd, fine_loss: 0.001818 total_loss: 0.003641 lr: 0.000070 alpha: 1.0
INFO:root:pcn_emd_debug_20221109T221655 train [70: 1500/1709]  loss_type: emd, fine_loss: 0.001835 total_loss: 0.003698 lr: 0.000070 alpha: 1.0
INFO:root:Saving net...
INFO:root:Testing...
INFO:root:curr_cd_p: 0.001602; curr_cd_t: 0.000020; curr_f1: 0.989483; 
INFO:root:best_cd_p: 0.001595 [epoch 65]; best_cd_t: 0.000019 [epoch 65]; best_f1: 0.989893 [epoch 54]; 
INFO:root:pcn_emd_debug_20221109T221655 train [71: 0/1709]  loss_type: emd, fine_loss: 0.001865 total_loss: 0.003748 lr: 0.000070 alpha: 1.0
INFO:root:pcn_emd_debug_20221109T221655 train [71: 500/1709]  loss_type: emd, fine_loss: 0.001831 total_loss: 0.003679 lr: 0.000070 alpha: 1.0
INFO:root:pcn_emd_debug_20221109T221655 train [71: 1000/1709]  loss_type: emd, fine_loss: 0.001822 total_loss: 0.003665 lr: 0.000070 alpha: 1.0
INFO:root:pcn_emd_debug_20221109T221655 train [71: 1500/1709]  loss_type: emd, fine_loss: 0.001855 total_loss: 0.003733 lr: 0.000070 alpha: 1.0
INFO:root:Saving net...
INFO:root:Testing...
INFO:root:Best cd_p net saved!
INFO:root:Best cd_t net saved!
INFO:root:curr_cd_p: 0.001574; curr_cd_t: 0.000019; curr_f1: 0.989794; 
INFO:root:best_cd_p: 0.001574 [epoch 71]; best_cd_t: 0.000019 [epoch 71]; best_f1: 0.989893 [epoch 54]; 
INFO:root:pcn_emd_debug_20221109T221655 train [72: 0/1709]  loss_type: emd, fine_loss: 0.001747 total_loss: 0.003514 lr: 0.000070 alpha: 1.0
INFO:root:pcn_emd_debug_20221109T221655 train [72: 500/1709]  loss_type: emd, fine_loss: 0.001975 total_loss: 0.003958 lr: 0.000070 alpha: 1.0
INFO:root:pcn_emd_debug_20221109T221655 train [72: 1000/1709]  loss_type: emd, fine_loss: 0.001844 total_loss: 0.003714 lr: 0.000070 alpha: 1.0
INFO:root:pcn_emd_debug_20221109T221655 train [72: 1500/1709]  loss_type: emd, fine_loss: 0.001873 total_loss: 0.003761 lr: 0.000070 alpha: 1.0
INFO:root:Saving net...
INFO:root:Testing...
INFO:root:curr_cd_p: 0.001580; curr_cd_t: 0.000020; curr_f1: 0.989378; 
INFO:root:best_cd_p: 0.001574 [epoch 71]; best_cd_t: 0.000019 [epoch 71]; best_f1: 0.989893 [epoch 54]; 
INFO:root:pcn_emd_debug_20221109T221655 train [73: 0/1709]  loss_type: emd, fine_loss: 0.001813 total_loss: 0.003647 lr: 0.000070 alpha: 1.0
INFO:root:pcn_emd_debug_20221109T221655 train [73: 500/1709]  loss_type: emd, fine_loss: 0.001891 total_loss: 0.003804 lr: 0.000070 alpha: 1.0
INFO:root:pcn_emd_debug_20221109T221655 train [73: 1000/1709]  loss_type: emd, fine_loss: 0.001990 total_loss: 0.003996 lr: 0.000070 alpha: 1.0
INFO:root:pcn_emd_debug_20221109T221655 train [73: 1500/1709]  loss_type: emd, fine_loss: 0.001775 total_loss: 0.003564 lr: 0.000070 alpha: 1.0
INFO:root:Saving net...
INFO:root:Testing...
INFO:root:curr_cd_p: 0.001606; curr_cd_t: 0.000020; curr_f1: 0.989613; 
INFO:root:best_cd_p: 0.001574 [epoch 71]; best_cd_t: 0.000019 [epoch 71]; best_f1: 0.989893 [epoch 54]; 
INFO:root:pcn_emd_debug_20221109T221655 train [74: 0/1709]  loss_type: emd, fine_loss: 0.001824 total_loss: 0.003671 lr: 0.000070 alpha: 1.0
INFO:root:pcn_emd_debug_20221109T221655 train [74: 500/1709]  loss_type: emd, fine_loss: 0.001692 total_loss: 0.003403 lr: 0.000070 alpha: 1.0
INFO:root:pcn_emd_debug_20221109T221655 train [74: 1000/1709]  loss_type: emd, fine_loss: 0.001837 total_loss: 0.003694 lr: 0.000070 alpha: 1.0
INFO:root:pcn_emd_debug_20221109T221655 train [74: 1500/1709]  loss_type: emd, fine_loss: 0.002015 total_loss: 0.004042 lr: 0.000070 alpha: 1.0
INFO:root:Saving net...
INFO:root:Testing...
INFO:root:curr_cd_p: 0.001640; curr_cd_t: 0.000020; curr_f1: 0.989189; 
INFO:root:best_cd_p: 0.001574 [epoch 71]; best_cd_t: 0.000019 [epoch 71]; best_f1: 0.989893 [epoch 54]; 
INFO:root:pcn_emd_debug_20221109T221655 train [75: 0/1709]  loss_type: emd, fine_loss: 0.001813 total_loss: 0.003643 lr: 0.000070 alpha: 1.0
INFO:root:pcn_emd_debug_20221109T221655 train [75: 500/1709]  loss_type: emd, fine_loss: 0.001941 total_loss: 0.003892 lr: 0.000070 alpha: 1.0
INFO:root:pcn_emd_debug_20221109T221655 train [75: 1000/1709]  loss_type: emd, fine_loss: 0.001785 total_loss: 0.003611 lr: 0.000070 alpha: 1.0
INFO:root:pcn_emd_debug_20221109T221655 train [75: 1500/1709]  loss_type: emd, fine_loss: 0.001758 total_loss: 0.003546 lr: 0.000070 alpha: 1.0
INFO:root:Saving net...
INFO:root:Testing...
INFO:root:Best cd_p net saved!
INFO:root:curr_cd_p: 0.001567; curr_cd_t: 0.000019; curr_f1: 0.989696; 
INFO:root:best_cd_p: 0.001567 [epoch 75]; best_cd_t: 0.000019 [epoch 71]; best_f1: 0.989893 [epoch 54]; 
INFO:root:pcn_emd_debug_20221109T221655 train [76: 0/1709]  loss_type: emd, fine_loss: 0.001782 total_loss: 0.003584 lr: 0.000070 alpha: 1.0
INFO:root:pcn_emd_debug_20221109T221655 train [76: 500/1709]  loss_type: emd, fine_loss: 0.001793 total_loss: 0.003608 lr: 0.000070 alpha: 1.0
INFO:root:pcn_emd_debug_20221109T221655 train [76: 1000/1709]  loss_type: emd, fine_loss: 0.001833 total_loss: 0.003681 lr: 0.000070 alpha: 1.0
INFO:root:pcn_emd_debug_20221109T221655 train [76: 1500/1709]  loss_type: emd, fine_loss: 0.001714 total_loss: 0.003459 lr: 0.000070 alpha: 1.0
INFO:root:Saving net...
INFO:root:Testing...
INFO:root:curr_cd_p: 0.001600; curr_cd_t: 0.000020; curr_f1: 0.989676; 
INFO:root:best_cd_p: 0.001567 [epoch 75]; best_cd_t: 0.000019 [epoch 71]; best_f1: 0.989893 [epoch 54]; 
INFO:root:pcn_emd_debug_20221109T221655 train [77: 0/1709]  loss_type: emd, fine_loss: 0.001816 total_loss: 0.003654 lr: 0.000070 alpha: 1.0
INFO:root:pcn_emd_debug_20221109T221655 train [77: 500/1709]  loss_type: emd, fine_loss: 0.001812 total_loss: 0.003624 lr: 0.000070 alpha: 1.0
INFO:root:pcn_emd_debug_20221109T221655 train [77: 1000/1709]  loss_type: emd, fine_loss: 0.001810 total_loss: 0.003644 lr: 0.000070 alpha: 1.0
INFO:root:pcn_emd_debug_20221109T221655 train [77: 1500/1709]  loss_type: emd, fine_loss: 0.001815 total_loss: 0.003649 lr: 0.000070 alpha: 1.0
INFO:root:Saving net...
INFO:root:Testing...
INFO:root:curr_cd_p: 0.001578; curr_cd_t: 0.000019; curr_f1: 0.989765; 
INFO:root:best_cd_p: 0.001567 [epoch 75]; best_cd_t: 0.000019 [epoch 71]; best_f1: 0.989893 [epoch 54]; 
INFO:root:pcn_emd_debug_20221109T221655 train [78: 0/1709]  loss_type: emd, fine_loss: 0.001920 total_loss: 0.003866 lr: 0.000070 alpha: 1.0
INFO:root:pcn_emd_debug_20221109T221655 train [78: 500/1709]  loss_type: emd, fine_loss: 0.001764 total_loss: 0.003539 lr: 0.000070 alpha: 1.0
INFO:root:pcn_emd_debug_20221109T221655 train [78: 1000/1709]  loss_type: emd, fine_loss: 0.001803 total_loss: 0.003622 lr: 0.000070 alpha: 1.0
INFO:root:pcn_emd_debug_20221109T221655 train [78: 1500/1709]  loss_type: emd, fine_loss: 0.001941 total_loss: 0.003902 lr: 0.000070 alpha: 1.0
INFO:root:Saving net...
INFO:root:Testing...
INFO:root:curr_cd_p: 0.001572; curr_cd_t: 0.000020; curr_f1: 0.989544; 
INFO:root:best_cd_p: 0.001567 [epoch 75]; best_cd_t: 0.000019 [epoch 71]; best_f1: 0.989893 [epoch 54]; 
INFO:root:pcn_emd_debug_20221109T221655 train [79: 0/1709]  loss_type: emd, fine_loss: 0.001684 total_loss: 0.003393 lr: 0.000070 alpha: 1.0
INFO:root:pcn_emd_debug_20221109T221655 train [79: 500/1709]  loss_type: emd, fine_loss: 0.001747 total_loss: 0.003517 lr: 0.000070 alpha: 1.0
INFO:root:pcn_emd_debug_20221109T221655 train [79: 1000/1709]  loss_type: emd, fine_loss: 0.001808 total_loss: 0.003638 lr: 0.000070 alpha: 1.0
INFO:root:pcn_emd_debug_20221109T221655 train [79: 1500/1709]  loss_type: emd, fine_loss: 0.001729 total_loss: 0.003470 lr: 0.000070 alpha: 1.0
INFO:root:Saving net...
INFO:root:Testing...
INFO:root:curr_cd_p: 0.001607; curr_cd_t: 0.000020; curr_f1: 0.989345; 
INFO:root:best_cd_p: 0.001567 [epoch 75]; best_cd_t: 0.000019 [epoch 71]; best_f1: 0.989893 [epoch 54]; 
INFO:root:pcn_emd_debug_20221109T221655 train [80: 0/1709]  loss_type: emd, fine_loss: 0.001928 total_loss: 0.003898 lr: 0.000049 alpha: 1.0
INFO:root:pcn_emd_debug_20221109T221655 train [80: 500/1709]  loss_type: emd, fine_loss: 0.001685 total_loss: 0.003384 lr: 0.000049 alpha: 1.0
INFO:root:pcn_emd_debug_20221109T221655 train [80: 1000/1709]  loss_type: emd, fine_loss: 0.001765 total_loss: 0.003546 lr: 0.000049 alpha: 1.0
INFO:root:pcn_emd_debug_20221109T221655 train [80: 1500/1709]  loss_type: emd, fine_loss: 0.001678 total_loss: 0.003372 lr: 0.000049 alpha: 1.0
INFO:root:Saving net...
INFO:root:Testing...
INFO:root:Best cd_p net saved!
INFO:root:curr_cd_p: 0.001549; curr_cd_t: 0.000019; curr_f1: 0.989480; 
INFO:root:best_cd_p: 0.001549 [epoch 80]; best_cd_t: 0.000019 [epoch 71]; best_f1: 0.989893 [epoch 54]; 
INFO:root:pcn_emd_debug_20221109T221655 train [81: 0/1709]  loss_type: emd, fine_loss: 0.001752 total_loss: 0.003548 lr: 0.000049 alpha: 1.0
INFO:root:pcn_emd_debug_20221109T221655 train [81: 500/1709]  loss_type: emd, fine_loss: 0.001731 total_loss: 0.003474 lr: 0.000049 alpha: 1.0
INFO:root:pcn_emd_debug_20221109T221655 train [81: 1000/1709]  loss_type: emd, fine_loss: 0.001654 total_loss: 0.003346 lr: 0.000049 alpha: 1.0
INFO:root:pcn_emd_debug_20221109T221655 train [81: 1500/1709]  loss_type: emd, fine_loss: 0.001793 total_loss: 0.003615 lr: 0.000049 alpha: 1.0
INFO:root:Saving net...
INFO:root:Testing...
INFO:root:curr_cd_p: 0.001562; curr_cd_t: 0.000019; curr_f1: 0.989713; 
INFO:root:best_cd_p: 0.001549 [epoch 80]; best_cd_t: 0.000019 [epoch 71]; best_f1: 0.989893 [epoch 54]; 
INFO:root:pcn_emd_debug_20221109T221655 train [82: 0/1709]  loss_type: emd, fine_loss: 0.001774 total_loss: 0.003570 lr: 0.000049 alpha: 1.0
INFO:root:pcn_emd_debug_20221109T221655 train [82: 500/1709]  loss_type: emd, fine_loss: 0.001750 total_loss: 0.003500 lr: 0.000049 alpha: 1.0
INFO:root:pcn_emd_debug_20221109T221655 train [82: 1000/1709]  loss_type: emd, fine_loss: 0.001739 total_loss: 0.003503 lr: 0.000049 alpha: 1.0
INFO:root:pcn_emd_debug_20221109T221655 train [82: 1500/1709]  loss_type: emd, fine_loss: 0.001883 total_loss: 0.003786 lr: 0.000049 alpha: 1.0
INFO:root:Saving net...
INFO:root:Testing...
INFO:root:curr_cd_p: 0.001555; curr_cd_t: 0.000019; curr_f1: 0.989646; 
INFO:root:best_cd_p: 0.001549 [epoch 80]; best_cd_t: 0.000019 [epoch 71]; best_f1: 0.989893 [epoch 54]; 
INFO:root:pcn_emd_debug_20221109T221655 train [83: 0/1709]  loss_type: emd, fine_loss: 0.001776 total_loss: 0.003577 lr: 0.000049 alpha: 1.0
INFO:root:pcn_emd_debug_20221109T221655 train [83: 500/1709]  loss_type: emd, fine_loss: 0.001711 total_loss: 0.003452 lr: 0.000049 alpha: 1.0
INFO:root:pcn_emd_debug_20221109T221655 train [83: 1000/1709]  loss_type: emd, fine_loss: 0.001770 total_loss: 0.003564 lr: 0.000049 alpha: 1.0
INFO:root:pcn_emd_debug_20221109T221655 train [83: 1500/1709]  loss_type: emd, fine_loss: 0.001726 total_loss: 0.003481 lr: 0.000049 alpha: 1.0
INFO:root:Saving net...
INFO:root:Testing...
INFO:root:Best cd_p net saved!
INFO:root:curr_cd_p: 0.001546; curr_cd_t: 0.000019; curr_f1: 0.989641; 
INFO:root:best_cd_p: 0.001546 [epoch 83]; best_cd_t: 0.000019 [epoch 71]; best_f1: 0.989893 [epoch 54]; 
INFO:root:pcn_emd_debug_20221109T221655 train [84: 0/1709]  loss_type: emd, fine_loss: 0.001668 total_loss: 0.003383 lr: 0.000049 alpha: 1.0
INFO:root:pcn_emd_debug_20221109T221655 train [84: 500/1709]  loss_type: emd, fine_loss: 0.001709 total_loss: 0.003446 lr: 0.000049 alpha: 1.0
INFO:root:pcn_emd_debug_20221109T221655 train [84: 1000/1709]  loss_type: emd, fine_loss: 0.001632 total_loss: 0.003305 lr: 0.000049 alpha: 1.0
INFO:root:pcn_emd_debug_20221109T221655 train [84: 1500/1709]  loss_type: emd, fine_loss: 0.001678 total_loss: 0.003388 lr: 0.000049 alpha: 1.0
INFO:root:Saving net...
INFO:root:Testing...
INFO:root:curr_cd_p: 0.001581; curr_cd_t: 0.000020; curr_f1: 0.989411; 
INFO:root:best_cd_p: 0.001546 [epoch 83]; best_cd_t: 0.000019 [epoch 71]; best_f1: 0.989893 [epoch 54]; 
INFO:root:pcn_emd_debug_20221109T221655 train [85: 0/1709]  loss_type: emd, fine_loss: 0.001748 total_loss: 0.003519 lr: 0.000049 alpha: 1.0
INFO:root:pcn_emd_debug_20221109T221655 train [85: 500/1709]  loss_type: emd, fine_loss: 0.001767 total_loss: 0.003565 lr: 0.000049 alpha: 1.0
INFO:root:pcn_emd_debug_20221109T221655 train [85: 1000/1709]  loss_type: emd, fine_loss: 0.001681 total_loss: 0.003390 lr: 0.000049 alpha: 1.0
INFO:root:pcn_emd_debug_20221109T221655 train [85: 1500/1709]  loss_type: emd, fine_loss: 0.001654 total_loss: 0.003324 lr: 0.000049 alpha: 1.0
INFO:root:Saving net...
INFO:root:Testing...
INFO:root:Best cd_p net saved!
INFO:root:Best cd_t net saved!
INFO:root:curr_cd_p: 0.001539; curr_cd_t: 0.000019; curr_f1: 0.989649; 
INFO:root:best_cd_p: 0.001539 [epoch 85]; best_cd_t: 0.000019 [epoch 85]; best_f1: 0.989893 [epoch 54]; 
INFO:root:pcn_emd_debug_20221109T221655 train [86: 0/1709]  loss_type: emd, fine_loss: 0.001745 total_loss: 0.003524 lr: 0.000049 alpha: 1.0
INFO:root:pcn_emd_debug_20221109T221655 train [86: 500/1709]  loss_type: emd, fine_loss: 0.001681 total_loss: 0.003391 lr: 0.000049 alpha: 1.0
INFO:root:pcn_emd_debug_20221109T221655 train [86: 1000/1709]  loss_type: emd, fine_loss: 0.001779 total_loss: 0.003571 lr: 0.000049 alpha: 1.0
INFO:root:pcn_emd_debug_20221109T221655 train [86: 1500/1709]  loss_type: emd, fine_loss: 0.001723 total_loss: 0.003476 lr: 0.000049 alpha: 1.0
INFO:root:Saving net...
INFO:root:Testing...
INFO:root:curr_cd_p: 0.001571; curr_cd_t: 0.000019; curr_f1: 0.989406; 
INFO:root:best_cd_p: 0.001539 [epoch 85]; best_cd_t: 0.000019 [epoch 85]; best_f1: 0.989893 [epoch 54]; 
INFO:root:pcn_emd_debug_20221109T221655 train [87: 0/1709]  loss_type: emd, fine_loss: 0.001726 total_loss: 0.003471 lr: 0.000049 alpha: 1.0
INFO:root:pcn_emd_debug_20221109T221655 train [87: 500/1709]  loss_type: emd, fine_loss: 0.001675 total_loss: 0.003396 lr: 0.000049 alpha: 1.0
INFO:root:pcn_emd_debug_20221109T221655 train [87: 1000/1709]  loss_type: emd, fine_loss: 0.001778 total_loss: 0.003567 lr: 0.000049 alpha: 1.0
INFO:root:pcn_emd_debug_20221109T221655 train [87: 1500/1709]  loss_type: emd, fine_loss: 0.001736 total_loss: 0.003498 lr: 0.000049 alpha: 1.0
INFO:root:Saving net...
INFO:root:Testing...
INFO:root:curr_cd_p: 0.001586; curr_cd_t: 0.000020; curr_f1: 0.989362; 
INFO:root:best_cd_p: 0.001539 [epoch 85]; best_cd_t: 0.000019 [epoch 85]; best_f1: 0.989893 [epoch 54]; 
INFO:root:pcn_emd_debug_20221109T221655 train [88: 0/1709]  loss_type: emd, fine_loss: 0.001746 total_loss: 0.003516 lr: 0.000049 alpha: 1.0
INFO:root:pcn_emd_debug_20221109T221655 train [88: 500/1709]  loss_type: emd, fine_loss: 0.001753 total_loss: 0.003526 lr: 0.000049 alpha: 1.0
INFO:root:pcn_emd_debug_20221109T221655 train [88: 1000/1709]  loss_type: emd, fine_loss: 0.001643 total_loss: 0.003313 lr: 0.000049 alpha: 1.0
INFO:root:pcn_emd_debug_20221109T221655 train [88: 1500/1709]  loss_type: emd, fine_loss: 0.001799 total_loss: 0.003647 lr: 0.000049 alpha: 1.0
INFO:root:Saving net...
INFO:root:Testing...
INFO:root:curr_cd_p: 0.001549; curr_cd_t: 0.000019; curr_f1: 0.989479; 
INFO:root:best_cd_p: 0.001539 [epoch 85]; best_cd_t: 0.000019 [epoch 85]; best_f1: 0.989893 [epoch 54]; 
INFO:root:pcn_emd_debug_20221109T221655 train [89: 0/1709]  loss_type: emd, fine_loss: 0.001669 total_loss: 0.003365 lr: 0.000049 alpha: 1.0
INFO:root:pcn_emd_debug_20221109T221655 train [89: 500/1709]  loss_type: emd, fine_loss: 0.001707 total_loss: 0.003443 lr: 0.000049 alpha: 1.0
INFO:root:pcn_emd_debug_20221109T221655 train [89: 1000/1709]  loss_type: emd, fine_loss: 0.001683 total_loss: 0.003411 lr: 0.000049 alpha: 1.0
INFO:root:pcn_emd_debug_20221109T221655 train [89: 1500/1709]  loss_type: emd, fine_loss: 0.001683 total_loss: 0.003380 lr: 0.000049 alpha: 1.0
INFO:root:Saving net...
INFO:root:Testing...
INFO:root:curr_cd_p: 0.001555; curr_cd_t: 0.000020; curr_f1: 0.989246; 
INFO:root:best_cd_p: 0.001539 [epoch 85]; best_cd_t: 0.000019 [epoch 85]; best_f1: 0.989893 [epoch 54]; 
INFO:root:pcn_emd_debug_20221109T221655 train [90: 0/1709]  loss_type: emd, fine_loss: 0.001696 total_loss: 0.003411 lr: 0.000049 alpha: 1.0
INFO:root:pcn_emd_debug_20221109T221655 train [90: 500/1709]  loss_type: emd, fine_loss: 0.001764 total_loss: 0.003540 lr: 0.000049 alpha: 1.0
INFO:root:pcn_emd_debug_20221109T221655 train [90: 1000/1709]  loss_type: emd, fine_loss: 0.001714 total_loss: 0.003464 lr: 0.000049 alpha: 1.0
INFO:root:pcn_emd_debug_20221109T221655 train [90: 1500/1709]  loss_type: emd, fine_loss: 0.001714 total_loss: 0.003468 lr: 0.000049 alpha: 1.0
INFO:root:Saving net...
INFO:root:Testing...
INFO:root:curr_cd_p: 0.001547; curr_cd_t: 0.000019; curr_f1: 0.989459; 
INFO:root:best_cd_p: 0.001539 [epoch 85]; best_cd_t: 0.000019 [epoch 85]; best_f1: 0.989893 [epoch 54]; 
INFO:root:pcn_emd_debug_20221109T221655 train [91: 0/1709]  loss_type: emd, fine_loss: 0.001657 total_loss: 0.003354 lr: 0.000049 alpha: 1.0
INFO:root:pcn_emd_debug_20221109T221655 train [91: 500/1709]  loss_type: emd, fine_loss: 0.001698 total_loss: 0.003435 lr: 0.000049 alpha: 1.0
INFO:root:pcn_emd_debug_20221109T221655 train [91: 1000/1709]  loss_type: emd, fine_loss: 0.001678 total_loss: 0.003383 lr: 0.000049 alpha: 1.0
INFO:root:pcn_emd_debug_20221109T221655 train [91: 1500/1709]  loss_type: emd, fine_loss: 0.001695 total_loss: 0.003380 lr: 0.000049 alpha: 1.0
INFO:root:Saving net...
INFO:root:Testing...
INFO:root:curr_cd_p: 0.001556; curr_cd_t: 0.000020; curr_f1: 0.989274; 
INFO:root:best_cd_p: 0.001539 [epoch 85]; best_cd_t: 0.000019 [epoch 85]; best_f1: 0.989893 [epoch 54]; 
INFO:root:pcn_emd_debug_20221109T221655 train [92: 0/1709]  loss_type: emd, fine_loss: 0.001734 total_loss: 0.003535 lr: 0.000049 alpha: 1.0
INFO:root:pcn_emd_debug_20221109T221655 train [92: 500/1709]  loss_type: emd, fine_loss: 0.001737 total_loss: 0.003473 lr: 0.000049 alpha: 1.0
INFO:root:pcn_emd_debug_20221109T221655 train [92: 1000/1709]  loss_type: emd, fine_loss: 0.001716 total_loss: 0.003448 lr: 0.000049 alpha: 1.0
INFO:root:pcn_emd_debug_20221109T221655 train [92: 1500/1709]  loss_type: emd, fine_loss: 0.001802 total_loss: 0.003655 lr: 0.000049 alpha: 1.0
INFO:root:Saving net...
INFO:root:Testing...
INFO:root:curr_cd_p: 0.001555; curr_cd_t: 0.000020; curr_f1: 0.989274; 
INFO:root:best_cd_p: 0.001539 [epoch 85]; best_cd_t: 0.000019 [epoch 85]; best_f1: 0.989893 [epoch 54]; 
INFO:root:pcn_emd_debug_20221109T221655 train [93: 0/1709]  loss_type: emd, fine_loss: 0.001676 total_loss: 0.003390 lr: 0.000049 alpha: 1.0
INFO:root:pcn_emd_debug_20221109T221655 train [93: 500/1709]  loss_type: emd, fine_loss: 0.001881 total_loss: 0.003771 lr: 0.000049 alpha: 1.0
INFO:root:pcn_emd_debug_20221109T221655 train [93: 1000/1709]  loss_type: emd, fine_loss: 0.001817 total_loss: 0.003653 lr: 0.000049 alpha: 1.0
INFO:root:pcn_emd_debug_20221109T221655 train [93: 1500/1709]  loss_type: emd, fine_loss: 0.001639 total_loss: 0.003319 lr: 0.000049 alpha: 1.0
INFO:root:Saving net...
INFO:root:Testing...
INFO:root:curr_cd_p: 0.001590; curr_cd_t: 0.000020; curr_f1: 0.989163; 
INFO:root:best_cd_p: 0.001539 [epoch 85]; best_cd_t: 0.000019 [epoch 85]; best_f1: 0.989893 [epoch 54]; 
INFO:root:pcn_emd_debug_20221109T221655 train [94: 0/1709]  loss_type: emd, fine_loss: 0.001772 total_loss: 0.003546 lr: 0.000049 alpha: 1.0
INFO:root:pcn_emd_debug_20221109T221655 train [94: 500/1709]  loss_type: emd, fine_loss: 0.001633 total_loss: 0.003278 lr: 0.000049 alpha: 1.0
INFO:root:pcn_emd_debug_20221109T221655 train [94: 1000/1709]  loss_type: emd, fine_loss: 0.001671 total_loss: 0.003377 lr: 0.000049 alpha: 1.0
INFO:root:pcn_emd_debug_20221109T221655 train [94: 1500/1709]  loss_type: emd, fine_loss: 0.001662 total_loss: 0.003361 lr: 0.000049 alpha: 1.0
INFO:root:Saving net...
INFO:root:Testing...
INFO:root:curr_cd_p: 0.001550; curr_cd_t: 0.000019; curr_f1: 0.989282; 
INFO:root:best_cd_p: 0.001539 [epoch 85]; best_cd_t: 0.000019 [epoch 85]; best_f1: 0.989893 [epoch 54]; 
INFO:root:pcn_emd_debug_20221109T221655 train [95: 0/1709]  loss_type: emd, fine_loss: 0.001669 total_loss: 0.003367 lr: 0.000049 alpha: 1.0
INFO:root:pcn_emd_debug_20221109T221655 train [95: 500/1709]  loss_type: emd, fine_loss: 0.001611 total_loss: 0.003249 lr: 0.000049 alpha: 1.0
INFO:root:pcn_emd_debug_20221109T221655 train [95: 1000/1709]  loss_type: emd, fine_loss: 0.001789 total_loss: 0.003598 lr: 0.000049 alpha: 1.0
INFO:root:pcn_emd_debug_20221109T221655 train [95: 1500/1709]  loss_type: emd, fine_loss: 0.001622 total_loss: 0.003267 lr: 0.000049 alpha: 1.0
INFO:root:Saving net...
INFO:root:Testing...
INFO:root:curr_cd_p: 0.001543; curr_cd_t: 0.000019; curr_f1: 0.989514; 
INFO:root:best_cd_p: 0.001539 [epoch 85]; best_cd_t: 0.000019 [epoch 85]; best_f1: 0.989893 [epoch 54]; 
INFO:root:pcn_emd_debug_20221109T221655 train [96: 0/1709]  loss_type: emd, fine_loss: 0.001593 total_loss: 0.003209 lr: 0.000049 alpha: 1.0
INFO:root:pcn_emd_debug_20221109T221655 train [96: 500/1709]  loss_type: emd, fine_loss: 0.001787 total_loss: 0.003591 lr: 0.000049 alpha: 1.0
INFO:root:pcn_emd_debug_20221109T221655 train [96: 1000/1709]  loss_type: emd, fine_loss: 0.001614 total_loss: 0.003271 lr: 0.000049 alpha: 1.0
INFO:root:pcn_emd_debug_20221109T221655 train [96: 1500/1709]  loss_type: emd, fine_loss: 0.001725 total_loss: 0.003475 lr: 0.000049 alpha: 1.0
INFO:root:Saving net...
INFO:root:Testing...
INFO:root:curr_cd_p: 0.001565; curr_cd_t: 0.000020; curr_f1: 0.989300; 
INFO:root:best_cd_p: 0.001539 [epoch 85]; best_cd_t: 0.000019 [epoch 85]; best_f1: 0.989893 [epoch 54]; 
INFO:root:pcn_emd_debug_20221109T221655 train [97: 0/1709]  loss_type: emd, fine_loss: 0.001774 total_loss: 0.003589 lr: 0.000049 alpha: 1.0
INFO:root:pcn_emd_debug_20221109T221655 train [97: 500/1709]  loss_type: emd, fine_loss: 0.001672 total_loss: 0.003392 lr: 0.000049 alpha: 1.0
INFO:root:pcn_emd_debug_20221109T221655 train [97: 1000/1709]  loss_type: emd, fine_loss: 0.001706 total_loss: 0.003418 lr: 0.000049 alpha: 1.0
INFO:root:pcn_emd_debug_20221109T221655 train [97: 1500/1709]  loss_type: emd, fine_loss: 0.001729 total_loss: 0.003481 lr: 0.000049 alpha: 1.0
INFO:root:Saving net...
INFO:root:Testing...
INFO:root:curr_cd_p: 0.001549; curr_cd_t: 0.000019; curr_f1: 0.989448; 
INFO:root:best_cd_p: 0.001539 [epoch 85]; best_cd_t: 0.000019 [epoch 85]; best_f1: 0.989893 [epoch 54]; 
INFO:root:pcn_emd_debug_20221109T221655 train [98: 0/1709]  loss_type: emd, fine_loss: 0.001659 total_loss: 0.003339 lr: 0.000049 alpha: 1.0
INFO:root:pcn_emd_debug_20221109T221655 train [98: 500/1709]  loss_type: emd, fine_loss: 0.001703 total_loss: 0.003438 lr: 0.000049 alpha: 1.0
INFO:root:pcn_emd_debug_20221109T221655 train [98: 1000/1709]  loss_type: emd, fine_loss: 0.001670 total_loss: 0.003382 lr: 0.000049 alpha: 1.0
INFO:root:pcn_emd_debug_20221109T221655 train [98: 1500/1709]  loss_type: emd, fine_loss: 0.001682 total_loss: 0.003398 lr: 0.000049 alpha: 1.0
INFO:root:Saving net...
INFO:root:Testing...
INFO:root:curr_cd_p: 0.001579; curr_cd_t: 0.000019; curr_f1: 0.989455; 
INFO:root:best_cd_p: 0.001539 [epoch 85]; best_cd_t: 0.000019 [epoch 85]; best_f1: 0.989893 [epoch 54]; 
INFO:root:pcn_emd_debug_20221109T221655 train [99: 0/1709]  loss_type: emd, fine_loss: 0.001710 total_loss: 0.003432 lr: 0.000049 alpha: 1.0
INFO:root:pcn_emd_debug_20221109T221655 train [99: 500/1709]  loss_type: emd, fine_loss: 0.001622 total_loss: 0.003263 lr: 0.000049 alpha: 1.0
INFO:root:pcn_emd_debug_20221109T221655 train [99: 1000/1709]  loss_type: emd, fine_loss: 0.001693 total_loss: 0.003421 lr: 0.000049 alpha: 1.0
INFO:root:pcn_emd_debug_20221109T221655 train [99: 1500/1709]  loss_type: emd, fine_loss: 0.001769 total_loss: 0.003568 lr: 0.000049 alpha: 1.0
INFO:root:Saving net...
INFO:root:Testing...
INFO:root:curr_cd_p: 0.001569; curr_cd_t: 0.000019; curr_f1: 0.989407; 
INFO:root:best_cd_p: 0.001539 [epoch 85]; best_cd_t: 0.000019 [epoch 85]; best_f1: 0.989893 [epoch 54]; 
