INFO:root:Munch({'gpu_device_ids': [0], 'batch_size': 128, 'workers': 0, 'nepoch': 100, 'model_name': 'pcn', 'load_model': None, 'start_epoch': 0, 'num_points': 2048, 'work_dir': 'D:/liu/MVP_Benchmark/completion/log/', 'flag': 'debug', 'loss': 'emd', 'manual_seed': None, 'use_mean_feature': False, 'step_interval_to_print': 500, 'epoch_interval_to_save': 1, 'epoch_interval_to_val': 1, 'varying_constant': '0.01, 0.1, 0.5, 1', 'varying_constant_epochs': '5, 15, 30', 'lr': 0.0001, 'lr_decay': True, 'lr_decay_interval': 40, 'lr_decay_rate': 0.7, 'lr_step_decay_epochs': None, 'lr_step_decay_rates': None, 'lr_clip': 1e-06, 'optimizer': 'Adam', 'weight_decay': 0, 'betas': '0.9, 0.999', 'save_vis': True, 'eval_emd': True})
INFO:root:Length of train dataset:109438
INFO:root:Length of test dataset:31760
INFO:root:Random Seed: 1452
INFO:root:pcn_emd_debug_20221111T120736 train [0: 0/854]  loss_type: emd, fine_loss: 0.066805 total_loss: 0.033443 lr: 0.000100 alpha: 0.01
INFO:root:pcn_emd_debug_20221111T120736 train [0: 500/854]  loss_type: emd, fine_loss: 0.012408 total_loss: 0.012583 lr: 0.000100 alpha: 0.01
INFO:root:Saving net...
INFO:root:Testing...
INFO:root:Best cd_p net saved!
INFO:root:Best cd_t net saved!
INFO:root:Best emd net saved!
INFO:root:Best f1 net saved!
INFO:root:curr_cd_p: 0.011311; curr_cd_t: 0.000487; curr_emd: 0.019139; curr_f1: 0.584414; 
INFO:root:best_cd_p: 0.011311 [epoch 0]; best_cd_t: 0.000487 [epoch 0]; best_emd: 0.019139 [epoch 0]; best_f1: 0.584414 [epoch 0]; 
INFO:root:pcn_emd_debug_20221111T120736 train [1: 0/854]  loss_type: emd, fine_loss: 0.012059 total_loss: 0.012049 lr: 0.000100 alpha: 0.01
INFO:root:pcn_emd_debug_20221111T120736 train [1: 500/854]  loss_type: emd, fine_loss: 0.011665 total_loss: 0.011633 lr: 0.000100 alpha: 0.01
INFO:root:Saving net...
INFO:root:Testing...
INFO:root:Best cd_p net saved!
INFO:root:Best cd_t net saved!
INFO:root:Best emd net saved!
INFO:root:Best f1 net saved!
INFO:root:curr_cd_p: 0.010995; curr_cd_t: 0.000468; curr_emd: 0.018410; curr_f1: 0.597797; 
INFO:root:best_cd_p: 0.010995 [epoch 1]; best_cd_t: 0.000468 [epoch 1]; best_emd: 0.018410 [epoch 1]; best_f1: 0.597797 [epoch 1]; 
INFO:root:pcn_emd_debug_20221111T120736 train [2: 0/854]  loss_type: emd, fine_loss: 0.012597 total_loss: 0.012693 lr: 0.000100 alpha: 0.01
INFO:root:pcn_emd_debug_20221111T120736 train [2: 500/854]  loss_type: emd, fine_loss: 0.012431 total_loss: 0.012567 lr: 0.000100 alpha: 0.01
INFO:root:Saving net...
INFO:root:Testing...
INFO:root:Best cd_t net saved!
INFO:root:curr_cd_p: 0.011027; curr_cd_t: 0.000457; curr_emd: 0.018754; curr_f1: 0.592914; 
INFO:root:best_cd_p: 0.010995 [epoch 1]; best_cd_t: 0.000457 [epoch 2]; best_emd: 0.018410 [epoch 1]; best_f1: 0.597797 [epoch 1]; 
INFO:root:pcn_emd_debug_20221111T120736 train [3: 0/854]  loss_type: emd, fine_loss: 0.012963 total_loss: 0.012886 lr: 0.000100 alpha: 0.01
INFO:root:pcn_emd_debug_20221111T120736 train [3: 500/854]  loss_type: emd, fine_loss: 0.012471 total_loss: 0.012546 lr: 0.000100 alpha: 0.01
INFO:root:Saving net...
INFO:root:Testing...
INFO:root:Best cd_p net saved!
INFO:root:Best cd_t net saved!
INFO:root:Best emd net saved!
INFO:root:Best f1 net saved!
INFO:root:curr_cd_p: 0.010359; curr_cd_t: 0.000404; curr_emd: 0.017870; curr_f1: 0.617784; 
INFO:root:best_cd_p: 0.010359 [epoch 3]; best_cd_t: 0.000404 [epoch 3]; best_emd: 0.017870 [epoch 3]; best_f1: 0.617784 [epoch 3]; 
INFO:root:pcn_emd_debug_20221111T120736 train [4: 0/854]  loss_type: emd, fine_loss: 0.011778 total_loss: 0.011956 lr: 0.000100 alpha: 0.01
INFO:root:pcn_emd_debug_20221111T120736 train [4: 500/854]  loss_type: emd, fine_loss: 0.010481 total_loss: 0.010776 lr: 0.000100 alpha: 0.01
INFO:root:Saving net...
INFO:root:Testing...
INFO:root:Best cd_p net saved!
INFO:root:Best cd_t net saved!
INFO:root:Best emd net saved!
INFO:root:Best f1 net saved!
INFO:root:curr_cd_p: 0.008102; curr_cd_t: 0.000263; curr_emd: 0.016687; curr_f1: 0.706437; 
INFO:root:best_cd_p: 0.008102 [epoch 4]; best_cd_t: 0.000263 [epoch 4]; best_emd: 0.016687 [epoch 4]; best_f1: 0.706437 [epoch 4]; 
INFO:root:pcn_emd_debug_20221111T120736 train [5: 0/854]  loss_type: emd, fine_loss: 0.009664 total_loss: 0.010885 lr: 0.000100 alpha: 0.1
INFO:root:pcn_emd_debug_20221111T120736 train [5: 500/854]  loss_type: emd, fine_loss: 0.009945 total_loss: 0.011100 lr: 0.000100 alpha: 0.1
INFO:root:Saving net...
INFO:root:Testing...
INFO:root:Best cd_p net saved!
INFO:root:Best cd_t net saved!
INFO:root:Best emd net saved!
INFO:root:Best f1 net saved!
INFO:root:curr_cd_p: 0.005214; curr_cd_t: 0.000128; curr_emd: 0.012574; curr_f1: 0.847878; 
INFO:root:best_cd_p: 0.005214 [epoch 5]; best_cd_t: 0.000128 [epoch 5]; best_emd: 0.012574 [epoch 5]; best_f1: 0.847878 [epoch 5]; 
INFO:root:pcn_emd_debug_20221111T120736 train [6: 0/854]  loss_type: emd, fine_loss: 0.007614 total_loss: 0.008502 lr: 0.000100 alpha: 0.1
INFO:root:pcn_emd_debug_20221111T120736 train [6: 500/854]  loss_type: emd, fine_loss: 0.006484 total_loss: 0.007107 lr: 0.000100 alpha: 0.1
INFO:root:Saving net...
INFO:root:Testing...
INFO:root:Best cd_p net saved!
INFO:root:Best cd_t net saved!
INFO:root:Best emd net saved!
INFO:root:Best f1 net saved!
INFO:root:curr_cd_p: 0.004503; curr_cd_t: 0.000099; curr_emd: 0.009681; curr_f1: 0.886142; 
INFO:root:best_cd_p: 0.004503 [epoch 6]; best_cd_t: 0.000099 [epoch 6]; best_emd: 0.009681 [epoch 6]; best_f1: 0.886142 [epoch 6]; 
INFO:root:pcn_emd_debug_20221111T120736 train [7: 0/854]  loss_type: emd, fine_loss: 0.006262 total_loss: 0.006853 lr: 0.000100 alpha: 0.1
INFO:root:pcn_emd_debug_20221111T120736 train [7: 500/854]  loss_type: emd, fine_loss: 0.006496 total_loss: 0.007161 lr: 0.000100 alpha: 0.1
INFO:root:Saving net...
INFO:root:Testing...
INFO:root:Best cd_p net saved!
INFO:root:Best cd_t net saved!
INFO:root:Best emd net saved!
INFO:root:Best f1 net saved!
INFO:root:curr_cd_p: 0.004341; curr_cd_t: 0.000089; curr_emd: 0.009388; curr_f1: 0.899578; 
INFO:root:best_cd_p: 0.004341 [epoch 7]; best_cd_t: 0.000089 [epoch 7]; best_emd: 0.009388 [epoch 7]; best_f1: 0.899578 [epoch 7]; 
INFO:root:pcn_emd_debug_20221111T120736 train [8: 0/854]  loss_type: emd, fine_loss: 0.005962 total_loss: 0.006565 lr: 0.000100 alpha: 0.1
INFO:root:pcn_emd_debug_20221111T120736 train [8: 500/854]  loss_type: emd, fine_loss: 0.005469 total_loss: 0.006005 lr: 0.000100 alpha: 0.1
INFO:root:Saving net...
INFO:root:Testing...
INFO:root:Best cd_p net saved!
INFO:root:Best cd_t net saved!
INFO:root:Best emd net saved!
INFO:root:Best f1 net saved!
INFO:root:curr_cd_p: 0.003991; curr_cd_t: 0.000079; curr_emd: 0.008492; curr_f1: 0.912655; 
INFO:root:best_cd_p: 0.003991 [epoch 8]; best_cd_t: 0.000079 [epoch 8]; best_emd: 0.008492 [epoch 8]; best_f1: 0.912655 [epoch 8]; 
INFO:root:pcn_emd_debug_20221111T120736 train [9: 0/854]  loss_type: emd, fine_loss: 0.005602 total_loss: 0.006183 lr: 0.000100 alpha: 0.1
INFO:root:pcn_emd_debug_20221111T120736 train [9: 500/854]  loss_type: emd, fine_loss: 0.005339 total_loss: 0.005853 lr: 0.000100 alpha: 0.1
INFO:root:Saving net...
INFO:root:Testing...
INFO:root:Best cd_p net saved!
INFO:root:Best cd_t net saved!
INFO:root:Best emd net saved!
INFO:root:Best f1 net saved!
INFO:root:curr_cd_p: 0.003845; curr_cd_t: 0.000074; curr_emd: 0.008086; curr_f1: 0.919656; 
INFO:root:best_cd_p: 0.003845 [epoch 9]; best_cd_t: 0.000074 [epoch 9]; best_emd: 0.008086 [epoch 9]; best_f1: 0.919656 [epoch 9]; 
INFO:root:pcn_emd_debug_20221111T120736 train [10: 0/854]  loss_type: emd, fine_loss: 0.005291 total_loss: 0.005814 lr: 0.000100 alpha: 0.1
INFO:root:pcn_emd_debug_20221111T120736 train [10: 500/854]  loss_type: emd, fine_loss: 0.005072 total_loss: 0.005575 lr: 0.000100 alpha: 0.1
INFO:root:Saving net...
INFO:root:Testing...
INFO:root:Best cd_p net saved!
INFO:root:Best cd_t net saved!
INFO:root:Best emd net saved!
INFO:root:Best f1 net saved!
INFO:root:curr_cd_p: 0.003607; curr_cd_t: 0.000067; curr_emd: 0.007672; curr_f1: 0.929775; 
INFO:root:best_cd_p: 0.003607 [epoch 10]; best_cd_t: 0.000067 [epoch 10]; best_emd: 0.007672 [epoch 10]; best_f1: 0.929775 [epoch 10]; 
INFO:root:pcn_emd_debug_20221111T120736 train [11: 0/854]  loss_type: emd, fine_loss: 0.005525 total_loss: 0.006117 lr: 0.000100 alpha: 0.1
INFO:root:pcn_emd_debug_20221111T120736 train [11: 500/854]  loss_type: emd, fine_loss: 0.004990 total_loss: 0.005466 lr: 0.000100 alpha: 0.1
INFO:root:Saving net...
INFO:root:Testing...
INFO:root:Best cd_p net saved!
INFO:root:Best cd_t net saved!
INFO:root:Best f1 net saved!
INFO:root:curr_cd_p: 0.003585; curr_cd_t: 0.000064; curr_emd: 0.007832; curr_f1: 0.937348; 
INFO:root:best_cd_p: 0.003585 [epoch 11]; best_cd_t: 0.000064 [epoch 11]; best_emd: 0.007672 [epoch 10]; best_f1: 0.937348 [epoch 11]; 
INFO:root:pcn_emd_debug_20221111T120736 train [12: 0/854]  loss_type: emd, fine_loss: 0.005457 total_loss: 0.005954 lr: 0.000100 alpha: 0.1
INFO:root:pcn_emd_debug_20221111T120736 train [12: 500/854]  loss_type: emd, fine_loss: 0.004866 total_loss: 0.005374 lr: 0.000100 alpha: 0.1
INFO:root:Saving net...
INFO:root:Testing...
INFO:root:Best cd_p net saved!
INFO:root:Best cd_t net saved!
INFO:root:Best emd net saved!
INFO:root:Best f1 net saved!
INFO:root:curr_cd_p: 0.003245; curr_cd_t: 0.000057; curr_emd: 0.007139; curr_f1: 0.946566; 
INFO:root:best_cd_p: 0.003245 [epoch 12]; best_cd_t: 0.000057 [epoch 12]; best_emd: 0.007139 [epoch 12]; best_f1: 0.946566 [epoch 12]; 
INFO:root:pcn_emd_debug_20221111T120736 train [13: 0/854]  loss_type: emd, fine_loss: 0.004638 total_loss: 0.005106 lr: 0.000100 alpha: 0.1
INFO:root:pcn_emd_debug_20221111T120736 train [13: 500/854]  loss_type: emd, fine_loss: 0.004782 total_loss: 0.005259 lr: 0.000100 alpha: 0.1
INFO:root:Saving net...
INFO:root:Testing...
INFO:root:Best cd_p net saved!
INFO:root:Best cd_t net saved!
INFO:root:Best f1 net saved!
INFO:root:curr_cd_p: 0.003151; curr_cd_t: 0.000053; curr_emd: 0.007140; curr_f1: 0.952306; 
INFO:root:best_cd_p: 0.003151 [epoch 13]; best_cd_t: 0.000053 [epoch 13]; best_emd: 0.007139 [epoch 12]; best_f1: 0.952306 [epoch 13]; 
INFO:root:pcn_emd_debug_20221111T120736 train [14: 0/854]  loss_type: emd, fine_loss: 0.004434 total_loss: 0.004887 lr: 0.000100 alpha: 0.1
INFO:root:pcn_emd_debug_20221111T120736 train [14: 500/854]  loss_type: emd, fine_loss: 0.004139 total_loss: 0.004576 lr: 0.000100 alpha: 0.1
INFO:root:Saving net...
INFO:root:Testing...
INFO:root:Best cd_p net saved!
INFO:root:Best cd_t net saved!
INFO:root:Best emd net saved!
INFO:root:Best f1 net saved!
INFO:root:curr_cd_p: 0.003014; curr_cd_t: 0.000050; curr_emd: 0.006812; curr_f1: 0.957393; 
INFO:root:best_cd_p: 0.003014 [epoch 14]; best_cd_t: 0.000050 [epoch 14]; best_emd: 0.006812 [epoch 14]; best_f1: 0.957393 [epoch 14]; 
INFO:root:pcn_emd_debug_20221111T120736 train [15: 0/854]  loss_type: emd, fine_loss: 0.004385 total_loss: 0.006596 lr: 0.000100 alpha: 0.5
INFO:root:pcn_emd_debug_20221111T120736 train [15: 500/854]  loss_type: emd, fine_loss: 0.004452 total_loss: 0.006660 lr: 0.000100 alpha: 0.5
INFO:root:Saving net...
INFO:root:Testing...
INFO:root:Best cd_p net saved!
INFO:root:Best cd_t net saved!
INFO:root:Best emd net saved!
INFO:root:Best f1 net saved!
INFO:root:curr_cd_p: 0.002929; curr_cd_t: 0.000047; curr_emd: 0.006727; curr_f1: 0.962438; 
INFO:root:best_cd_p: 0.002929 [epoch 15]; best_cd_t: 0.000047 [epoch 15]; best_emd: 0.006727 [epoch 15]; best_f1: 0.962438 [epoch 15]; 
INFO:root:pcn_emd_debug_20221111T120736 train [16: 0/854]  loss_type: emd, fine_loss: 0.004186 total_loss: 0.006279 lr: 0.000100 alpha: 0.5
INFO:root:pcn_emd_debug_20221111T120736 train [16: 500/854]  loss_type: emd, fine_loss: 0.004150 total_loss: 0.006240 lr: 0.000100 alpha: 0.5
INFO:root:Saving net...
INFO:root:Testing...
INFO:root:Best cd_p net saved!
INFO:root:Best cd_t net saved!
INFO:root:Best emd net saved!
INFO:root:Best f1 net saved!
INFO:root:curr_cd_p: 0.002771; curr_cd_t: 0.000044; curr_emd: 0.006351; curr_f1: 0.965594; 
INFO:root:best_cd_p: 0.002771 [epoch 16]; best_cd_t: 0.000044 [epoch 16]; best_emd: 0.006351 [epoch 16]; best_f1: 0.965594 [epoch 16]; 
INFO:root:pcn_emd_debug_20221111T120736 train [17: 0/854]  loss_type: emd, fine_loss: 0.004189 total_loss: 0.006337 lr: 0.000100 alpha: 0.5
INFO:root:pcn_emd_debug_20221111T120736 train [17: 500/854]  loss_type: emd, fine_loss: 0.003606 total_loss: 0.005435 lr: 0.000100 alpha: 0.5
INFO:root:Saving net...
INFO:root:Testing...
INFO:root:Best cd_p net saved!
INFO:root:Best cd_t net saved!
INFO:root:Best emd net saved!
INFO:root:Best f1 net saved!
INFO:root:curr_cd_p: 0.002752; curr_cd_t: 0.000042; curr_emd: 0.006266; curr_f1: 0.967563; 
INFO:root:best_cd_p: 0.002752 [epoch 17]; best_cd_t: 0.000042 [epoch 17]; best_emd: 0.006266 [epoch 17]; best_f1: 0.967563 [epoch 17]; 
INFO:root:pcn_emd_debug_20221111T120736 train [18: 0/854]  loss_type: emd, fine_loss: 0.003764 total_loss: 0.005646 lr: 0.000100 alpha: 0.5
INFO:root:pcn_emd_debug_20221111T120736 train [18: 500/854]  loss_type: emd, fine_loss: 0.003680 total_loss: 0.005528 lr: 0.000100 alpha: 0.5
INFO:root:Saving net...
INFO:root:Testing...
INFO:root:Best cd_p net saved!
INFO:root:Best cd_t net saved!
INFO:root:Best emd net saved!
INFO:root:Best f1 net saved!
INFO:root:curr_cd_p: 0.002586; curr_cd_t: 0.000039; curr_emd: 0.005943; curr_f1: 0.971214; 
INFO:root:best_cd_p: 0.002586 [epoch 18]; best_cd_t: 0.000039 [epoch 18]; best_emd: 0.005943 [epoch 18]; best_f1: 0.971214 [epoch 18]; 
INFO:root:pcn_emd_debug_20221111T120736 train [19: 0/854]  loss_type: emd, fine_loss: 0.003568 total_loss: 0.005399 lr: 0.000100 alpha: 0.5
INFO:root:pcn_emd_debug_20221111T120736 train [19: 500/854]  loss_type: emd, fine_loss: 0.003818 total_loss: 0.005747 lr: 0.000100 alpha: 0.5
INFO:root:Saving net...
INFO:root:Testing...
INFO:root:Best cd_p net saved!
INFO:root:Best cd_t net saved!
INFO:root:Best emd net saved!
INFO:root:Best f1 net saved!
INFO:root:curr_cd_p: 0.002543; curr_cd_t: 0.000037; curr_emd: 0.005856; curr_f1: 0.972917; 
INFO:root:best_cd_p: 0.002543 [epoch 19]; best_cd_t: 0.000037 [epoch 19]; best_emd: 0.005856 [epoch 19]; best_f1: 0.972917 [epoch 19]; 
INFO:root:pcn_emd_debug_20221111T120736 train [20: 0/854]  loss_type: emd, fine_loss: 0.003593 total_loss: 0.005436 lr: 0.000100 alpha: 0.5
INFO:root:pcn_emd_debug_20221111T120736 train [20: 500/854]  loss_type: emd, fine_loss: 0.003634 total_loss: 0.005494 lr: 0.000100 alpha: 0.5
INFO:root:Saving net...
INFO:root:Testing...
INFO:root:Best cd_p net saved!
INFO:root:Best cd_t net saved!
INFO:root:Best emd net saved!
INFO:root:Best f1 net saved!
INFO:root:curr_cd_p: 0.002507; curr_cd_t: 0.000036; curr_emd: 0.005786; curr_f1: 0.974566; 
INFO:root:best_cd_p: 0.002507 [epoch 20]; best_cd_t: 0.000036 [epoch 20]; best_emd: 0.005786 [epoch 20]; best_f1: 0.974566 [epoch 20]; 
INFO:root:pcn_emd_debug_20221111T120736 train [21: 0/854]  loss_type: emd, fine_loss: 0.003605 total_loss: 0.005416 lr: 0.000100 alpha: 0.5
INFO:root:pcn_emd_debug_20221111T120736 train [21: 500/854]  loss_type: emd, fine_loss: 0.003849 total_loss: 0.005758 lr: 0.000100 alpha: 0.5
INFO:root:Saving net...
INFO:root:Testing...
INFO:root:Best cd_p net saved!
INFO:root:Best cd_t net saved!
INFO:root:Best emd net saved!
INFO:root:Best f1 net saved!
INFO:root:curr_cd_p: 0.002453; curr_cd_t: 0.000035; curr_emd: 0.005709; curr_f1: 0.976279; 
INFO:root:best_cd_p: 0.002453 [epoch 21]; best_cd_t: 0.000035 [epoch 21]; best_emd: 0.005709 [epoch 21]; best_f1: 0.976279 [epoch 21]; 
INFO:root:pcn_emd_debug_20221111T120736 train [22: 0/854]  loss_type: emd, fine_loss: 0.003686 total_loss: 0.005579 lr: 0.000100 alpha: 0.5
INFO:root:pcn_emd_debug_20221111T120736 train [22: 500/854]  loss_type: emd, fine_loss: 0.003271 total_loss: 0.004928 lr: 0.000100 alpha: 0.5
INFO:root:Saving net...
INFO:root:Testing...
INFO:root:Best cd_p net saved!
INFO:root:Best cd_t net saved!
INFO:root:Best emd net saved!
INFO:root:Best f1 net saved!
INFO:root:curr_cd_p: 0.002396; curr_cd_t: 0.000033; curr_emd: 0.005540; curr_f1: 0.977929; 
INFO:root:best_cd_p: 0.002396 [epoch 22]; best_cd_t: 0.000033 [epoch 22]; best_emd: 0.005540 [epoch 22]; best_f1: 0.977929 [epoch 22]; 
INFO:root:pcn_emd_debug_20221111T120736 train [23: 0/854]  loss_type: emd, fine_loss: 0.003234 total_loss: 0.004849 lr: 0.000100 alpha: 0.5
INFO:root:pcn_emd_debug_20221111T120736 train [23: 500/854]  loss_type: emd, fine_loss: 0.003210 total_loss: 0.004863 lr: 0.000100 alpha: 0.5
INFO:root:Saving net...
INFO:root:Testing...
INFO:root:Best cd_p net saved!
INFO:root:Best cd_t net saved!
INFO:root:Best f1 net saved!
INFO:root:curr_cd_p: 0.002356; curr_cd_t: 0.000033; curr_emd: 0.005552; curr_f1: 0.978717; 
INFO:root:best_cd_p: 0.002356 [epoch 23]; best_cd_t: 0.000033 [epoch 23]; best_emd: 0.005540 [epoch 22]; best_f1: 0.978717 [epoch 23]; 
INFO:root:pcn_emd_debug_20221111T120736 train [24: 0/854]  loss_type: emd, fine_loss: 0.003239 total_loss: 0.004916 lr: 0.000100 alpha: 0.5
INFO:root:pcn_emd_debug_20221111T120736 train [24: 500/854]  loss_type: emd, fine_loss: 0.003263 total_loss: 0.004957 lr: 0.000100 alpha: 0.5
INFO:root:Saving net...
INFO:root:Testing...
INFO:root:Best cd_p net saved!
INFO:root:Best cd_t net saved!
INFO:root:Best emd net saved!
INFO:root:Best f1 net saved!
INFO:root:curr_cd_p: 0.002299; curr_cd_t: 0.000031; curr_emd: 0.005455; curr_f1: 0.980113; 
INFO:root:best_cd_p: 0.002299 [epoch 24]; best_cd_t: 0.000031 [epoch 24]; best_emd: 0.005455 [epoch 24]; best_f1: 0.980113 [epoch 24]; 
INFO:root:pcn_emd_debug_20221111T120736 train [25: 0/854]  loss_type: emd, fine_loss: 0.003281 total_loss: 0.004964 lr: 0.000100 alpha: 0.5
INFO:root:pcn_emd_debug_20221111T120736 train [25: 500/854]  loss_type: emd, fine_loss: 0.003164 total_loss: 0.004820 lr: 0.000100 alpha: 0.5
INFO:root:Saving net...
INFO:root:Testing...
INFO:root:Best cd_p net saved!
INFO:root:Best cd_t net saved!
INFO:root:Best emd net saved!
INFO:root:Best f1 net saved!
INFO:root:curr_cd_p: 0.002268; curr_cd_t: 0.000031; curr_emd: 0.005425; curr_f1: 0.981101; 
INFO:root:best_cd_p: 0.002268 [epoch 25]; best_cd_t: 0.000031 [epoch 25]; best_emd: 0.005425 [epoch 25]; best_f1: 0.981101 [epoch 25]; 
INFO:root:pcn_emd_debug_20221111T120736 train [26: 0/854]  loss_type: emd, fine_loss: 0.003241 total_loss: 0.004914 lr: 0.000100 alpha: 0.5
INFO:root:pcn_emd_debug_20221111T120736 train [26: 500/854]  loss_type: emd, fine_loss: 0.003238 total_loss: 0.004884 lr: 0.000100 alpha: 0.5
INFO:root:Saving net...
INFO:root:Testing...
INFO:root:Best cd_p net saved!
INFO:root:Best cd_t net saved!
INFO:root:Best emd net saved!
INFO:root:Best f1 net saved!
INFO:root:curr_cd_p: 0.002174; curr_cd_t: 0.000029; curr_emd: 0.005165; curr_f1: 0.981923; 
INFO:root:best_cd_p: 0.002174 [epoch 26]; best_cd_t: 0.000029 [epoch 26]; best_emd: 0.005165 [epoch 26]; best_f1: 0.981923 [epoch 26]; 
INFO:root:pcn_emd_debug_20221111T120736 train [27: 0/854]  loss_type: emd, fine_loss: 0.003006 total_loss: 0.004564 lr: 0.000100 alpha: 0.5
INFO:root:pcn_emd_debug_20221111T120736 train [27: 500/854]  loss_type: emd, fine_loss: 0.003085 total_loss: 0.004697 lr: 0.000100 alpha: 0.5
INFO:root:Saving net...
INFO:root:Testing...
INFO:root:Best cd_p net saved!
INFO:root:Best cd_t net saved!
INFO:root:Best emd net saved!
INFO:root:Best f1 net saved!
INFO:root:curr_cd_p: 0.002112; curr_cd_t: 0.000028; curr_emd: 0.005078; curr_f1: 0.982898; 
INFO:root:best_cd_p: 0.002112 [epoch 27]; best_cd_t: 0.000028 [epoch 27]; best_emd: 0.005078 [epoch 27]; best_f1: 0.982898 [epoch 27]; 
INFO:root:pcn_emd_debug_20221111T120736 train [28: 0/854]  loss_type: emd, fine_loss: 0.002819 total_loss: 0.004292 lr: 0.000100 alpha: 0.5
INFO:root:pcn_emd_debug_20221111T120736 train [28: 500/854]  loss_type: emd, fine_loss: 0.002926 total_loss: 0.004435 lr: 0.000100 alpha: 0.5
INFO:root:Saving net...
INFO:root:Testing...
INFO:root:Best f1 net saved!
INFO:root:curr_cd_p: 0.002147; curr_cd_t: 0.000028; curr_emd: 0.005148; curr_f1: 0.983439; 
INFO:root:best_cd_p: 0.002112 [epoch 27]; best_cd_t: 0.000028 [epoch 27]; best_emd: 0.005078 [epoch 27]; best_f1: 0.983439 [epoch 28]; 
INFO:root:pcn_emd_debug_20221111T120736 train [29: 0/854]  loss_type: emd, fine_loss: 0.002856 total_loss: 0.004310 lr: 0.000100 alpha: 0.5
INFO:root:pcn_emd_debug_20221111T120736 train [29: 500/854]  loss_type: emd, fine_loss: 0.002885 total_loss: 0.004404 lr: 0.000100 alpha: 0.5
INFO:root:Saving net...
INFO:root:Testing...
INFO:root:Best cd_p net saved!
INFO:root:Best cd_t net saved!
INFO:root:Best emd net saved!
INFO:root:Best f1 net saved!
INFO:root:curr_cd_p: 0.002055; curr_cd_t: 0.000027; curr_emd: 0.004931; curr_f1: 0.984056; 
INFO:root:best_cd_p: 0.002055 [epoch 29]; best_cd_t: 0.000027 [epoch 29]; best_emd: 0.004931 [epoch 29]; best_f1: 0.984056 [epoch 29]; 
INFO:root:pcn_emd_debug_20221111T120736 train [30: 0/854]  loss_type: emd, fine_loss: 0.002737 total_loss: 0.005515 lr: 0.000100 alpha: 1.0
INFO:root:pcn_emd_debug_20221111T120736 train [30: 500/854]  loss_type: emd, fine_loss: 0.003418 total_loss: 0.006789 lr: 0.000100 alpha: 1.0
INFO:root:Saving net...
INFO:root:Testing...
INFO:root:curr_cd_p: 0.002132; curr_cd_t: 0.000028; curr_emd: 0.005016; curr_f1: 0.983836; 
INFO:root:best_cd_p: 0.002055 [epoch 29]; best_cd_t: 0.000027 [epoch 29]; best_emd: 0.004931 [epoch 29]; best_f1: 0.984056 [epoch 29]; 
INFO:root:pcn_emd_debug_20221111T120736 train [31: 0/854]  loss_type: emd, fine_loss: 0.002967 total_loss: 0.006009 lr: 0.000100 alpha: 1.0
INFO:root:pcn_emd_debug_20221111T120736 train [31: 500/854]  loss_type: emd, fine_loss: 0.002820 total_loss: 0.005720 lr: 0.000100 alpha: 1.0
INFO:root:Saving net...
INFO:root:Testing...
INFO:root:Best cd_p net saved!
INFO:root:Best cd_t net saved!
INFO:root:Best emd net saved!
INFO:root:Best f1 net saved!
INFO:root:curr_cd_p: 0.002037; curr_cd_t: 0.000026; curr_emd: 0.004862; curr_f1: 0.984924; 
INFO:root:best_cd_p: 0.002037 [epoch 31]; best_cd_t: 0.000026 [epoch 31]; best_emd: 0.004862 [epoch 31]; best_f1: 0.984924 [epoch 31]; 
INFO:root:pcn_emd_debug_20221111T120736 train [32: 0/854]  loss_type: emd, fine_loss: 0.002735 total_loss: 0.005554 lr: 0.000100 alpha: 1.0
INFO:root:pcn_emd_debug_20221111T120736 train [32: 500/854]  loss_type: emd, fine_loss: 0.002806 total_loss: 0.005690 lr: 0.000100 alpha: 1.0
INFO:root:Saving net...
INFO:root:Testing...
INFO:root:Best cd_t net saved!
INFO:root:Best f1 net saved!
INFO:root:curr_cd_p: 0.002044; curr_cd_t: 0.000026; curr_emd: 0.004874; curr_f1: 0.985449; 
INFO:root:best_cd_p: 0.002037 [epoch 31]; best_cd_t: 0.000026 [epoch 32]; best_emd: 0.004862 [epoch 31]; best_f1: 0.985449 [epoch 32]; 
INFO:root:pcn_emd_debug_20221111T120736 train [33: 0/854]  loss_type: emd, fine_loss: 0.002697 total_loss: 0.005454 lr: 0.000100 alpha: 1.0
INFO:root:pcn_emd_debug_20221111T120736 train [33: 500/854]  loss_type: emd, fine_loss: 0.002541 total_loss: 0.005117 lr: 0.000100 alpha: 1.0
INFO:root:Saving net...
INFO:root:Testing...
INFO:root:Best cd_p net saved!
INFO:root:Best cd_t net saved!
INFO:root:Best f1 net saved!
INFO:root:curr_cd_p: 0.002005; curr_cd_t: 0.000025; curr_emd: 0.004886; curr_f1: 0.986057; 
INFO:root:best_cd_p: 0.002005 [epoch 33]; best_cd_t: 0.000025 [epoch 33]; best_emd: 0.004862 [epoch 31]; best_f1: 0.986057 [epoch 33]; 
INFO:root:pcn_emd_debug_20221111T120736 train [34: 0/854]  loss_type: emd, fine_loss: 0.002812 total_loss: 0.005702 lr: 0.000100 alpha: 1.0
INFO:root:pcn_emd_debug_20221111T120736 train [34: 500/854]  loss_type: emd, fine_loss: 0.002757 total_loss: 0.005568 lr: 0.000100 alpha: 1.0
INFO:root:Saving net...
INFO:root:Testing...
INFO:root:Best cd_p net saved!
INFO:root:Best cd_t net saved!
INFO:root:Best emd net saved!
INFO:root:Best f1 net saved!
INFO:root:curr_cd_p: 0.001977; curr_cd_t: 0.000025; curr_emd: 0.004783; curr_f1: 0.986194; 
INFO:root:best_cd_p: 0.001977 [epoch 34]; best_cd_t: 0.000025 [epoch 34]; best_emd: 0.004783 [epoch 34]; best_f1: 0.986194 [epoch 34]; 
INFO:root:pcn_emd_debug_20221111T120736 train [35: 0/854]  loss_type: emd, fine_loss: 0.002564 total_loss: 0.005149 lr: 0.000100 alpha: 1.0
INFO:root:pcn_emd_debug_20221111T120736 train [35: 500/854]  loss_type: emd, fine_loss: 0.002476 total_loss: 0.005040 lr: 0.000100 alpha: 1.0
INFO:root:Saving net...
INFO:root:Testing...
INFO:root:Best cd_p net saved!
INFO:root:Best cd_t net saved!
INFO:root:Best emd net saved!
INFO:root:Best f1 net saved!
INFO:root:curr_cd_p: 0.001955; curr_cd_t: 0.000025; curr_emd: 0.004738; curr_f1: 0.986355; 
INFO:root:best_cd_p: 0.001955 [epoch 35]; best_cd_t: 0.000025 [epoch 35]; best_emd: 0.004738 [epoch 35]; best_f1: 0.986355 [epoch 35]; 
INFO:root:pcn_emd_debug_20221111T120736 train [36: 0/854]  loss_type: emd, fine_loss: 0.002558 total_loss: 0.005150 lr: 0.000100 alpha: 1.0
INFO:root:pcn_emd_debug_20221111T120736 train [36: 500/854]  loss_type: emd, fine_loss: 0.002913 total_loss: 0.005856 lr: 0.000100 alpha: 1.0
INFO:root:Saving net...
INFO:root:Testing...
INFO:root:Best f1 net saved!
INFO:root:curr_cd_p: 0.001979; curr_cd_t: 0.000025; curr_emd: 0.004798; curr_f1: 0.986675; 
INFO:root:best_cd_p: 0.001955 [epoch 35]; best_cd_t: 0.000025 [epoch 35]; best_emd: 0.004738 [epoch 35]; best_f1: 0.986675 [epoch 36]; 
INFO:root:pcn_emd_debug_20221111T120736 train [37: 0/854]  loss_type: emd, fine_loss: 0.002747 total_loss: 0.005559 lr: 0.000100 alpha: 1.0
INFO:root:pcn_emd_debug_20221111T120736 train [37: 500/854]  loss_type: emd, fine_loss: 0.002594 total_loss: 0.005264 lr: 0.000100 alpha: 1.0
INFO:root:Saving net...
INFO:root:Testing...
INFO:root:Best cd_p net saved!
INFO:root:Best cd_t net saved!
INFO:root:Best emd net saved!
INFO:root:Best f1 net saved!
INFO:root:curr_cd_p: 0.001935; curr_cd_t: 0.000025; curr_emd: 0.004715; curr_f1: 0.986888; 
INFO:root:best_cd_p: 0.001935 [epoch 37]; best_cd_t: 0.000025 [epoch 37]; best_emd: 0.004715 [epoch 37]; best_f1: 0.986888 [epoch 37]; 
INFO:root:pcn_emd_debug_20221111T120736 train [38: 0/854]  loss_type: emd, fine_loss: 0.002631 total_loss: 0.005362 lr: 0.000100 alpha: 1.0
INFO:root:pcn_emd_debug_20221111T120736 train [38: 500/854]  loss_type: emd, fine_loss: 0.002546 total_loss: 0.005156 lr: 0.000100 alpha: 1.0
INFO:root:Saving net...
INFO:root:Testing...
INFO:root:Best cd_p net saved!
INFO:root:Best cd_t net saved!
INFO:root:Best emd net saved!
INFO:root:Best f1 net saved!
INFO:root:curr_cd_p: 0.001888; curr_cd_t: 0.000024; curr_emd: 0.004688; curr_f1: 0.987331; 
INFO:root:best_cd_p: 0.001888 [epoch 38]; best_cd_t: 0.000024 [epoch 38]; best_emd: 0.004688 [epoch 38]; best_f1: 0.987331 [epoch 38]; 
INFO:root:pcn_emd_debug_20221111T120736 train [39: 0/854]  loss_type: emd, fine_loss: 0.002490 total_loss: 0.005056 lr: 0.000100 alpha: 1.0
INFO:root:pcn_emd_debug_20221111T120736 train [39: 500/854]  loss_type: emd, fine_loss: 0.002548 total_loss: 0.005164 lr: 0.000100 alpha: 1.0
INFO:root:Saving net...
INFO:root:Testing...
INFO:root:Best cd_t net saved!
INFO:root:Best emd net saved!
INFO:root:Best f1 net saved!
INFO:root:curr_cd_p: 0.001896; curr_cd_t: 0.000024; curr_emd: 0.004566; curr_f1: 0.987502; 
INFO:root:best_cd_p: 0.001888 [epoch 38]; best_cd_t: 0.000024 [epoch 39]; best_emd: 0.004566 [epoch 39]; best_f1: 0.987502 [epoch 39]; 
INFO:root:pcn_emd_debug_20221111T120736 train [40: 0/854]  loss_type: emd, fine_loss: 0.002533 total_loss: 0.005168 lr: 0.000070 alpha: 1.0
INFO:root:pcn_emd_debug_20221111T120736 train [40: 500/854]  loss_type: emd, fine_loss: 0.002437 total_loss: 0.004932 lr: 0.000070 alpha: 1.0
INFO:root:Saving net...
INFO:root:Testing...
INFO:root:Best cd_p net saved!
INFO:root:Best cd_t net saved!
INFO:root:Best emd net saved!
INFO:root:Best f1 net saved!
INFO:root:curr_cd_p: 0.001814; curr_cd_t: 0.000023; curr_emd: 0.004506; curr_f1: 0.987795; 
INFO:root:best_cd_p: 0.001814 [epoch 40]; best_cd_t: 0.000023 [epoch 40]; best_emd: 0.004506 [epoch 40]; best_f1: 0.987795 [epoch 40]; 
INFO:root:pcn_emd_debug_20221111T120736 train [41: 0/854]  loss_type: emd, fine_loss: 0.002308 total_loss: 0.004699 lr: 0.000070 alpha: 1.0
INFO:root:pcn_emd_debug_20221111T120736 train [41: 500/854]  loss_type: emd, fine_loss: 0.002399 total_loss: 0.004855 lr: 0.000070 alpha: 1.0
INFO:root:Saving net...
INFO:root:Testing...
INFO:root:Best f1 net saved!
INFO:root:curr_cd_p: 0.001883; curr_cd_t: 0.000023; curr_emd: 0.004613; curr_f1: 0.987934; 
INFO:root:best_cd_p: 0.001814 [epoch 40]; best_cd_t: 0.000023 [epoch 40]; best_emd: 0.004506 [epoch 40]; best_f1: 0.987934 [epoch 41]; 
INFO:root:pcn_emd_debug_20221111T120736 train [42: 0/854]  loss_type: emd, fine_loss: 0.002425 total_loss: 0.004924 lr: 0.000070 alpha: 1.0
INFO:root:pcn_emd_debug_20221111T120736 train [42: 500/854]  loss_type: emd, fine_loss: 0.002409 total_loss: 0.004914 lr: 0.000070 alpha: 1.0
INFO:root:Saving net...
INFO:root:Testing...
INFO:root:curr_cd_p: 0.001893; curr_cd_t: 0.000023; curr_emd: 0.004591; curr_f1: 0.987837; 
INFO:root:best_cd_p: 0.001814 [epoch 40]; best_cd_t: 0.000023 [epoch 40]; best_emd: 0.004506 [epoch 40]; best_f1: 0.987934 [epoch 41]; 
INFO:root:pcn_emd_debug_20221111T120736 train [43: 0/854]  loss_type: emd, fine_loss: 0.002536 total_loss: 0.005132 lr: 0.000070 alpha: 1.0
INFO:root:pcn_emd_debug_20221111T120736 train [43: 500/854]  loss_type: emd, fine_loss: 0.002518 total_loss: 0.005101 lr: 0.000070 alpha: 1.0
INFO:root:Saving net...
INFO:root:Testing...
INFO:root:Best cd_p net saved!
INFO:root:Best cd_t net saved!
INFO:root:Best emd net saved!
INFO:root:Best f1 net saved!
INFO:root:curr_cd_p: 0.001788; curr_cd_t: 0.000022; curr_emd: 0.004389; curr_f1: 0.988265; 
INFO:root:best_cd_p: 0.001788 [epoch 43]; best_cd_t: 0.000022 [epoch 43]; best_emd: 0.004389 [epoch 43]; best_f1: 0.988265 [epoch 43]; 
INFO:root:pcn_emd_debug_20221111T120736 train [44: 0/854]  loss_type: emd, fine_loss: 0.002257 total_loss: 0.004593 lr: 0.000070 alpha: 1.0
INFO:root:pcn_emd_debug_20221111T120736 train [44: 500/854]  loss_type: emd, fine_loss: 0.002491 total_loss: 0.005042 lr: 0.000070 alpha: 1.0
INFO:root:Saving net...
INFO:root:Testing...
INFO:root:Best cd_p net saved!
INFO:root:Best cd_t net saved!
INFO:root:Best emd net saved!
INFO:root:Best f1 net saved!
INFO:root:curr_cd_p: 0.001774; curr_cd_t: 0.000022; curr_emd: 0.004385; curr_f1: 0.988360; 
INFO:root:best_cd_p: 0.001774 [epoch 44]; best_cd_t: 0.000022 [epoch 44]; best_emd: 0.004385 [epoch 44]; best_f1: 0.988360 [epoch 44]; 
INFO:root:pcn_emd_debug_20221111T120736 train [45: 0/854]  loss_type: emd, fine_loss: 0.002277 total_loss: 0.004592 lr: 0.000070 alpha: 1.0
INFO:root:pcn_emd_debug_20221111T120736 train [45: 500/854]  loss_type: emd, fine_loss: 0.002389 total_loss: 0.004850 lr: 0.000070 alpha: 1.0
INFO:root:Saving net...
INFO:root:Testing...
INFO:root:Best cd_p net saved!
INFO:root:Best cd_t net saved!
INFO:root:Best f1 net saved!
INFO:root:curr_cd_p: 0.001761; curr_cd_t: 0.000022; curr_emd: 0.004394; curr_f1: 0.988732; 
INFO:root:best_cd_p: 0.001761 [epoch 45]; best_cd_t: 0.000022 [epoch 45]; best_emd: 0.004385 [epoch 44]; best_f1: 0.988732 [epoch 45]; 
INFO:root:pcn_emd_debug_20221111T120736 train [46: 0/854]  loss_type: emd, fine_loss: 0.002217 total_loss: 0.004515 lr: 0.000070 alpha: 1.0
INFO:root:pcn_emd_debug_20221111T120736 train [46: 500/854]  loss_type: emd, fine_loss: 0.002428 total_loss: 0.004910 lr: 0.000070 alpha: 1.0
INFO:root:Saving net...
INFO:root:Testing...
INFO:root:curr_cd_p: 0.001818; curr_cd_t: 0.000022; curr_emd: 0.004446; curr_f1: 0.988316; 
INFO:root:best_cd_p: 0.001761 [epoch 45]; best_cd_t: 0.000022 [epoch 45]; best_emd: 0.004385 [epoch 44]; best_f1: 0.988732 [epoch 45]; 
INFO:root:pcn_emd_debug_20221111T120736 train [47: 0/854]  loss_type: emd, fine_loss: 0.002389 total_loss: 0.004868 lr: 0.000070 alpha: 1.0
INFO:root:pcn_emd_debug_20221111T120736 train [47: 500/854]  loss_type: emd, fine_loss: 0.002256 total_loss: 0.004611 lr: 0.000070 alpha: 1.0
INFO:root:Saving net...
INFO:root:Testing...
INFO:root:Best emd net saved!
INFO:root:curr_cd_p: 0.001774; curr_cd_t: 0.000022; curr_emd: 0.004383; curr_f1: 0.988651; 
INFO:root:best_cd_p: 0.001761 [epoch 45]; best_cd_t: 0.000022 [epoch 45]; best_emd: 0.004383 [epoch 47]; best_f1: 0.988732 [epoch 45]; 
INFO:root:pcn_emd_debug_20221111T120736 train [48: 0/854]  loss_type: emd, fine_loss: 0.002255 total_loss: 0.004579 lr: 0.000070 alpha: 1.0
INFO:root:pcn_emd_debug_20221111T120736 train [48: 500/854]  loss_type: emd, fine_loss: 0.002184 total_loss: 0.004440 lr: 0.000070 alpha: 1.0
INFO:root:Saving net...
INFO:root:Testing...
INFO:root:Best emd net saved!
INFO:root:curr_cd_p: 0.001775; curr_cd_t: 0.000022; curr_emd: 0.004377; curr_f1: 0.988620; 
INFO:root:best_cd_p: 0.001761 [epoch 45]; best_cd_t: 0.000022 [epoch 45]; best_emd: 0.004377 [epoch 48]; best_f1: 0.988732 [epoch 45]; 
INFO:root:pcn_emd_debug_20221111T120736 train [49: 0/854]  loss_type: emd, fine_loss: 0.002187 total_loss: 0.004409 lr: 0.000070 alpha: 1.0
INFO:root:pcn_emd_debug_20221111T120736 train [49: 500/854]  loss_type: emd, fine_loss: 0.002286 total_loss: 0.004667 lr: 0.000070 alpha: 1.0
INFO:root:Saving net...
INFO:root:Testing...
INFO:root:Best cd_p net saved!
INFO:root:Best cd_t net saved!
INFO:root:Best emd net saved!
INFO:root:Best f1 net saved!
INFO:root:curr_cd_p: 0.001726; curr_cd_t: 0.000021; curr_emd: 0.004291; curr_f1: 0.988952; 
INFO:root:best_cd_p: 0.001726 [epoch 49]; best_cd_t: 0.000021 [epoch 49]; best_emd: 0.004291 [epoch 49]; best_f1: 0.988952 [epoch 49]; 
INFO:root:pcn_emd_debug_20221111T120736 train [50: 0/854]  loss_type: emd, fine_loss: 0.002237 total_loss: 0.004560 lr: 0.000070 alpha: 1.0
INFO:root:pcn_emd_debug_20221111T120736 train [50: 500/854]  loss_type: emd, fine_loss: 0.002091 total_loss: 0.004249 lr: 0.000070 alpha: 1.0
INFO:root:Saving net...
INFO:root:Testing...
INFO:root:curr_cd_p: 0.001766; curr_cd_t: 0.000022; curr_emd: 0.004314; curr_f1: 0.988600; 
INFO:root:best_cd_p: 0.001726 [epoch 49]; best_cd_t: 0.000021 [epoch 49]; best_emd: 0.004291 [epoch 49]; best_f1: 0.988952 [epoch 49]; 
INFO:root:pcn_emd_debug_20221111T120736 train [51: 0/854]  loss_type: emd, fine_loss: 0.002321 total_loss: 0.004742 lr: 0.000070 alpha: 1.0
INFO:root:pcn_emd_debug_20221111T120736 train [51: 500/854]  loss_type: emd, fine_loss: 0.002195 total_loss: 0.004475 lr: 0.000070 alpha: 1.0
INFO:root:Saving net...
INFO:root:Testing...
INFO:root:Best emd net saved!
INFO:root:curr_cd_p: 0.001728; curr_cd_t: 0.000021; curr_emd: 0.004267; curr_f1: 0.988897; 
INFO:root:best_cd_p: 0.001726 [epoch 49]; best_cd_t: 0.000021 [epoch 49]; best_emd: 0.004267 [epoch 51]; best_f1: 0.988952 [epoch 49]; 
INFO:root:pcn_emd_debug_20221111T120736 train [52: 0/854]  loss_type: emd, fine_loss: 0.002149 total_loss: 0.004349 lr: 0.000070 alpha: 1.0
INFO:root:pcn_emd_debug_20221111T120736 train [52: 500/854]  loss_type: emd, fine_loss: 0.002225 total_loss: 0.004523 lr: 0.000070 alpha: 1.0
INFO:root:Saving net...
INFO:root:Testing...
INFO:root:Best cd_p net saved!
INFO:root:Best cd_t net saved!
INFO:root:Best emd net saved!
INFO:root:Best f1 net saved!
INFO:root:curr_cd_p: 0.001694; curr_cd_t: 0.000021; curr_emd: 0.004209; curr_f1: 0.989082; 
INFO:root:best_cd_p: 0.001694 [epoch 52]; best_cd_t: 0.000021 [epoch 52]; best_emd: 0.004209 [epoch 52]; best_f1: 0.989082 [epoch 52]; 
INFO:root:pcn_emd_debug_20221111T120736 train [53: 0/854]  loss_type: emd, fine_loss: 0.002156 total_loss: 0.004397 lr: 0.000070 alpha: 1.0
INFO:root:pcn_emd_debug_20221111T120736 train [53: 500/854]  loss_type: emd, fine_loss: 0.002262 total_loss: 0.004586 lr: 0.000070 alpha: 1.0
INFO:root:Saving net...
INFO:root:Testing...
INFO:root:curr_cd_p: 0.001740; curr_cd_t: 0.000021; curr_emd: 0.004277; curr_f1: 0.989073; 
INFO:root:best_cd_p: 0.001694 [epoch 52]; best_cd_t: 0.000021 [epoch 52]; best_emd: 0.004209 [epoch 52]; best_f1: 0.989082 [epoch 52]; 
INFO:root:pcn_emd_debug_20221111T120736 train [54: 0/854]  loss_type: emd, fine_loss: 0.002238 total_loss: 0.004537 lr: 0.000070 alpha: 1.0
INFO:root:pcn_emd_debug_20221111T120736 train [54: 500/854]  loss_type: emd, fine_loss: 0.002187 total_loss: 0.004437 lr: 0.000070 alpha: 1.0
INFO:root:Saving net...
INFO:root:Testing...
INFO:root:Best cd_t net saved!
INFO:root:Best f1 net saved!
INFO:root:curr_cd_p: 0.001700; curr_cd_t: 0.000021; curr_emd: 0.004223; curr_f1: 0.989266; 
INFO:root:best_cd_p: 0.001694 [epoch 52]; best_cd_t: 0.000021 [epoch 54]; best_emd: 0.004209 [epoch 52]; best_f1: 0.989266 [epoch 54]; 
INFO:root:pcn_emd_debug_20221111T120736 train [55: 0/854]  loss_type: emd, fine_loss: 0.002186 total_loss: 0.004433 lr: 0.000070 alpha: 1.0
INFO:root:Munch({'gpu_device_ids': [0], 'batch_size': 128, 'workers': 0, 'nepoch': 100, 'model_name': 'pcn', 'load_model': 'D:/liu/MVP_Benchmark/completion/log/pcn_emd_debug_20221111T120736/best_cd_p_network.pth', 'start_epoch': 0, 'num_points': 2048, 'work_dir': 'D:/liu/MVP_Benchmark/completion/log/', 'flag': 'debug', 'loss': 'emd', 'manual_seed': None, 'use_mean_feature': False, 'step_interval_to_print': 500, 'epoch_interval_to_save': 1, 'epoch_interval_to_val': 1, 'varying_constant': '0.01, 0.1, 0.5, 1', 'varying_constant_epochs': '5, 15, 30', 'lr': 0.0001, 'lr_decay': True, 'lr_decay_interval': 40, 'lr_decay_rate': 0.7, 'lr_step_decay_epochs': None, 'lr_step_decay_rates': None, 'lr_clip': 1e-06, 'optimizer': 'Adam', 'weight_decay': 0, 'betas': '0.9, 0.999', 'save_vis': True, 'eval_emd': True})
INFO:root:Length of train dataset:109438
INFO:root:Length of test dataset:31760
INFO:root:Random Seed: 5188
INFO:root:pcn's previous weights loaded.
INFO:root:pcn_emd_debug_20221111T120736 train [0: 0/854]  loss_type: emd, fine_loss: 0.002119 total_loss: 0.002201 lr: 0.000100 alpha: 0.01
INFO:root:pcn_emd_debug_20221111T120736 train [0: 500/854]  loss_type: emd, fine_loss: 0.002228 total_loss: 0.002321 lr: 0.000100 alpha: 0.01
INFO:root:Saving net...
INFO:root:Testing...
INFO:root:Best cd_p net saved!
INFO:root:Best cd_t net saved!
INFO:root:Best emd net saved!
INFO:root:Best f1 net saved!
INFO:root:curr_cd_p: 0.001776; curr_cd_t: 0.000022; curr_emd: 0.004371; curr_f1: 0.989161; 
INFO:root:best_cd_p: 0.001776 [epoch 0]; best_cd_t: 0.000022 [epoch 0]; best_emd: 0.004371 [epoch 0]; best_f1: 0.989161 [epoch 0]; 
INFO:root:pcn_emd_debug_20221111T120736 train [1: 0/854]  loss_type: emd, fine_loss: 0.002337 total_loss: 0.002421 lr: 0.000100 alpha: 0.01
INFO:root:pcn_emd_debug_20221111T120736 train [1: 500/854]  loss_type: emd, fine_loss: 0.002374 total_loss: 0.002442 lr: 0.000100 alpha: 0.01
INFO:root:Saving net...
INFO:root:Testing...
INFO:root:Best cd_p net saved!
INFO:root:Best cd_t net saved!
INFO:root:Best emd net saved!
INFO:root:curr_cd_p: 0.001757; curr_cd_t: 0.000021; curr_emd: 0.004329; curr_f1: 0.988860; 
INFO:root:best_cd_p: 0.001757 [epoch 1]; best_cd_t: 0.000021 [epoch 1]; best_emd: 0.004329 [epoch 1]; best_f1: 0.989161 [epoch 0]; 
INFO:root:pcn_emd_debug_20221111T120736 train [2: 0/854]  loss_type: emd, fine_loss: 0.002201 total_loss: 0.002224 lr: 0.000100 alpha: 0.01
INFO:root:pcn_emd_debug_20221111T120736 train [2: 500/854]  loss_type: emd, fine_loss: 0.002234 total_loss: 0.002300 lr: 0.000100 alpha: 0.01
INFO:root:Saving net...
INFO:root:Testing...
INFO:root:Best cd_t net saved!
INFO:root:Best emd net saved!
INFO:root:curr_cd_p: 0.001762; curr_cd_t: 0.000021; curr_emd: 0.004313; curr_f1: 0.989034; 
INFO:root:best_cd_p: 0.001757 [epoch 1]; best_cd_t: 0.000021 [epoch 2]; best_emd: 0.004313 [epoch 2]; best_f1: 0.989161 [epoch 0]; 
INFO:root:pcn_emd_debug_20221111T120736 train [3: 0/854]  loss_type: emd, fine_loss: 0.002202 total_loss: 0.002243 lr: 0.000100 alpha: 0.01
INFO:root:pcn_emd_debug_20221111T120736 train [3: 500/854]  loss_type: emd, fine_loss: 0.002139 total_loss: 0.002218 lr: 0.000100 alpha: 0.01
INFO:root:Saving net...
INFO:root:Testing...
INFO:root:curr_cd_p: 0.001770; curr_cd_t: 0.000022; curr_emd: 0.004313; curr_f1: 0.988781; 
INFO:root:best_cd_p: 0.001757 [epoch 1]; best_cd_t: 0.000021 [epoch 2]; best_emd: 0.004313 [epoch 2]; best_f1: 0.989161 [epoch 0]; 
INFO:root:pcn_emd_debug_20221111T120736 train [4: 0/854]  loss_type: emd, fine_loss: 0.002311 total_loss: 0.002419 lr: 0.000100 alpha: 0.01
INFO:root:pcn_emd_debug_20221111T120736 train [4: 500/854]  loss_type: emd, fine_loss: 0.002253 total_loss: 0.002339 lr: 0.000100 alpha: 0.01
INFO:root:Saving net...
INFO:root:Testing...
INFO:root:Best cd_p net saved!
INFO:root:Best cd_t net saved!
INFO:root:Best emd net saved!
INFO:root:Best f1 net saved!
INFO:root:curr_cd_p: 0.001703; curr_cd_t: 0.000021; curr_emd: 0.004219; curr_f1: 0.989332; 
INFO:root:best_cd_p: 0.001703 [epoch 4]; best_cd_t: 0.000021 [epoch 4]; best_emd: 0.004219 [epoch 4]; best_f1: 0.989332 [epoch 4]; 
INFO:root:pcn_emd_debug_20221111T120736 train [5: 0/854]  loss_type: emd, fine_loss: 0.002195 total_loss: 0.002485 lr: 0.000100 alpha: 0.1
INFO:root:pcn_emd_debug_20221111T120736 train [5: 500/854]  loss_type: emd, fine_loss: 0.002352 total_loss: 0.002597 lr: 0.000100 alpha: 0.1
INFO:root:Saving net...
INFO:root:Testing...
INFO:root:curr_cd_p: 0.001883; curr_cd_t: 0.000023; curr_emd: 0.004569; curr_f1: 0.989013; 
INFO:root:best_cd_p: 0.001703 [epoch 4]; best_cd_t: 0.000021 [epoch 4]; best_emd: 0.004219 [epoch 4]; best_f1: 0.989332 [epoch 4]; 
INFO:root:pcn_emd_debug_20221111T120736 train [6: 0/854]  loss_type: emd, fine_loss: 0.002467 total_loss: 0.002673 lr: 0.000100 alpha: 0.1
INFO:root:pcn_emd_debug_20221111T120736 train [6: 500/854]  loss_type: emd, fine_loss: 0.002282 total_loss: 0.002568 lr: 0.000100 alpha: 0.1
INFO:root:Saving net...
INFO:root:Testing...
INFO:root:Best cd_t net saved!
INFO:root:Best emd net saved!
INFO:root:Best f1 net saved!
INFO:root:curr_cd_p: 0.001704; curr_cd_t: 0.000021; curr_emd: 0.004198; curr_f1: 0.989479; 
INFO:root:best_cd_p: 0.001703 [epoch 4]; best_cd_t: 0.000021 [epoch 6]; best_emd: 0.004198 [epoch 6]; best_f1: 0.989479 [epoch 6]; 
INFO:root:pcn_emd_debug_20221111T120736 train [7: 0/854]  loss_type: emd, fine_loss: 0.002093 total_loss: 0.002346 lr: 0.000100 alpha: 0.1
INFO:root:pcn_emd_debug_20221111T120736 train [7: 500/854]  loss_type: emd, fine_loss: 0.002171 total_loss: 0.002424 lr: 0.000100 alpha: 0.1
INFO:root:Saving net...
INFO:root:Testing...
INFO:root:Best emd net saved!
INFO:root:curr_cd_p: 0.001709; curr_cd_t: 0.000021; curr_emd: 0.004193; curr_f1: 0.989458; 
INFO:root:best_cd_p: 0.001703 [epoch 4]; best_cd_t: 0.000021 [epoch 6]; best_emd: 0.004193 [epoch 7]; best_f1: 0.989479 [epoch 6]; 
INFO:root:pcn_emd_debug_20221111T120736 train [8: 0/854]  loss_type: emd, fine_loss: 0.002207 total_loss: 0.002477 lr: 0.000100 alpha: 0.1
INFO:root:pcn_emd_debug_20221111T120736 train [8: 500/854]  loss_type: emd, fine_loss: 0.002160 total_loss: 0.002387 lr: 0.000100 alpha: 0.1
INFO:root:Saving net...
INFO:root:Testing...
INFO:root:curr_cd_p: 0.001828; curr_cd_t: 0.000022; curr_emd: 0.004373; curr_f1: 0.989296; 
INFO:root:best_cd_p: 0.001703 [epoch 4]; best_cd_t: 0.000021 [epoch 6]; best_emd: 0.004193 [epoch 7]; best_f1: 0.989479 [epoch 6]; 
INFO:root:pcn_emd_debug_20221111T120736 train [9: 0/854]  loss_type: emd, fine_loss: 0.002406 total_loss: 0.002637 lr: 0.000100 alpha: 0.1
INFO:root:pcn_emd_debug_20221111T120736 train [9: 500/854]  loss_type: emd, fine_loss: 0.002149 total_loss: 0.002379 lr: 0.000100 alpha: 0.1
INFO:root:Saving net...
INFO:root:Testing...
INFO:root:curr_cd_p: 0.001779; curr_cd_t: 0.000021; curr_emd: 0.004303; curr_f1: 0.989414; 
INFO:root:best_cd_p: 0.001703 [epoch 4]; best_cd_t: 0.000021 [epoch 6]; best_emd: 0.004193 [epoch 7]; best_f1: 0.989479 [epoch 6]; 
INFO:root:pcn_emd_debug_20221111T120736 train [10: 0/854]  loss_type: emd, fine_loss: 0.002245 total_loss: 0.002501 lr: 0.000100 alpha: 0.1
INFO:root:pcn_emd_debug_20221111T120736 train [10: 500/854]  loss_type: emd, fine_loss: 0.002242 total_loss: 0.002469 lr: 0.000100 alpha: 0.1
INFO:root:Saving net...
INFO:root:Testing...
INFO:root:Best f1 net saved!
INFO:root:curr_cd_p: 0.001743; curr_cd_t: 0.000021; curr_emd: 0.004272; curr_f1: 0.989557; 
INFO:root:best_cd_p: 0.001703 [epoch 4]; best_cd_t: 0.000021 [epoch 6]; best_emd: 0.004193 [epoch 7]; best_f1: 0.989557 [epoch 10]; 
INFO:root:pcn_emd_debug_20221111T120736 train [11: 0/854]  loss_type: emd, fine_loss: 0.002210 total_loss: 0.002466 lr: 0.000100 alpha: 0.1
INFO:root:pcn_emd_debug_20221111T120736 train [11: 500/854]  loss_type: emd, fine_loss: 0.002126 total_loss: 0.002376 lr: 0.000100 alpha: 0.1
INFO:root:Saving net...
INFO:root:Testing...
INFO:root:Best cd_p net saved!
INFO:root:Best cd_t net saved!
INFO:root:Best emd net saved!
INFO:root:Best f1 net saved!
INFO:root:curr_cd_p: 0.001694; curr_cd_t: 0.000020; curr_emd: 0.004159; curr_f1: 0.989827; 
INFO:root:best_cd_p: 0.001694 [epoch 11]; best_cd_t: 0.000020 [epoch 11]; best_emd: 0.004159 [epoch 11]; best_f1: 0.989827 [epoch 11]; 
INFO:root:pcn_emd_debug_20221111T120736 train [12: 0/854]  loss_type: emd, fine_loss: 0.002234 total_loss: 0.002482 lr: 0.000100 alpha: 0.1
INFO:root:pcn_emd_debug_20221111T120736 train [12: 500/854]  loss_type: emd, fine_loss: 0.002028 total_loss: 0.002271 lr: 0.000100 alpha: 0.1
INFO:root:Saving net...
INFO:root:Testing...
INFO:root:Best cd_p net saved!
INFO:root:Best emd net saved!
INFO:root:curr_cd_p: 0.001693; curr_cd_t: 0.000021; curr_emd: 0.004148; curr_f1: 0.989509; 
INFO:root:best_cd_p: 0.001693 [epoch 12]; best_cd_t: 0.000020 [epoch 11]; best_emd: 0.004148 [epoch 12]; best_f1: 0.989827 [epoch 11]; 
INFO:root:pcn_emd_debug_20221111T120736 train [13: 0/854]  loss_type: emd, fine_loss: 0.002100 total_loss: 0.002357 lr: 0.000100 alpha: 0.1
INFO:root:pcn_emd_debug_20221111T120736 train [13: 500/854]  loss_type: emd, fine_loss: 0.002133 total_loss: 0.002388 lr: 0.000100 alpha: 0.1
INFO:root:Saving net...
INFO:root:Testing...
INFO:root:Best cd_p net saved!
INFO:root:Best cd_t net saved!
INFO:root:Best emd net saved!
INFO:root:curr_cd_p: 0.001682; curr_cd_t: 0.000020; curr_emd: 0.004106; curr_f1: 0.989656; 
INFO:root:best_cd_p: 0.001682 [epoch 13]; best_cd_t: 0.000020 [epoch 13]; best_emd: 0.004106 [epoch 13]; best_f1: 0.989827 [epoch 11]; 
INFO:root:pcn_emd_debug_20221111T120736 train [14: 0/854]  loss_type: emd, fine_loss: 0.002073 total_loss: 0.002332 lr: 0.000100 alpha: 0.1
INFO:root:pcn_emd_debug_20221111T120736 train [14: 500/854]  loss_type: emd, fine_loss: 0.002080 total_loss: 0.002297 lr: 0.000100 alpha: 0.1
INFO:root:Saving net...
INFO:root:Testing...
INFO:root:Best cd_p net saved!
INFO:root:Best cd_t net saved!
INFO:root:curr_cd_p: 0.001676; curr_cd_t: 0.000020; curr_emd: 0.004110; curr_f1: 0.989583; 
INFO:root:best_cd_p: 0.001676 [epoch 14]; best_cd_t: 0.000020 [epoch 14]; best_emd: 0.004106 [epoch 13]; best_f1: 0.989827 [epoch 11]; 
INFO:root:pcn_emd_debug_20221111T120736 train [15: 0/854]  loss_type: emd, fine_loss: 0.002160 total_loss: 0.003282 lr: 0.000100 alpha: 0.5
INFO:root:pcn_emd_debug_20221111T120736 train [15: 500/854]  loss_type: emd, fine_loss: 0.002097 total_loss: 0.003188 lr: 0.000100 alpha: 0.5
INFO:root:Saving net...
INFO:root:Testing...
INFO:root:curr_cd_p: 0.001754; curr_cd_t: 0.000021; curr_emd: 0.004229; curr_f1: 0.989640; 
INFO:root:best_cd_p: 0.001676 [epoch 14]; best_cd_t: 0.000020 [epoch 14]; best_emd: 0.004106 [epoch 13]; best_f1: 0.989827 [epoch 11]; 
INFO:root:pcn_emd_debug_20221111T120736 train [16: 0/854]  loss_type: emd, fine_loss: 0.002264 total_loss: 0.003396 lr: 0.000100 alpha: 0.5
INFO:root:pcn_emd_debug_20221111T120736 train [16: 500/854]  loss_type: emd, fine_loss: 0.002140 total_loss: 0.003250 lr: 0.000100 alpha: 0.5
INFO:root:Saving net...
INFO:root:Testing...
INFO:root:curr_cd_p: 0.001749; curr_cd_t: 0.000021; curr_emd: 0.004193; curr_f1: 0.989510; 
INFO:root:best_cd_p: 0.001676 [epoch 14]; best_cd_t: 0.000020 [epoch 14]; best_emd: 0.004106 [epoch 13]; best_f1: 0.989827 [epoch 11]; 
INFO:root:pcn_emd_debug_20221111T120736 train [17: 0/854]  loss_type: emd, fine_loss: 0.002205 total_loss: 0.003318 lr: 0.000100 alpha: 0.5
INFO:root:pcn_emd_debug_20221111T120736 train [17: 500/854]  loss_type: emd, fine_loss: 0.002121 total_loss: 0.003207 lr: 0.000100 alpha: 0.5
INFO:root:Saving net...
INFO:root:Testing...
INFO:root:Best cd_p net saved!
INFO:root:Best cd_t net saved!
INFO:root:Best emd net saved!
INFO:root:curr_cd_p: 0.001667; curr_cd_t: 0.000020; curr_emd: 0.004064; curr_f1: 0.989685; 
INFO:root:best_cd_p: 0.001667 [epoch 17]; best_cd_t: 0.000020 [epoch 17]; best_emd: 0.004064 [epoch 17]; best_f1: 0.989827 [epoch 11]; 
INFO:root:pcn_emd_debug_20221111T120736 train [18: 0/854]  loss_type: emd, fine_loss: 0.002045 total_loss: 0.003136 lr: 0.000100 alpha: 0.5
INFO:root:pcn_emd_debug_20221111T120736 train [18: 500/854]  loss_type: emd, fine_loss: 0.002012 total_loss: 0.003055 lr: 0.000100 alpha: 0.5
INFO:root:Saving net...
INFO:root:Testing...
INFO:root:Best cd_p net saved!
INFO:root:curr_cd_p: 0.001660; curr_cd_t: 0.000020; curr_emd: 0.004102; curr_f1: 0.989592; 
INFO:root:best_cd_p: 0.001660 [epoch 18]; best_cd_t: 0.000020 [epoch 17]; best_emd: 0.004064 [epoch 17]; best_f1: 0.989827 [epoch 11]; 
INFO:root:pcn_emd_debug_20221111T120736 train [19: 0/854]  loss_type: emd, fine_loss: 0.002070 total_loss: 0.003154 lr: 0.000100 alpha: 0.5
INFO:root:pcn_emd_debug_20221111T120736 train [19: 500/854]  loss_type: emd, fine_loss: 0.002156 total_loss: 0.003316 lr: 0.000100 alpha: 0.5
INFO:root:Saving net...
INFO:root:Testing...
INFO:root:curr_cd_p: 0.001751; curr_cd_t: 0.000021; curr_emd: 0.004197; curr_f1: 0.989739; 
INFO:root:best_cd_p: 0.001660 [epoch 18]; best_cd_t: 0.000020 [epoch 17]; best_emd: 0.004064 [epoch 17]; best_f1: 0.989827 [epoch 11]; 
INFO:root:pcn_emd_debug_20221111T120736 train [20: 0/854]  loss_type: emd, fine_loss: 0.002284 total_loss: 0.003455 lr: 0.000100 alpha: 0.5
INFO:root:pcn_emd_debug_20221111T120736 train [20: 500/854]  loss_type: emd, fine_loss: 0.002256 total_loss: 0.003398 lr: 0.000100 alpha: 0.5
INFO:root:Saving net...
INFO:root:Testing...
INFO:root:Best cd_p net saved!
INFO:root:Best cd_t net saved!
INFO:root:Best emd net saved!
INFO:root:Best f1 net saved!
INFO:root:curr_cd_p: 0.001636; curr_cd_t: 0.000020; curr_emd: 0.004045; curr_f1: 0.989927; 
INFO:root:best_cd_p: 0.001636 [epoch 20]; best_cd_t: 0.000020 [epoch 20]; best_emd: 0.004045 [epoch 20]; best_f1: 0.989927 [epoch 20]; 
INFO:root:pcn_emd_debug_20221111T120736 train [21: 0/854]  loss_type: emd, fine_loss: 0.002001 total_loss: 0.003042 lr: 0.000100 alpha: 0.5
INFO:root:pcn_emd_debug_20221111T120736 train [21: 500/854]  loss_type: emd, fine_loss: 0.002010 total_loss: 0.003061 lr: 0.000100 alpha: 0.5
INFO:root:Saving net...
INFO:root:Testing...
INFO:root:Best cd_p net saved!
INFO:root:Best emd net saved!
INFO:root:curr_cd_p: 0.001628; curr_cd_t: 0.000020; curr_emd: 0.004004; curr_f1: 0.989637; 
INFO:root:best_cd_p: 0.001628 [epoch 21]; best_cd_t: 0.000020 [epoch 20]; best_emd: 0.004004 [epoch 21]; best_f1: 0.989927 [epoch 20]; 
INFO:root:pcn_emd_debug_20221111T120736 train [22: 0/854]  loss_type: emd, fine_loss: 0.002008 total_loss: 0.003059 lr: 0.000100 alpha: 0.5
INFO:root:pcn_emd_debug_20221111T120736 train [22: 500/854]  loss_type: emd, fine_loss: 0.002025 total_loss: 0.003065 lr: 0.000100 alpha: 0.5
INFO:root:Saving net...
INFO:root:Testing...
INFO:root:Best cd_p net saved!
INFO:root:Best cd_t net saved!
INFO:root:Best emd net saved!
INFO:root:curr_cd_p: 0.001614; curr_cd_t: 0.000020; curr_emd: 0.003976; curr_f1: 0.989869; 
INFO:root:best_cd_p: 0.001614 [epoch 22]; best_cd_t: 0.000020 [epoch 22]; best_emd: 0.003976 [epoch 22]; best_f1: 0.989927 [epoch 20]; 
INFO:root:pcn_emd_debug_20221111T120736 train [23: 0/854]  loss_type: emd, fine_loss: 0.001959 total_loss: 0.002997 lr: 0.000100 alpha: 0.5
INFO:root:pcn_emd_debug_20221111T120736 train [23: 500/854]  loss_type: emd, fine_loss: 0.002069 total_loss: 0.003128 lr: 0.000100 alpha: 0.5
INFO:root:Saving net...
INFO:root:Testing...
INFO:root:Best emd net saved!
INFO:root:curr_cd_p: 0.001622; curr_cd_t: 0.000020; curr_emd: 0.003962; curr_f1: 0.989793; 
INFO:root:best_cd_p: 0.001614 [epoch 22]; best_cd_t: 0.000020 [epoch 22]; best_emd: 0.003962 [epoch 23]; best_f1: 0.989927 [epoch 20]; 
INFO:root:pcn_emd_debug_20221111T120736 train [24: 0/854]  loss_type: emd, fine_loss: 0.001976 total_loss: 0.003035 lr: 0.000100 alpha: 0.5
INFO:root:pcn_emd_debug_20221111T120736 train [24: 500/854]  loss_type: emd, fine_loss: 0.002063 total_loss: 0.003159 lr: 0.000100 alpha: 0.5
INFO:root:Saving net...
INFO:root:Testing...
INFO:root:curr_cd_p: 0.001654; curr_cd_t: 0.000020; curr_emd: 0.004017; curr_f1: 0.989656; 
INFO:root:best_cd_p: 0.001614 [epoch 22]; best_cd_t: 0.000020 [epoch 22]; best_emd: 0.003962 [epoch 23]; best_f1: 0.989927 [epoch 20]; 
INFO:root:pcn_emd_debug_20221111T120736 train [25: 0/854]  loss_type: emd, fine_loss: 0.001950 total_loss: 0.002972 lr: 0.000100 alpha: 0.5
INFO:root:pcn_emd_debug_20221111T120736 train [25: 500/854]  loss_type: emd, fine_loss: 0.002035 total_loss: 0.003116 lr: 0.000100 alpha: 0.5
INFO:root:Saving net...
INFO:root:Testing...
INFO:root:Best cd_t net saved!
INFO:root:Best f1 net saved!
INFO:root:curr_cd_p: 0.001623; curr_cd_t: 0.000020; curr_emd: 0.003972; curr_f1: 0.989985; 
INFO:root:best_cd_p: 0.001614 [epoch 22]; best_cd_t: 0.000020 [epoch 25]; best_emd: 0.003962 [epoch 23]; best_f1: 0.989985 [epoch 25]; 
INFO:root:pcn_emd_debug_20221111T120736 train [26: 0/854]  loss_type: emd, fine_loss: 0.001974 total_loss: 0.002989 lr: 0.000100 alpha: 0.5
INFO:root:pcn_emd_debug_20221111T120736 train [26: 500/854]  loss_type: emd, fine_loss: 0.001963 total_loss: 0.002992 lr: 0.000100 alpha: 0.5
INFO:root:Saving net...
INFO:root:Testing...
INFO:root:Best cd_p net saved!
INFO:root:Best cd_t net saved!
INFO:root:Best emd net saved!
INFO:root:curr_cd_p: 0.001605; curr_cd_t: 0.000019; curr_emd: 0.003952; curr_f1: 0.989939; 
INFO:root:best_cd_p: 0.001605 [epoch 26]; best_cd_t: 0.000019 [epoch 26]; best_emd: 0.003952 [epoch 26]; best_f1: 0.989985 [epoch 25]; 
INFO:root:pcn_emd_debug_20221111T120736 train [27: 0/854]  loss_type: emd, fine_loss: 0.001924 total_loss: 0.002957 lr: 0.000100 alpha: 0.5
INFO:root:pcn_emd_debug_20221111T120736 train [27: 500/854]  loss_type: emd, fine_loss: 0.001962 total_loss: 0.002970 lr: 0.000100 alpha: 0.5
INFO:root:Saving net...
INFO:root:Testing...
INFO:root:curr_cd_p: 0.001639; curr_cd_t: 0.000020; curr_emd: 0.003977; curr_f1: 0.989730; 
INFO:root:best_cd_p: 0.001605 [epoch 26]; best_cd_t: 0.000019 [epoch 26]; best_emd: 0.003952 [epoch 26]; best_f1: 0.989985 [epoch 25]; 
INFO:root:pcn_emd_debug_20221111T120736 train [28: 0/854]  loss_type: emd, fine_loss: 0.001986 total_loss: 0.003053 lr: 0.000100 alpha: 0.5
INFO:root:pcn_emd_debug_20221111T120736 train [28: 500/854]  loss_type: emd, fine_loss: 0.001979 total_loss: 0.003028 lr: 0.000100 alpha: 0.5
INFO:root:Saving net...
INFO:root:Testing...
INFO:root:Best emd net saved!
INFO:root:curr_cd_p: 0.001606; curr_cd_t: 0.000019; curr_emd: 0.003928; curr_f1: 0.989843; 
INFO:root:best_cd_p: 0.001605 [epoch 26]; best_cd_t: 0.000019 [epoch 26]; best_emd: 0.003928 [epoch 28]; best_f1: 0.989985 [epoch 25]; 
INFO:root:pcn_emd_debug_20221111T120736 train [29: 0/854]  loss_type: emd, fine_loss: 0.001886 total_loss: 0.002860 lr: 0.000100 alpha: 0.5
INFO:root:pcn_emd_debug_20221111T120736 train [29: 500/854]  loss_type: emd, fine_loss: 0.001964 total_loss: 0.002981 lr: 0.000100 alpha: 0.5
INFO:root:Saving net...
INFO:root:Testing...
INFO:root:curr_cd_p: 0.001643; curr_cd_t: 0.000020; curr_emd: 0.003999; curr_f1: 0.989914; 
INFO:root:best_cd_p: 0.001605 [epoch 26]; best_cd_t: 0.000019 [epoch 26]; best_emd: 0.003928 [epoch 28]; best_f1: 0.989985 [epoch 25]; 
INFO:root:pcn_emd_debug_20221111T120736 train [30: 0/854]  loss_type: emd, fine_loss: 0.002114 total_loss: 0.004261 lr: 0.000100 alpha: 1.0
INFO:root:pcn_emd_debug_20221111T120736 train [30: 500/854]  loss_type: emd, fine_loss: 0.001988 total_loss: 0.004040 lr: 0.000100 alpha: 1.0
INFO:root:Saving net...
INFO:root:Testing...
INFO:root:Best f1 net saved!
INFO:root:curr_cd_p: 0.001637; curr_cd_t: 0.000020; curr_emd: 0.003974; curr_f1: 0.990077; 
INFO:root:best_cd_p: 0.001605 [epoch 26]; best_cd_t: 0.000019 [epoch 26]; best_emd: 0.003928 [epoch 28]; best_f1: 0.990077 [epoch 30]; 
INFO:root:pcn_emd_debug_20221111T120736 train [31: 0/854]  loss_type: emd, fine_loss: 0.002027 total_loss: 0.004093 lr: 0.000100 alpha: 1.0
INFO:root:pcn_emd_debug_20221111T120736 train [31: 500/854]  loss_type: emd, fine_loss: 0.001995 total_loss: 0.004059 lr: 0.000100 alpha: 1.0
INFO:root:Saving net...
INFO:root:Testing...
INFO:root:Best cd_p net saved!
INFO:root:Best cd_t net saved!
INFO:root:curr_cd_p: 0.001605; curr_cd_t: 0.000019; curr_emd: 0.003928; curr_f1: 0.989917; 
INFO:root:best_cd_p: 0.001605 [epoch 31]; best_cd_t: 0.000019 [epoch 31]; best_emd: 0.003928 [epoch 28]; best_f1: 0.990077 [epoch 30]; 
INFO:root:pcn_emd_debug_20221111T120736 train [32: 0/854]  loss_type: emd, fine_loss: 0.001955 total_loss: 0.003989 lr: 0.000100 alpha: 1.0
INFO:root:pcn_emd_debug_20221111T120736 train [32: 500/854]  loss_type: emd, fine_loss: 0.001930 total_loss: 0.003915 lr: 0.000100 alpha: 1.0
INFO:root:Saving net...
INFO:root:Testing...
INFO:root:curr_cd_p: 0.001683; curr_cd_t: 0.000020; curr_emd: 0.004012; curr_f1: 0.989729; 
INFO:root:best_cd_p: 0.001605 [epoch 31]; best_cd_t: 0.000019 [epoch 31]; best_emd: 0.003928 [epoch 28]; best_f1: 0.990077 [epoch 30]; 
INFO:root:pcn_emd_debug_20221111T120736 train [33: 0/854]  loss_type: emd, fine_loss: 0.002059 total_loss: 0.004192 lr: 0.000100 alpha: 1.0
INFO:root:pcn_emd_debug_20221111T120736 train [33: 500/854]  loss_type: emd, fine_loss: 0.001997 total_loss: 0.004033 lr: 0.000100 alpha: 1.0
INFO:root:Saving net...
INFO:root:Testing...
INFO:root:Best cd_p net saved!
INFO:root:Best cd_t net saved!
INFO:root:Best emd net saved!
INFO:root:curr_cd_p: 0.001587; curr_cd_t: 0.000019; curr_emd: 0.003893; curr_f1: 0.990066; 
INFO:root:best_cd_p: 0.001587 [epoch 33]; best_cd_t: 0.000019 [epoch 33]; best_emd: 0.003893 [epoch 33]; best_f1: 0.990077 [epoch 30]; 
INFO:root:pcn_emd_debug_20221111T120736 train [34: 0/854]  loss_type: emd, fine_loss: 0.001844 total_loss: 0.003742 lr: 0.000100 alpha: 1.0
INFO:root:pcn_emd_debug_20221111T120736 train [34: 500/854]  loss_type: emd, fine_loss: 0.001984 total_loss: 0.004023 lr: 0.000100 alpha: 1.0
INFO:root:Saving net...
INFO:root:Testing...
INFO:root:curr_cd_p: 0.001612; curr_cd_t: 0.000019; curr_emd: 0.003932; curr_f1: 0.989854; 
INFO:root:best_cd_p: 0.001587 [epoch 33]; best_cd_t: 0.000019 [epoch 33]; best_emd: 0.003893 [epoch 33]; best_f1: 0.990077 [epoch 30]; 
INFO:root:pcn_emd_debug_20221111T120736 train [35: 0/854]  loss_type: emd, fine_loss: 0.001870 total_loss: 0.003786 lr: 0.000100 alpha: 1.0
INFO:root:pcn_emd_debug_20221111T120736 train [35: 500/854]  loss_type: emd, fine_loss: 0.001862 total_loss: 0.003783 lr: 0.000100 alpha: 1.0
INFO:root:Saving net...
INFO:root:Testing...
INFO:root:curr_cd_p: 0.001640; curr_cd_t: 0.000020; curr_emd: 0.003959; curr_f1: 0.989889; 
INFO:root:best_cd_p: 0.001587 [epoch 33]; best_cd_t: 0.000019 [epoch 33]; best_emd: 0.003893 [epoch 33]; best_f1: 0.990077 [epoch 30]; 
INFO:root:pcn_emd_debug_20221111T120736 train [36: 0/854]  loss_type: emd, fine_loss: 0.002048 total_loss: 0.004133 lr: 0.000100 alpha: 1.0
INFO:root:pcn_emd_debug_20221111T120736 train [36: 500/854]  loss_type: emd, fine_loss: 0.001957 total_loss: 0.003929 lr: 0.000100 alpha: 1.0
INFO:root:Saving net...
INFO:root:Testing...
INFO:root:Best cd_p net saved!
INFO:root:Best cd_t net saved!
INFO:root:Best emd net saved!
INFO:root:Best f1 net saved!
INFO:root:curr_cd_p: 0.001566; curr_cd_t: 0.000019; curr_emd: 0.003877; curr_f1: 0.990245; 
INFO:root:best_cd_p: 0.001566 [epoch 36]; best_cd_t: 0.000019 [epoch 36]; best_emd: 0.003877 [epoch 36]; best_f1: 0.990245 [epoch 36]; 
INFO:root:pcn_emd_debug_20221111T120736 train [37: 0/854]  loss_type: emd, fine_loss: 0.001912 total_loss: 0.003887 lr: 0.000100 alpha: 1.0
INFO:root:pcn_emd_debug_20221111T120736 train [37: 500/854]  loss_type: emd, fine_loss: 0.001899 total_loss: 0.003827 lr: 0.000100 alpha: 1.0
INFO:root:Saving net...
INFO:root:Testing...
INFO:root:Best emd net saved!
INFO:root:curr_cd_p: 0.001608; curr_cd_t: 0.000020; curr_emd: 0.003876; curr_f1: 0.989598; 
INFO:root:best_cd_p: 0.001566 [epoch 36]; best_cd_t: 0.000019 [epoch 36]; best_emd: 0.003876 [epoch 37]; best_f1: 0.990245 [epoch 36]; 
INFO:root:pcn_emd_debug_20221111T120736 train [38: 0/854]  loss_type: emd, fine_loss: 0.001907 total_loss: 0.003857 lr: 0.000100 alpha: 1.0
INFO:root:pcn_emd_debug_20221111T120736 train [38: 500/854]  loss_type: emd, fine_loss: 0.001989 total_loss: 0.004018 lr: 0.000100 alpha: 1.0
INFO:root:Saving net...
INFO:root:Testing...
INFO:root:Best emd net saved!
INFO:root:curr_cd_p: 0.001590; curr_cd_t: 0.000019; curr_emd: 0.003868; curr_f1: 0.990002; 
INFO:root:best_cd_p: 0.001566 [epoch 36]; best_cd_t: 0.000019 [epoch 36]; best_emd: 0.003868 [epoch 38]; best_f1: 0.990245 [epoch 36]; 
INFO:root:pcn_emd_debug_20221111T120736 train [39: 0/854]  loss_type: emd, fine_loss: 0.001804 total_loss: 0.003647 lr: 0.000100 alpha: 1.0
INFO:root:pcn_emd_debug_20221111T120736 train [39: 500/854]  loss_type: emd, fine_loss: 0.001928 total_loss: 0.003914 lr: 0.000100 alpha: 1.0
INFO:root:Saving net...
INFO:root:Testing...
INFO:root:curr_cd_p: 0.001611; curr_cd_t: 0.000019; curr_emd: 0.003925; curr_f1: 0.989841; 
INFO:root:best_cd_p: 0.001566 [epoch 36]; best_cd_t: 0.000019 [epoch 36]; best_emd: 0.003868 [epoch 38]; best_f1: 0.990245 [epoch 36]; 
INFO:root:pcn_emd_debug_20221111T120736 train [40: 0/854]  loss_type: emd, fine_loss: 0.001990 total_loss: 0.004063 lr: 0.000070 alpha: 1.0
INFO:root:pcn_emd_debug_20221111T120736 train [40: 500/854]  loss_type: emd, fine_loss: 0.001832 total_loss: 0.003729 lr: 0.000070 alpha: 1.0
INFO:root:Saving net...
INFO:root:Testing...
INFO:root:Best cd_p net saved!
INFO:root:Best emd net saved!
INFO:root:curr_cd_p: 0.001562; curr_cd_t: 0.000019; curr_emd: 0.003823; curr_f1: 0.990125; 
INFO:root:best_cd_p: 0.001562 [epoch 40]; best_cd_t: 0.000019 [epoch 36]; best_emd: 0.003823 [epoch 40]; best_f1: 0.990245 [epoch 36]; 
INFO:root:pcn_emd_debug_20221111T120736 train [41: 0/854]  loss_type: emd, fine_loss: 0.001826 total_loss: 0.003714 lr: 0.000070 alpha: 1.0
INFO:root:pcn_emd_debug_20221111T120736 train [41: 500/854]  loss_type: emd, fine_loss: 0.001858 total_loss: 0.003802 lr: 0.000070 alpha: 1.0
INFO:root:Saving net...
INFO:root:Testing...
INFO:root:Best cd_p net saved!
INFO:root:Best cd_t net saved!
INFO:root:Best emd net saved!
INFO:root:curr_cd_p: 0.001553; curr_cd_t: 0.000019; curr_emd: 0.003816; curr_f1: 0.990103; 
INFO:root:best_cd_p: 0.001553 [epoch 41]; best_cd_t: 0.000019 [epoch 41]; best_emd: 0.003816 [epoch 41]; best_f1: 0.990245 [epoch 36]; 
INFO:root:pcn_emd_debug_20221111T120736 train [42: 0/854]  loss_type: emd, fine_loss: 0.001817 total_loss: 0.003674 lr: 0.000070 alpha: 1.0
INFO:root:pcn_emd_debug_20221111T120736 train [42: 500/854]  loss_type: emd, fine_loss: 0.001899 total_loss: 0.003848 lr: 0.000070 alpha: 1.0
INFO:root:Saving net...
INFO:root:Testing...
INFO:root:Best cd_p net saved!
INFO:root:Best cd_t net saved!
INFO:root:curr_cd_p: 0.001550; curr_cd_t: 0.000019; curr_emd: 0.003828; curr_f1: 0.990193; 
INFO:root:best_cd_p: 0.001550 [epoch 42]; best_cd_t: 0.000019 [epoch 42]; best_emd: 0.003816 [epoch 41]; best_f1: 0.990245 [epoch 36]; 
INFO:root:pcn_emd_debug_20221111T120736 train [43: 0/854]  loss_type: emd, fine_loss: 0.001795 total_loss: 0.003643 lr: 0.000070 alpha: 1.0
INFO:root:pcn_emd_debug_20221111T120736 train [43: 500/854]  loss_type: emd, fine_loss: 0.001859 total_loss: 0.003769 lr: 0.000070 alpha: 1.0
INFO:root:Saving net...
INFO:root:Testing...
INFO:root:curr_cd_p: 0.001563; curr_cd_t: 0.000019; curr_emd: 0.003822; curr_f1: 0.989918; 
INFO:root:best_cd_p: 0.001550 [epoch 42]; best_cd_t: 0.000019 [epoch 42]; best_emd: 0.003816 [epoch 41]; best_f1: 0.990245 [epoch 36]; 
INFO:root:pcn_emd_debug_20221111T120736 train [44: 0/854]  loss_type: emd, fine_loss: 0.001832 total_loss: 0.003720 lr: 0.000070 alpha: 1.0
INFO:root:pcn_emd_debug_20221111T120736 train [44: 500/854]  loss_type: emd, fine_loss: 0.001862 total_loss: 0.003837 lr: 0.000070 alpha: 1.0
INFO:root:Saving net...
INFO:root:Testing...
INFO:root:curr_cd_p: 0.001571; curr_cd_t: 0.000019; curr_emd: 0.003846; curr_f1: 0.990156; 
INFO:root:best_cd_p: 0.001550 [epoch 42]; best_cd_t: 0.000019 [epoch 42]; best_emd: 0.003816 [epoch 41]; best_f1: 0.990245 [epoch 36]; 
INFO:root:pcn_emd_debug_20221111T120736 train [45: 0/854]  loss_type: emd, fine_loss: 0.001837 total_loss: 0.003724 lr: 0.000070 alpha: 1.0
INFO:root:pcn_emd_debug_20221111T120736 train [45: 500/854]  loss_type: emd, fine_loss: 0.001871 total_loss: 0.003817 lr: 0.000070 alpha: 1.0
INFO:root:Saving net...
INFO:root:Testing...
INFO:root:curr_cd_p: 0.001640; curr_cd_t: 0.000020; curr_emd: 0.003971; curr_f1: 0.989707; 
INFO:root:best_cd_p: 0.001550 [epoch 42]; best_cd_t: 0.000019 [epoch 42]; best_emd: 0.003816 [epoch 41]; best_f1: 0.990245 [epoch 36]; 
INFO:root:pcn_emd_debug_20221111T120736 train [46: 0/854]  loss_type: emd, fine_loss: 0.002005 total_loss: 0.004074 lr: 0.000070 alpha: 1.0
INFO:root:pcn_emd_debug_20221111T120736 train [46: 500/854]  loss_type: emd, fine_loss: 0.001866 total_loss: 0.003828 lr: 0.000070 alpha: 1.0
INFO:root:Saving net...
INFO:root:Testing...
INFO:root:Best emd net saved!
INFO:root:curr_cd_p: 0.001555; curr_cd_t: 0.000019; curr_emd: 0.003799; curr_f1: 0.989906; 
INFO:root:best_cd_p: 0.001550 [epoch 42]; best_cd_t: 0.000019 [epoch 42]; best_emd: 0.003799 [epoch 46]; best_f1: 0.990245 [epoch 36]; 
INFO:root:pcn_emd_debug_20221111T120736 train [47: 0/854]  loss_type: emd, fine_loss: 0.001703 total_loss: 0.003440 lr: 0.000070 alpha: 1.0
INFO:root:pcn_emd_debug_20221111T120736 train [47: 500/854]  loss_type: emd, fine_loss: 0.001772 total_loss: 0.003578 lr: 0.000070 alpha: 1.0
INFO:root:Saving net...
INFO:root:Testing...
INFO:root:curr_cd_p: 0.001597; curr_cd_t: 0.000019; curr_emd: 0.003875; curr_f1: 0.989809; 
INFO:root:best_cd_p: 0.001550 [epoch 42]; best_cd_t: 0.000019 [epoch 42]; best_emd: 0.003799 [epoch 46]; best_f1: 0.990245 [epoch 36]; 
INFO:root:pcn_emd_debug_20221111T120736 train [48: 0/854]  loss_type: emd, fine_loss: 0.001897 total_loss: 0.003881 lr: 0.000070 alpha: 1.0
INFO:root:pcn_emd_debug_20221111T120736 train [48: 500/854]  loss_type: emd, fine_loss: 0.001877 total_loss: 0.003815 lr: 0.000070 alpha: 1.0
INFO:root:Saving net...
INFO:root:Testing...
INFO:root:curr_cd_p: 0.001582; curr_cd_t: 0.000019; curr_emd: 0.003837; curr_f1: 0.990229; 
INFO:root:best_cd_p: 0.001550 [epoch 42]; best_cd_t: 0.000019 [epoch 42]; best_emd: 0.003799 [epoch 46]; best_f1: 0.990245 [epoch 36]; 
INFO:root:pcn_emd_debug_20221111T120736 train [49: 0/854]  loss_type: emd, fine_loss: 0.001900 total_loss: 0.003870 lr: 0.000070 alpha: 1.0
INFO:root:pcn_emd_debug_20221111T120736 train [49: 500/854]  loss_type: emd, fine_loss: 0.001757 total_loss: 0.003587 lr: 0.000070 alpha: 1.0
INFO:root:Saving net...
INFO:root:Testing...
INFO:root:Best cd_p net saved!
INFO:root:Best emd net saved!
INFO:root:curr_cd_p: 0.001533; curr_cd_t: 0.000019; curr_emd: 0.003764; curr_f1: 0.989864; 
INFO:root:best_cd_p: 0.001533 [epoch 49]; best_cd_t: 0.000019 [epoch 42]; best_emd: 0.003764 [epoch 49]; best_f1: 0.990245 [epoch 36]; 
INFO:root:pcn_emd_debug_20221111T120736 train [50: 0/854]  loss_type: emd, fine_loss: 0.001783 total_loss: 0.003668 lr: 0.000070 alpha: 1.0
INFO:root:pcn_emd_debug_20221111T120736 train [50: 500/854]  loss_type: emd, fine_loss: 0.001784 total_loss: 0.003624 lr: 0.000070 alpha: 1.0
INFO:root:Saving net...
INFO:root:Testing...
INFO:root:curr_cd_p: 0.001568; curr_cd_t: 0.000019; curr_emd: 0.003822; curr_f1: 0.990072; 
INFO:root:best_cd_p: 0.001533 [epoch 49]; best_cd_t: 0.000019 [epoch 42]; best_emd: 0.003764 [epoch 49]; best_f1: 0.990245 [epoch 36]; 
INFO:root:pcn_emd_debug_20221111T120736 train [51: 0/854]  loss_type: emd, fine_loss: 0.001843 total_loss: 0.003741 lr: 0.000070 alpha: 1.0
INFO:root:pcn_emd_debug_20221111T120736 train [51: 500/854]  loss_type: emd, fine_loss: 0.001800 total_loss: 0.003639 lr: 0.000070 alpha: 1.0
INFO:root:Saving net...
INFO:root:Testing...
INFO:root:Best cd_p net saved!
INFO:root:Best cd_t net saved!
INFO:root:Best emd net saved!
INFO:root:curr_cd_p: 0.001530; curr_cd_t: 0.000019; curr_emd: 0.003739; curr_f1: 0.990040; 
INFO:root:best_cd_p: 0.001530 [epoch 51]; best_cd_t: 0.000019 [epoch 51]; best_emd: 0.003739 [epoch 51]; best_f1: 0.990245 [epoch 36]; 
INFO:root:pcn_emd_debug_20221111T120736 train [52: 0/854]  loss_type: emd, fine_loss: 0.001755 total_loss: 0.003587 lr: 0.000070 alpha: 1.0
INFO:root:pcn_emd_debug_20221111T120736 train [52: 500/854]  loss_type: emd, fine_loss: 0.001740 total_loss: 0.003544 lr: 0.000070 alpha: 1.0
INFO:root:Saving net...
INFO:root:Testing...
INFO:root:curr_cd_p: 0.001567; curr_cd_t: 0.000019; curr_emd: 0.003797; curr_f1: 0.990073; 
INFO:root:best_cd_p: 0.001530 [epoch 51]; best_cd_t: 0.000019 [epoch 51]; best_emd: 0.003739 [epoch 51]; best_f1: 0.990245 [epoch 36]; 
INFO:root:pcn_emd_debug_20221111T120736 train [53: 0/854]  loss_type: emd, fine_loss: 0.001817 total_loss: 0.003682 lr: 0.000070 alpha: 1.0
INFO:root:pcn_emd_debug_20221111T120736 train [53: 500/854]  loss_type: emd, fine_loss: 0.001766 total_loss: 0.003583 lr: 0.000070 alpha: 1.0
INFO:root:Saving net...
INFO:root:Testing...
INFO:root:curr_cd_p: 0.001555; curr_cd_t: 0.000019; curr_emd: 0.003780; curr_f1: 0.990005; 
INFO:root:best_cd_p: 0.001530 [epoch 51]; best_cd_t: 0.000019 [epoch 51]; best_emd: 0.003739 [epoch 51]; best_f1: 0.990245 [epoch 36]; 
INFO:root:pcn_emd_debug_20221111T120736 train [54: 0/854]  loss_type: emd, fine_loss: 0.001731 total_loss: 0.003528 lr: 0.000070 alpha: 1.0
INFO:root:pcn_emd_debug_20221111T120736 train [54: 500/854]  loss_type: emd, fine_loss: 0.001759 total_loss: 0.003560 lr: 0.000070 alpha: 1.0
INFO:root:Saving net...
INFO:root:Testing...
INFO:root:curr_cd_p: 0.001531; curr_cd_t: 0.000019; curr_emd: 0.003743; curr_f1: 0.989981; 
INFO:root:best_cd_p: 0.001530 [epoch 51]; best_cd_t: 0.000019 [epoch 51]; best_emd: 0.003739 [epoch 51]; best_f1: 0.990245 [epoch 36]; 
INFO:root:pcn_emd_debug_20221111T120736 train [55: 0/854]  loss_type: emd, fine_loss: 0.001703 total_loss: 0.003467 lr: 0.000070 alpha: 1.0
INFO:root:pcn_emd_debug_20221111T120736 train [55: 500/854]  loss_type: emd, fine_loss: 0.001805 total_loss: 0.003690 lr: 0.000070 alpha: 1.0
INFO:root:Saving net...
INFO:root:Testing...
INFO:root:curr_cd_p: 0.001606; curr_cd_t: 0.000019; curr_emd: 0.003861; curr_f1: 0.989862; 
INFO:root:best_cd_p: 0.001530 [epoch 51]; best_cd_t: 0.000019 [epoch 51]; best_emd: 0.003739 [epoch 51]; best_f1: 0.990245 [epoch 36]; 
INFO:root:pcn_emd_debug_20221111T120736 train [56: 0/854]  loss_type: emd, fine_loss: 0.001941 total_loss: 0.003918 lr: 0.000070 alpha: 1.0
INFO:root:pcn_emd_debug_20221111T120736 train [56: 500/854]  loss_type: emd, fine_loss: 0.001821 total_loss: 0.003712 lr: 0.000070 alpha: 1.0
INFO:root:Saving net...
INFO:root:Testing...
INFO:root:curr_cd_p: 0.001542; curr_cd_t: 0.000019; curr_emd: 0.003756; curr_f1: 0.989978; 
INFO:root:best_cd_p: 0.001530 [epoch 51]; best_cd_t: 0.000019 [epoch 51]; best_emd: 0.003739 [epoch 51]; best_f1: 0.990245 [epoch 36]; 
INFO:root:pcn_emd_debug_20221111T120736 train [57: 0/854]  loss_type: emd, fine_loss: 0.001739 total_loss: 0.003533 lr: 0.000070 alpha: 1.0
INFO:root:pcn_emd_debug_20221111T120736 train [57: 500/854]  loss_type: emd, fine_loss: 0.001776 total_loss: 0.003627 lr: 0.000070 alpha: 1.0
INFO:root:Saving net...
INFO:root:Testing...
