INFO:root:Munch({'gpu_device_ids': [0], 'batch_size': 128, 'workers': 0, 'nepoch': 100, 'model_name': 'pcn', 'load_model': None, 'start_epoch': 0, 'num_points': 2048, 'work_dir': 'D:/liu/MVP_Benchmark/completion/log/', 'flag': 'debug', 'loss': 'emd', 'manual_seed': None, 'use_mean_feature': False, 'step_interval_to_print': 500, 'epoch_interval_to_save': 1, 'epoch_interval_to_val': 1, 'varying_constant': '0.01, 0.1, 0.5, 1', 'varying_constant_epochs': '5, 15, 30', 'lr': 0.0001, 'lr_decay': True, 'lr_decay_interval': 40, 'lr_decay_rate': 0.7, 'lr_step_decay_epochs': None, 'lr_step_decay_rates': None, 'lr_clip': 1e-06, 'optimizer': 'Adam', 'weight_decay': 0, 'betas': '0.9, 0.999', 'save_vis': True, 'eval_emd': True})
INFO:root:Length of train dataset:70000
INFO:root:Length of test dataset:20000
INFO:root:Random Seed: 7482
INFO:root:pcn_emd_debug_20230108T221344 train [0: 0/546]  loss_type: emd, fine_loss: 0.053971 total_loss: 0.031429 lr: 0.000100 alpha: 0.01
INFO:root:pcn_emd_debug_20230108T221344 train [0: 500/546]  loss_type: emd, fine_loss: 0.016322 total_loss: 0.016274 lr: 0.000100 alpha: 0.01
INFO:root:Saving net...
INFO:root:Testing...
INFO:root:Best cd_p net saved!
INFO:root:Best cd_t net saved!
INFO:root:Best emd net saved!
INFO:root:Best f1 net saved!
INFO:root:curr_cd_p: 0.013952; curr_cd_t: 0.000620; curr_emd: 0.035135; curr_f1: 0.402511; 
INFO:root:best_cd_p: 0.013952 [epoch 0]; best_cd_t: 0.000620 [epoch 0]; best_emd: 0.035135 [epoch 0]; best_f1: 0.402511 [epoch 0]; 
INFO:root:pcn_emd_debug_20230108T221344 train [1: 0/546]  loss_type: emd, fine_loss: 0.016188 total_loss: 0.016458 lr: 0.000100 alpha: 0.01
INFO:root:pcn_emd_debug_20230108T221344 train [1: 500/546]  loss_type: emd, fine_loss: 0.015486 total_loss: 0.015565 lr: 0.000100 alpha: 0.01
INFO:root:Saving net...
INFO:root:Testing...
INFO:root:Best cd_p net saved!
INFO:root:Best cd_t net saved!
INFO:root:Best emd net saved!
INFO:root:Best f1 net saved!
INFO:root:curr_cd_p: 0.013479; curr_cd_t: 0.000591; curr_emd: 0.034269; curr_f1: 0.433066; 
INFO:root:best_cd_p: 0.013479 [epoch 1]; best_cd_t: 0.000591 [epoch 1]; best_emd: 0.034269 [epoch 1]; best_f1: 0.433066 [epoch 1]; 
INFO:root:pcn_emd_debug_20230108T221344 train [2: 0/546]  loss_type: emd, fine_loss: 0.015302 total_loss: 0.015455 lr: 0.000100 alpha: 0.01
INFO:root:pcn_emd_debug_20230108T221344 train [2: 500/546]  loss_type: emd, fine_loss: 0.014220 total_loss: 0.014529 lr: 0.000100 alpha: 0.01
INFO:root:Saving net...
INFO:root:Testing...
INFO:root:Best cd_p net saved!
INFO:root:Best cd_t net saved!
INFO:root:Best emd net saved!
INFO:root:Best f1 net saved!
INFO:root:curr_cd_p: 0.010310; curr_cd_t: 0.000360; curr_emd: 0.021995; curr_f1: 0.560038; 
INFO:root:best_cd_p: 0.010310 [epoch 2]; best_cd_t: 0.000360 [epoch 2]; best_emd: 0.021995 [epoch 2]; best_f1: 0.560038 [epoch 2]; 
INFO:root:pcn_emd_debug_20230108T221344 train [3: 0/546]  loss_type: emd, fine_loss: 0.014092 total_loss: 0.013925 lr: 0.000100 alpha: 0.01
INFO:root:pcn_emd_debug_20230108T221344 train [3: 500/546]  loss_type: emd, fine_loss: 0.011075 total_loss: 0.011058 lr: 0.000100 alpha: 0.01
INFO:root:Saving net...
INFO:root:Testing...
INFO:root:Best cd_p net saved!
INFO:root:Best cd_t net saved!
INFO:root:Best emd net saved!
INFO:root:Best f1 net saved!
INFO:root:curr_cd_p: 0.007626; curr_cd_t: 0.000227; curr_emd: 0.015790; curr_f1: 0.713916; 
INFO:root:best_cd_p: 0.007626 [epoch 3]; best_cd_t: 0.000227 [epoch 3]; best_emd: 0.015790 [epoch 3]; best_f1: 0.713916 [epoch 3]; 
INFO:root:pcn_emd_debug_20230108T221344 train [4: 0/546]  loss_type: emd, fine_loss: 0.009998 total_loss: 0.010019 lr: 0.000100 alpha: 0.01
INFO:root:pcn_emd_debug_20230108T221344 train [4: 500/546]  loss_type: emd, fine_loss: 0.009696 total_loss: 0.009749 lr: 0.000100 alpha: 0.01
INFO:root:Saving net...
INFO:root:Testing...
INFO:root:Best cd_p net saved!
INFO:root:Best cd_t net saved!
INFO:root:Best emd net saved!
INFO:root:Best f1 net saved!
INFO:root:curr_cd_p: 0.006959; curr_cd_t: 0.000196; curr_emd: 0.014479; curr_f1: 0.747955; 
INFO:root:best_cd_p: 0.006959 [epoch 4]; best_cd_t: 0.000196 [epoch 4]; best_emd: 0.014479 [epoch 4]; best_f1: 0.747955 [epoch 4]; 
INFO:root:pcn_emd_debug_20230108T221344 train [5: 0/546]  loss_type: emd, fine_loss: 0.009804 total_loss: 0.010749 lr: 0.000100 alpha: 0.1
INFO:root:pcn_emd_debug_20230108T221344 train [5: 500/546]  loss_type: emd, fine_loss: 0.008348 total_loss: 0.009147 lr: 0.000100 alpha: 0.1
INFO:root:Saving net...
INFO:root:Testing...
INFO:root:Best cd_p net saved!
INFO:root:Best cd_t net saved!
INFO:root:Best emd net saved!
INFO:root:Best f1 net saved!
INFO:root:curr_cd_p: 0.006158; curr_cd_t: 0.000163; curr_emd: 0.013860; curr_f1: 0.803159; 
INFO:root:best_cd_p: 0.006158 [epoch 5]; best_cd_t: 0.000163 [epoch 5]; best_emd: 0.013860 [epoch 5]; best_f1: 0.803159 [epoch 5]; 
INFO:root:pcn_emd_debug_20230108T221344 train [6: 0/546]  loss_type: emd, fine_loss: 0.008408 total_loss: 0.009199 lr: 0.000100 alpha: 0.1
INFO:root:pcn_emd_debug_20230108T221344 train [6: 500/546]  loss_type: emd, fine_loss: 0.007330 total_loss: 0.008037 lr: 0.000100 alpha: 0.1
INFO:root:Saving net...
INFO:root:Testing...
INFO:root:Best cd_p net saved!
INFO:root:Best cd_t net saved!
INFO:root:Best emd net saved!
INFO:root:Best f1 net saved!
INFO:root:curr_cd_p: 0.005071; curr_cd_t: 0.000128; curr_emd: 0.011747; curr_f1: 0.866487; 
INFO:root:best_cd_p: 0.005071 [epoch 6]; best_cd_t: 0.000128 [epoch 6]; best_emd: 0.011747 [epoch 6]; best_f1: 0.866487 [epoch 6]; 
INFO:root:pcn_emd_debug_20230108T221344 train [7: 0/546]  loss_type: emd, fine_loss: 0.007743 total_loss: 0.008459 lr: 0.000100 alpha: 0.1
INFO:root:pcn_emd_debug_20230108T221344 train [7: 500/546]  loss_type: emd, fine_loss: 0.006807 total_loss: 0.007479 lr: 0.000100 alpha: 0.1
INFO:root:Saving net...
INFO:root:Testing...
INFO:root:Best cd_p net saved!
INFO:root:Best cd_t net saved!
INFO:root:Best emd net saved!
INFO:root:Best f1 net saved!
INFO:root:curr_cd_p: 0.004727; curr_cd_t: 0.000114; curr_emd: 0.010478; curr_f1: 0.886444; 
INFO:root:best_cd_p: 0.004727 [epoch 7]; best_cd_t: 0.000114 [epoch 7]; best_emd: 0.010478 [epoch 7]; best_f1: 0.886444 [epoch 7]; 
INFO:root:pcn_emd_debug_20230108T221344 train [8: 0/546]  loss_type: emd, fine_loss: 0.007165 total_loss: 0.007759 lr: 0.000100 alpha: 0.1
INFO:root:pcn_emd_debug_20230108T221344 train [8: 500/546]  loss_type: emd, fine_loss: 0.006264 total_loss: 0.006851 lr: 0.000100 alpha: 0.1
INFO:root:Saving net...
INFO:root:Testing...
INFO:root:Best cd_p net saved!
INFO:root:Best cd_t net saved!
INFO:root:Best emd net saved!
INFO:root:Best f1 net saved!
INFO:root:curr_cd_p: 0.004367; curr_cd_t: 0.000105; curr_emd: 0.009596; curr_f1: 0.899408; 
INFO:root:best_cd_p: 0.004367 [epoch 8]; best_cd_t: 0.000105 [epoch 8]; best_emd: 0.009596 [epoch 8]; best_f1: 0.899408 [epoch 8]; 
INFO:root:pcn_emd_debug_20230108T221344 train [9: 0/546]  loss_type: emd, fine_loss: 0.005994 total_loss: 0.006568 lr: 0.000100 alpha: 0.1
INFO:root:pcn_emd_debug_20230108T221344 train [9: 500/546]  loss_type: emd, fine_loss: 0.006852 total_loss: 0.007495 lr: 0.000100 alpha: 0.1
INFO:root:Saving net...
INFO:root:Testing...
INFO:root:Best cd_p net saved!
INFO:root:Best cd_t net saved!
INFO:root:Best emd net saved!
INFO:root:Best f1 net saved!
INFO:root:curr_cd_p: 0.004189; curr_cd_t: 0.000099; curr_emd: 0.009311; curr_f1: 0.907394; 
INFO:root:best_cd_p: 0.004189 [epoch 9]; best_cd_t: 0.000099 [epoch 9]; best_emd: 0.009311 [epoch 9]; best_f1: 0.907394 [epoch 9]; 
INFO:root:pcn_emd_debug_20230108T221344 train [10: 0/546]  loss_type: emd, fine_loss: 0.005799 total_loss: 0.006366 lr: 0.000100 alpha: 0.1
INFO:root:pcn_emd_debug_20230108T221344 train [10: 500/546]  loss_type: emd, fine_loss: 0.005869 total_loss: 0.006396 lr: 0.000100 alpha: 0.1
INFO:root:Saving net...
INFO:root:Testing...
INFO:root:Best cd_p net saved!
INFO:root:Best cd_t net saved!
INFO:root:Best emd net saved!
INFO:root:Best f1 net saved!
INFO:root:curr_cd_p: 0.004122; curr_cd_t: 0.000096; curr_emd: 0.009098; curr_f1: 0.911623; 
INFO:root:best_cd_p: 0.004122 [epoch 10]; best_cd_t: 0.000096 [epoch 10]; best_emd: 0.009098 [epoch 10]; best_f1: 0.911623 [epoch 10]; 
INFO:root:pcn_emd_debug_20230108T221344 train [11: 0/546]  loss_type: emd, fine_loss: 0.005600 total_loss: 0.006157 lr: 0.000100 alpha: 0.1
INFO:root:pcn_emd_debug_20230108T221344 train [11: 500/546]  loss_type: emd, fine_loss: 0.005652 total_loss: 0.006213 lr: 0.000100 alpha: 0.1
INFO:root:Saving net...
INFO:root:Testing...
INFO:root:Best cd_p net saved!
INFO:root:Best cd_t net saved!
INFO:root:Best emd net saved!
INFO:root:Best f1 net saved!
INFO:root:curr_cd_p: 0.004086; curr_cd_t: 0.000094; curr_emd: 0.008968; curr_f1: 0.914553; 
INFO:root:best_cd_p: 0.004086 [epoch 11]; best_cd_t: 0.000094 [epoch 11]; best_emd: 0.008968 [epoch 11]; best_f1: 0.914553 [epoch 11]; 
INFO:root:pcn_emd_debug_20230108T221344 train [12: 0/546]  loss_type: emd, fine_loss: 0.005430 total_loss: 0.005939 lr: 0.000100 alpha: 0.1
INFO:root:pcn_emd_debug_20230108T221344 train [12: 500/546]  loss_type: emd, fine_loss: 0.005647 total_loss: 0.006203 lr: 0.000100 alpha: 0.1
INFO:root:Saving net...
INFO:root:Testing...
INFO:root:Best cd_t net saved!
INFO:root:Best f1 net saved!
INFO:root:curr_cd_p: 0.004098; curr_cd_t: 0.000092; curr_emd: 0.008998; curr_f1: 0.919281; 
INFO:root:best_cd_p: 0.004086 [epoch 11]; best_cd_t: 0.000092 [epoch 12]; best_emd: 0.008968 [epoch 11]; best_f1: 0.919281 [epoch 12]; 
INFO:root:pcn_emd_debug_20230108T221344 train [13: 0/546]  loss_type: emd, fine_loss: 0.005426 total_loss: 0.005921 lr: 0.000100 alpha: 0.1
INFO:root:pcn_emd_debug_20230108T221344 train [13: 500/546]  loss_type: emd, fine_loss: 0.005390 total_loss: 0.005891 lr: 0.000100 alpha: 0.1
INFO:root:Saving net...
INFO:root:Testing...
INFO:root:Best cd_p net saved!
INFO:root:Best cd_t net saved!
INFO:root:Best emd net saved!
INFO:root:Best f1 net saved!
INFO:root:curr_cd_p: 0.003777; curr_cd_t: 0.000084; curr_emd: 0.008410; curr_f1: 0.927507; 
INFO:root:best_cd_p: 0.003777 [epoch 13]; best_cd_t: 0.000084 [epoch 13]; best_emd: 0.008410 [epoch 13]; best_f1: 0.927507 [epoch 13]; 
INFO:root:pcn_emd_debug_20230108T221344 train [14: 0/546]  loss_type: emd, fine_loss: 0.005290 total_loss: 0.005832 lr: 0.000100 alpha: 0.1
INFO:root:pcn_emd_debug_20230108T221344 train [14: 500/546]  loss_type: emd, fine_loss: 0.005124 total_loss: 0.005648 lr: 0.000100 alpha: 0.1
INFO:root:Saving net...
INFO:root:Testing...
INFO:root:Best cd_p net saved!
INFO:root:Best cd_t net saved!
INFO:root:Best emd net saved!
INFO:root:Best f1 net saved!
INFO:root:curr_cd_p: 0.003680; curr_cd_t: 0.000082; curr_emd: 0.008153; curr_f1: 0.930718; 
INFO:root:best_cd_p: 0.003680 [epoch 14]; best_cd_t: 0.000082 [epoch 14]; best_emd: 0.008153 [epoch 14]; best_f1: 0.930718 [epoch 14]; 
INFO:root:pcn_emd_debug_20230108T221344 train [15: 0/546]  loss_type: emd, fine_loss: 0.004711 total_loss: 0.007053 lr: 0.000100 alpha: 0.5
INFO:root:pcn_emd_debug_20230108T221344 train [15: 500/546]  loss_type: emd, fine_loss: 0.005376 total_loss: 0.008041 lr: 0.000100 alpha: 0.5
INFO:root:Saving net...
INFO:root:Testing...
INFO:root:Best cd_p net saved!
INFO:root:Best cd_t net saved!
INFO:root:Best f1 net saved!
INFO:root:curr_cd_p: 0.003626; curr_cd_t: 0.000079; curr_emd: 0.008214; curr_f1: 0.936384; 
INFO:root:best_cd_p: 0.003626 [epoch 15]; best_cd_t: 0.000079 [epoch 15]; best_emd: 0.008153 [epoch 14]; best_f1: 0.936384 [epoch 15]; 
INFO:root:pcn_emd_debug_20230108T221344 train [16: 0/546]  loss_type: emd, fine_loss: 0.005109 total_loss: 0.007662 lr: 0.000100 alpha: 0.5
INFO:root:pcn_emd_debug_20230108T221344 train [16: 500/546]  loss_type: emd, fine_loss: 0.005075 total_loss: 0.007589 lr: 0.000100 alpha: 0.5
INFO:root:Saving net...
INFO:root:Testing...
INFO:root:Best cd_p net saved!
INFO:root:Best cd_t net saved!
INFO:root:Best emd net saved!
INFO:root:Best f1 net saved!
INFO:root:curr_cd_p: 0.003594; curr_cd_t: 0.000077; curr_emd: 0.008043; curr_f1: 0.940604; 
INFO:root:best_cd_p: 0.003594 [epoch 16]; best_cd_t: 0.000077 [epoch 16]; best_emd: 0.008043 [epoch 16]; best_f1: 0.940604 [epoch 16]; 
INFO:root:pcn_emd_debug_20230108T221344 train [17: 0/546]  loss_type: emd, fine_loss: 0.004933 total_loss: 0.007359 lr: 0.000100 alpha: 0.5
INFO:root:pcn_emd_debug_20230108T221344 train [17: 500/546]  loss_type: emd, fine_loss: 0.004349 total_loss: 0.006500 lr: 0.000100 alpha: 0.5
INFO:root:Saving net...
INFO:root:Testing...
INFO:root:Best cd_p net saved!
INFO:root:Best cd_t net saved!
INFO:root:Best emd net saved!
INFO:root:Best f1 net saved!
INFO:root:curr_cd_p: 0.003399; curr_cd_t: 0.000071; curr_emd: 0.007804; curr_f1: 0.948487; 
INFO:root:best_cd_p: 0.003399 [epoch 17]; best_cd_t: 0.000071 [epoch 17]; best_emd: 0.007804 [epoch 17]; best_f1: 0.948487 [epoch 17]; 
INFO:root:pcn_emd_debug_20230108T221344 train [18: 0/546]  loss_type: emd, fine_loss: 0.004817 total_loss: 0.007215 lr: 0.000100 alpha: 0.5
INFO:root:pcn_emd_debug_20230108T221344 train [18: 500/546]  loss_type: emd, fine_loss: 0.004755 total_loss: 0.007113 lr: 0.000100 alpha: 0.5
INFO:root:Saving net...
INFO:root:Testing...
INFO:root:Best cd_p net saved!
INFO:root:Best cd_t net saved!
INFO:root:Best emd net saved!
INFO:root:Best f1 net saved!
INFO:root:curr_cd_p: 0.003220; curr_cd_t: 0.000067; curr_emd: 0.007467; curr_f1: 0.952313; 
INFO:root:best_cd_p: 0.003220 [epoch 18]; best_cd_t: 0.000067 [epoch 18]; best_emd: 0.007467 [epoch 18]; best_f1: 0.952313 [epoch 18]; 
INFO:root:pcn_emd_debug_20230108T221344 train [19: 0/546]  loss_type: emd, fine_loss: 0.004666 total_loss: 0.006977 lr: 0.000100 alpha: 0.5
INFO:root:pcn_emd_debug_20230108T221344 train [19: 500/546]  loss_type: emd, fine_loss: 0.004179 total_loss: 0.006251 lr: 0.000100 alpha: 0.5
INFO:root:Saving net...
INFO:root:Testing...
INFO:root:Best cd_p net saved!
INFO:root:Best cd_t net saved!
INFO:root:Best emd net saved!
INFO:root:Best f1 net saved!
INFO:root:curr_cd_p: 0.003098; curr_cd_t: 0.000065; curr_emd: 0.007285; curr_f1: 0.956063; 
INFO:root:best_cd_p: 0.003098 [epoch 19]; best_cd_t: 0.000065 [epoch 19]; best_emd: 0.007285 [epoch 19]; best_f1: 0.956063 [epoch 19]; 
INFO:root:pcn_emd_debug_20230108T221344 train [20: 0/546]  loss_type: emd, fine_loss: 0.004154 total_loss: 0.006234 lr: 0.000100 alpha: 0.5
INFO:root:pcn_emd_debug_20230108T221344 train [20: 500/546]  loss_type: emd, fine_loss: 0.004305 total_loss: 0.006459 lr: 0.000100 alpha: 0.5
INFO:root:Saving net...
INFO:root:Testing...
INFO:root:Best cd_p net saved!
INFO:root:Best cd_t net saved!
INFO:root:Best emd net saved!
INFO:root:Best f1 net saved!
INFO:root:curr_cd_p: 0.002988; curr_cd_t: 0.000061; curr_emd: 0.007076; curr_f1: 0.958564; 
INFO:root:best_cd_p: 0.002988 [epoch 20]; best_cd_t: 0.000061 [epoch 20]; best_emd: 0.007076 [epoch 20]; best_f1: 0.958564 [epoch 20]; 
INFO:root:pcn_emd_debug_20230108T221344 train [21: 0/546]  loss_type: emd, fine_loss: 0.004431 total_loss: 0.006639 lr: 0.000100 alpha: 0.5
INFO:root:pcn_emd_debug_20230108T221344 train [21: 500/546]  loss_type: emd, fine_loss: 0.004034 total_loss: 0.006038 lr: 0.000100 alpha: 0.5
INFO:root:Saving net...
INFO:root:Testing...
INFO:root:Best f1 net saved!
INFO:root:curr_cd_p: 0.002998; curr_cd_t: 0.000061; curr_emd: 0.007189; curr_f1: 0.958956; 
INFO:root:best_cd_p: 0.002988 [epoch 20]; best_cd_t: 0.000061 [epoch 20]; best_emd: 0.007076 [epoch 20]; best_f1: 0.958956 [epoch 21]; 
INFO:root:pcn_emd_debug_20230108T221344 train [22: 0/546]  loss_type: emd, fine_loss: 0.004176 total_loss: 0.006250 lr: 0.000100 alpha: 0.5
INFO:root:pcn_emd_debug_20230108T221344 train [22: 500/546]  loss_type: emd, fine_loss: 0.003935 total_loss: 0.005904 lr: 0.000100 alpha: 0.5
INFO:root:Saving net...
INFO:root:Testing...
INFO:root:Best cd_p net saved!
INFO:root:Best cd_t net saved!
INFO:root:Best emd net saved!
INFO:root:Best f1 net saved!
INFO:root:curr_cd_p: 0.002808; curr_cd_t: 0.000058; curr_emd: 0.006860; curr_f1: 0.961937; 
INFO:root:best_cd_p: 0.002808 [epoch 22]; best_cd_t: 0.000058 [epoch 22]; best_emd: 0.006860 [epoch 22]; best_f1: 0.961937 [epoch 22]; 
INFO:root:pcn_emd_debug_20230108T221344 train [23: 0/546]  loss_type: emd, fine_loss: 0.003978 total_loss: 0.005964 lr: 0.000100 alpha: 0.5
INFO:root:pcn_emd_debug_20230108T221344 train [23: 500/546]  loss_type: emd, fine_loss: 0.004326 total_loss: 0.006494 lr: 0.000100 alpha: 0.5
INFO:root:Saving net...
INFO:root:Testing...
INFO:root:Best cd_t net saved!
INFO:root:Best emd net saved!
INFO:root:Best f1 net saved!
INFO:root:curr_cd_p: 0.002832; curr_cd_t: 0.000057; curr_emd: 0.006797; curr_f1: 0.963233; 
INFO:root:best_cd_p: 0.002808 [epoch 22]; best_cd_t: 0.000057 [epoch 23]; best_emd: 0.006797 [epoch 23]; best_f1: 0.963233 [epoch 23]; 
INFO:root:pcn_emd_debug_20230108T221344 train [24: 0/546]  loss_type: emd, fine_loss: 0.003997 total_loss: 0.005986 lr: 0.000100 alpha: 0.5
INFO:root:pcn_emd_debug_20230108T221344 train [24: 500/546]  loss_type: emd, fine_loss: 0.004193 total_loss: 0.006255 lr: 0.000100 alpha: 0.5
INFO:root:Saving net...
INFO:root:Testing...
INFO:root:Best cd_p net saved!
INFO:root:Best cd_t net saved!
INFO:root:Best f1 net saved!
INFO:root:curr_cd_p: 0.002757; curr_cd_t: 0.000056; curr_emd: 0.006799; curr_f1: 0.963982; 
INFO:root:best_cd_p: 0.002757 [epoch 24]; best_cd_t: 0.000056 [epoch 24]; best_emd: 0.006797 [epoch 23]; best_f1: 0.963982 [epoch 24]; 
INFO:root:pcn_emd_debug_20230108T221344 train [25: 0/546]  loss_type: emd, fine_loss: 0.003817 total_loss: 0.005735 lr: 0.000100 alpha: 0.5
INFO:root:pcn_emd_debug_20230108T221344 train [25: 500/546]  loss_type: emd, fine_loss: 0.003675 total_loss: 0.005532 lr: 0.000100 alpha: 0.5
INFO:root:Saving net...
INFO:root:Testing...
INFO:root:Best emd net saved!
INFO:root:curr_cd_p: 0.002808; curr_cd_t: 0.000057; curr_emd: 0.006764; curr_f1: 0.963532; 
INFO:root:best_cd_p: 0.002757 [epoch 24]; best_cd_t: 0.000056 [epoch 24]; best_emd: 0.006764 [epoch 25]; best_f1: 0.963982 [epoch 24]; 
INFO:root:pcn_emd_debug_20230108T221344 train [26: 0/546]  loss_type: emd, fine_loss: 0.003524 total_loss: 0.005277 lr: 0.000100 alpha: 0.5
INFO:root:pcn_emd_debug_20230108T221344 train [26: 500/546]  loss_type: emd, fine_loss: 0.003718 total_loss: 0.005594 lr: 0.000100 alpha: 0.5
INFO:root:Saving net...
INFO:root:Testing...
INFO:root:Best f1 net saved!
INFO:root:curr_cd_p: 0.002776; curr_cd_t: 0.000057; curr_emd: 0.006769; curr_f1: 0.964491; 
INFO:root:best_cd_p: 0.002757 [epoch 24]; best_cd_t: 0.000056 [epoch 24]; best_emd: 0.006764 [epoch 25]; best_f1: 0.964491 [epoch 26]; 
INFO:root:pcn_emd_debug_20230108T221344 train [27: 0/546]  loss_type: emd, fine_loss: 0.004029 total_loss: 0.006011 lr: 0.000100 alpha: 0.5
INFO:root:pcn_emd_debug_20230108T221344 train [27: 500/546]  loss_type: emd, fine_loss: 0.004018 total_loss: 0.006040 lr: 0.000100 alpha: 0.5
INFO:root:Saving net...
INFO:root:Testing...
INFO:root:Best cd_p net saved!
INFO:root:Best cd_t net saved!
INFO:root:Best emd net saved!
INFO:root:Best f1 net saved!
INFO:root:curr_cd_p: 0.002704; curr_cd_t: 0.000054; curr_emd: 0.006585; curr_f1: 0.965746; 
INFO:root:best_cd_p: 0.002704 [epoch 27]; best_cd_t: 0.000054 [epoch 27]; best_emd: 0.006585 [epoch 27]; best_f1: 0.965746 [epoch 27]; 
INFO:root:pcn_emd_debug_20230108T221344 train [28: 0/546]  loss_type: emd, fine_loss: 0.003541 total_loss: 0.005313 lr: 0.000100 alpha: 0.5
INFO:root:pcn_emd_debug_20230108T221344 train [28: 500/546]  loss_type: emd, fine_loss: 0.003915 total_loss: 0.005867 lr: 0.000100 alpha: 0.5
INFO:root:Saving net...
INFO:root:Testing...
INFO:root:Best cd_p net saved!
INFO:root:Best cd_t net saved!
INFO:root:Best emd net saved!
INFO:root:Best f1 net saved!
INFO:root:curr_cd_p: 0.002664; curr_cd_t: 0.000053; curr_emd: 0.006544; curr_f1: 0.966455; 
INFO:root:best_cd_p: 0.002664 [epoch 28]; best_cd_t: 0.000053 [epoch 28]; best_emd: 0.006544 [epoch 28]; best_f1: 0.966455 [epoch 28]; 
INFO:root:pcn_emd_debug_20230108T221344 train [29: 0/546]  loss_type: emd, fine_loss: 0.003527 total_loss: 0.005285 lr: 0.000100 alpha: 0.5
INFO:root:pcn_emd_debug_20230108T221344 train [29: 500/546]  loss_type: emd, fine_loss: 0.003761 total_loss: 0.005654 lr: 0.000100 alpha: 0.5
INFO:root:Saving net...
INFO:root:Testing...
INFO:root:Best f1 net saved!
INFO:root:curr_cd_p: 0.002677; curr_cd_t: 0.000054; curr_emd: 0.006580; curr_f1: 0.966600; 
INFO:root:best_cd_p: 0.002664 [epoch 28]; best_cd_t: 0.000053 [epoch 28]; best_emd: 0.006544 [epoch 28]; best_f1: 0.966600 [epoch 29]; 
INFO:root:pcn_emd_debug_20230108T221344 train [30: 0/546]  loss_type: emd, fine_loss: 0.003641 total_loss: 0.007295 lr: 0.000100 alpha: 1.0
INFO:root:pcn_emd_debug_20230108T221344 train [30: 500/546]  loss_type: emd, fine_loss: 0.003721 total_loss: 0.007457 lr: 0.000100 alpha: 1.0
INFO:root:Saving net...
INFO:root:Testing...
INFO:root:Best cd_p net saved!
INFO:root:Best cd_t net saved!
INFO:root:Best emd net saved!
INFO:root:Best f1 net saved!
INFO:root:curr_cd_p: 0.002643; curr_cd_t: 0.000053; curr_emd: 0.006452; curr_f1: 0.967415; 
INFO:root:best_cd_p: 0.002643 [epoch 30]; best_cd_t: 0.000053 [epoch 30]; best_emd: 0.006452 [epoch 30]; best_f1: 0.967415 [epoch 30]; 
INFO:root:pcn_emd_debug_20230108T221344 train [31: 0/546]  loss_type: emd, fine_loss: 0.003756 total_loss: 0.007460 lr: 0.000100 alpha: 1.0
INFO:root:pcn_emd_debug_20230108T221344 train [31: 500/546]  loss_type: emd, fine_loss: 0.003931 total_loss: 0.007869 lr: 0.000100 alpha: 1.0
INFO:root:Saving net...
INFO:root:Testing...
INFO:root:Best cd_p net saved!
INFO:root:Best cd_t net saved!
INFO:root:Best emd net saved!
INFO:root:Best f1 net saved!
INFO:root:curr_cd_p: 0.002605; curr_cd_t: 0.000051; curr_emd: 0.006363; curr_f1: 0.967829; 
INFO:root:best_cd_p: 0.002605 [epoch 31]; best_cd_t: 0.000051 [epoch 31]; best_emd: 0.006363 [epoch 31]; best_f1: 0.967829 [epoch 31]; 
INFO:root:pcn_emd_debug_20230108T221344 train [32: 0/546]  loss_type: emd, fine_loss: 0.003702 total_loss: 0.007399 lr: 0.000100 alpha: 1.0
INFO:root:pcn_emd_debug_20230108T221344 train [32: 500/546]  loss_type: emd, fine_loss: 0.003323 total_loss: 0.006659 lr: 0.000100 alpha: 1.0
INFO:root:Saving net...
INFO:root:Testing...
INFO:root:Best f1 net saved!
INFO:root:curr_cd_p: 0.002624; curr_cd_t: 0.000051; curr_emd: 0.006398; curr_f1: 0.967959; 
INFO:root:best_cd_p: 0.002605 [epoch 31]; best_cd_t: 0.000051 [epoch 31]; best_emd: 0.006363 [epoch 31]; best_f1: 0.967959 [epoch 32]; 
INFO:root:pcn_emd_debug_20230108T221344 train [33: 0/546]  loss_type: emd, fine_loss: 0.003455 total_loss: 0.006903 lr: 0.000100 alpha: 1.0
INFO:root:pcn_emd_debug_20230108T221344 train [33: 500/546]  loss_type: emd, fine_loss: 0.003481 total_loss: 0.006999 lr: 0.000100 alpha: 1.0
INFO:root:Saving net...
INFO:root:Testing...
INFO:root:Best cd_p net saved!
INFO:root:Best cd_t net saved!
INFO:root:Best emd net saved!
INFO:root:Best f1 net saved!
INFO:root:curr_cd_p: 0.002523; curr_cd_t: 0.000049; curr_emd: 0.006219; curr_f1: 0.969368; 
INFO:root:best_cd_p: 0.002523 [epoch 33]; best_cd_t: 0.000049 [epoch 33]; best_emd: 0.006219 [epoch 33]; best_f1: 0.969368 [epoch 33]; 
INFO:root:pcn_emd_debug_20230108T221344 train [34: 0/546]  loss_type: emd, fine_loss: 0.003211 total_loss: 0.006424 lr: 0.000100 alpha: 1.0
INFO:root:pcn_emd_debug_20230108T221344 train [34: 500/546]  loss_type: emd, fine_loss: 0.003546 total_loss: 0.007085 lr: 0.000100 alpha: 1.0
INFO:root:Saving net...
INFO:root:Testing...
INFO:root:Best f1 net saved!
INFO:root:curr_cd_p: 0.002588; curr_cd_t: 0.000050; curr_emd: 0.006384; curr_f1: 0.969412; 
INFO:root:best_cd_p: 0.002523 [epoch 33]; best_cd_t: 0.000049 [epoch 33]; best_emd: 0.006219 [epoch 33]; best_f1: 0.969412 [epoch 34]; 
INFO:root:pcn_emd_debug_20230108T221344 train [35: 0/546]  loss_type: emd, fine_loss: 0.003803 total_loss: 0.007612 lr: 0.000100 alpha: 1.0
INFO:root:pcn_emd_debug_20230108T221344 train [35: 500/546]  loss_type: emd, fine_loss: 0.003351 total_loss: 0.006678 lr: 0.000100 alpha: 1.0
INFO:root:Saving net...
INFO:root:Testing...
INFO:root:Best cd_p net saved!
INFO:root:Best cd_t net saved!
INFO:root:Best emd net saved!
INFO:root:Best f1 net saved!
INFO:root:curr_cd_p: 0.002476; curr_cd_t: 0.000049; curr_emd: 0.006142; curr_f1: 0.970307; 
INFO:root:best_cd_p: 0.002476 [epoch 35]; best_cd_t: 0.000049 [epoch 35]; best_emd: 0.006142 [epoch 35]; best_f1: 0.970307 [epoch 35]; 
INFO:root:pcn_emd_debug_20230108T221344 train [36: 0/546]  loss_type: emd, fine_loss: 0.003281 total_loss: 0.006569 lr: 0.000100 alpha: 1.0
INFO:root:pcn_emd_debug_20230108T221344 train [36: 500/546]  loss_type: emd, fine_loss: 0.003265 total_loss: 0.006556 lr: 0.000100 alpha: 1.0
INFO:root:Saving net...
INFO:root:Testing...
INFO:root:Best cd_t net saved!
INFO:root:Best f1 net saved!
INFO:root:curr_cd_p: 0.002518; curr_cd_t: 0.000048; curr_emd: 0.006310; curr_f1: 0.970495; 
INFO:root:best_cd_p: 0.002476 [epoch 35]; best_cd_t: 0.000048 [epoch 36]; best_emd: 0.006142 [epoch 35]; best_f1: 0.970495 [epoch 36]; 
INFO:root:pcn_emd_debug_20230108T221344 train [37: 0/546]  loss_type: emd, fine_loss: 0.003394 total_loss: 0.006797 lr: 0.000100 alpha: 1.0
INFO:root:pcn_emd_debug_20230108T221344 train [37: 500/546]  loss_type: emd, fine_loss: 0.003438 total_loss: 0.006853 lr: 0.000100 alpha: 1.0
INFO:root:Saving net...
INFO:root:Testing...
INFO:root:Best cd_p net saved!
INFO:root:Best cd_t net saved!
INFO:root:Best emd net saved!
INFO:root:Best f1 net saved!
INFO:root:curr_cd_p: 0.002448; curr_cd_t: 0.000048; curr_emd: 0.006121; curr_f1: 0.971223; 
INFO:root:best_cd_p: 0.002448 [epoch 37]; best_cd_t: 0.000048 [epoch 37]; best_emd: 0.006121 [epoch 37]; best_f1: 0.971223 [epoch 37]; 
INFO:root:pcn_emd_debug_20230108T221344 train [38: 0/546]  loss_type: emd, fine_loss: 0.003232 total_loss: 0.006473 lr: 0.000100 alpha: 1.0
INFO:root:pcn_emd_debug_20230108T221344 train [38: 500/546]  loss_type: emd, fine_loss: 0.003289 total_loss: 0.006577 lr: 0.000100 alpha: 1.0
INFO:root:Saving net...
INFO:root:Testing...
INFO:root:Best cd_t net saved!
INFO:root:Best f1 net saved!
INFO:root:curr_cd_p: 0.002500; curr_cd_t: 0.000048; curr_emd: 0.006149; curr_f1: 0.971472; 
INFO:root:best_cd_p: 0.002448 [epoch 37]; best_cd_t: 0.000048 [epoch 38]; best_emd: 0.006121 [epoch 37]; best_f1: 0.971472 [epoch 38]; 
INFO:root:pcn_emd_debug_20230108T221344 train [39: 0/546]  loss_type: emd, fine_loss: 0.003389 total_loss: 0.006777 lr: 0.000100 alpha: 1.0
INFO:root:pcn_emd_debug_20230108T221344 train [39: 500/546]  loss_type: emd, fine_loss: 0.003113 total_loss: 0.006241 lr: 0.000100 alpha: 1.0
INFO:root:Saving net...
INFO:root:Testing...
INFO:root:Best cd_p net saved!
INFO:root:Best cd_t net saved!
INFO:root:Best emd net saved!
INFO:root:Best f1 net saved!
INFO:root:curr_cd_p: 0.002404; curr_cd_t: 0.000046; curr_emd: 0.006031; curr_f1: 0.972423; 
INFO:root:best_cd_p: 0.002404 [epoch 39]; best_cd_t: 0.000046 [epoch 39]; best_emd: 0.006031 [epoch 39]; best_f1: 0.972423 [epoch 39]; 
INFO:root:pcn_emd_debug_20230108T221344 train [40: 0/546]  loss_type: emd, fine_loss: 0.003061 total_loss: 0.006131 lr: 0.000070 alpha: 1.0
INFO:root:pcn_emd_debug_20230108T221344 train [40: 500/546]  loss_type: emd, fine_loss: 0.003488 total_loss: 0.006989 lr: 0.000070 alpha: 1.0
INFO:root:Saving net...
INFO:root:Testing...
INFO:root:Best cd_p net saved!
INFO:root:Best cd_t net saved!
INFO:root:Best emd net saved!
INFO:root:Best f1 net saved!
INFO:root:curr_cd_p: 0.002355; curr_cd_t: 0.000045; curr_emd: 0.005861; curr_f1: 0.972704; 
INFO:root:best_cd_p: 0.002355 [epoch 40]; best_cd_t: 0.000045 [epoch 40]; best_emd: 0.005861 [epoch 40]; best_f1: 0.972704 [epoch 40]; 
INFO:root:pcn_emd_debug_20230108T221344 train [41: 0/546]  loss_type: emd, fine_loss: 0.003251 total_loss: 0.006501 lr: 0.000070 alpha: 1.0
INFO:root:pcn_emd_debug_20230108T221344 train [41: 500/546]  loss_type: emd, fine_loss: 0.003353 total_loss: 0.006696 lr: 0.000070 alpha: 1.0
INFO:root:Saving net...
INFO:root:Testing...
INFO:root:Best cd_p net saved!
INFO:root:Best cd_t net saved!
INFO:root:Best f1 net saved!
INFO:root:curr_cd_p: 0.002329; curr_cd_t: 0.000044; curr_emd: 0.005898; curr_f1: 0.972981; 
INFO:root:best_cd_p: 0.002329 [epoch 41]; best_cd_t: 0.000044 [epoch 41]; best_emd: 0.005861 [epoch 40]; best_f1: 0.972981 [epoch 41]; 
INFO:root:pcn_emd_debug_20230108T221344 train [42: 0/546]  loss_type: emd, fine_loss: 0.003063 total_loss: 0.006143 lr: 0.000070 alpha: 1.0
INFO:root:pcn_emd_debug_20230108T221344 train [42: 500/546]  loss_type: emd, fine_loss: 0.003171 total_loss: 0.006381 lr: 0.000070 alpha: 1.0
INFO:root:Saving net...
INFO:root:Testing...
INFO:root:curr_cd_p: 0.002395; curr_cd_t: 0.000045; curr_emd: 0.005962; curr_f1: 0.972840; 
INFO:root:best_cd_p: 0.002329 [epoch 41]; best_cd_t: 0.000044 [epoch 41]; best_emd: 0.005861 [epoch 40]; best_f1: 0.972981 [epoch 41]; 
INFO:root:pcn_emd_debug_20230108T221344 train [43: 0/546]  loss_type: emd, fine_loss: 0.003317 total_loss: 0.006635 lr: 0.000070 alpha: 1.0
INFO:root:pcn_emd_debug_20230108T221344 train [43: 500/546]  loss_type: emd, fine_loss: 0.003036 total_loss: 0.006101 lr: 0.000070 alpha: 1.0
INFO:root:Saving net...
INFO:root:Testing...
INFO:root:Best f1 net saved!
INFO:root:curr_cd_p: 0.002334; curr_cd_t: 0.000044; curr_emd: 0.005880; curr_f1: 0.973287; 
INFO:root:best_cd_p: 0.002329 [epoch 41]; best_cd_t: 0.000044 [epoch 41]; best_emd: 0.005861 [epoch 40]; best_f1: 0.973287 [epoch 43]; 
INFO:root:pcn_emd_debug_20230108T221344 train [44: 0/546]  loss_type: emd, fine_loss: 0.002971 total_loss: 0.005994 lr: 0.000070 alpha: 1.0
INFO:root:pcn_emd_debug_20230108T221344 train [44: 500/546]  loss_type: emd, fine_loss: 0.002943 total_loss: 0.005908 lr: 0.000070 alpha: 1.0
INFO:root:Saving net...
INFO:root:Testing...
INFO:root:Best cd_p net saved!
INFO:root:Best cd_t net saved!
INFO:root:Best emd net saved!
INFO:root:Best f1 net saved!
INFO:root:curr_cd_p: 0.002317; curr_cd_t: 0.000044; curr_emd: 0.005791; curr_f1: 0.973485; 
INFO:root:best_cd_p: 0.002317 [epoch 44]; best_cd_t: 0.000044 [epoch 44]; best_emd: 0.005791 [epoch 44]; best_f1: 0.973485 [epoch 44]; 
INFO:root:pcn_emd_debug_20230108T221344 train [45: 0/546]  loss_type: emd, fine_loss: 0.003046 total_loss: 0.006145 lr: 0.000070 alpha: 1.0
INFO:root:pcn_emd_debug_20230108T221344 train [45: 500/546]  loss_type: emd, fine_loss: 0.003121 total_loss: 0.006259 lr: 0.000070 alpha: 1.0
INFO:root:Saving net...
INFO:root:Testing...
INFO:root:Best f1 net saved!
INFO:root:curr_cd_p: 0.002357; curr_cd_t: 0.000044; curr_emd: 0.005924; curr_f1: 0.973489; 
INFO:root:best_cd_p: 0.002317 [epoch 44]; best_cd_t: 0.000044 [epoch 44]; best_emd: 0.005791 [epoch 44]; best_f1: 0.973489 [epoch 45]; 
INFO:root:pcn_emd_debug_20230108T221344 train [46: 0/546]  loss_type: emd, fine_loss: 0.003269 total_loss: 0.006535 lr: 0.000070 alpha: 1.0
INFO:root:pcn_emd_debug_20230108T221344 train [46: 500/546]  loss_type: emd, fine_loss: 0.002999 total_loss: 0.006016 lr: 0.000070 alpha: 1.0
INFO:root:Saving net...
INFO:root:Testing...
INFO:root:Best cd_p net saved!
INFO:root:Best cd_t net saved!
INFO:root:Best emd net saved!
INFO:root:Best f1 net saved!
INFO:root:curr_cd_p: 0.002307; curr_cd_t: 0.000043; curr_emd: 0.005782; curr_f1: 0.973626; 
INFO:root:best_cd_p: 0.002307 [epoch 46]; best_cd_t: 0.000043 [epoch 46]; best_emd: 0.005782 [epoch 46]; best_f1: 0.973626 [epoch 46]; 
INFO:root:pcn_emd_debug_20230108T221344 train [47: 0/546]  loss_type: emd, fine_loss: 0.003017 total_loss: 0.006048 lr: 0.000070 alpha: 1.0
INFO:root:pcn_emd_debug_20230108T221344 train [47: 500/546]  loss_type: emd, fine_loss: 0.003034 total_loss: 0.006057 lr: 0.000070 alpha: 1.0
INFO:root:Saving net...
INFO:root:Testing...
INFO:root:Best cd_p net saved!
INFO:root:Best cd_t net saved!
INFO:root:Best emd net saved!
INFO:root:Best f1 net saved!
INFO:root:curr_cd_p: 0.002265; curr_cd_t: 0.000043; curr_emd: 0.005699; curr_f1: 0.974132; 
INFO:root:best_cd_p: 0.002265 [epoch 47]; best_cd_t: 0.000043 [epoch 47]; best_emd: 0.005699 [epoch 47]; best_f1: 0.974132 [epoch 47]; 
INFO:root:pcn_emd_debug_20230108T221344 train [48: 0/546]  loss_type: emd, fine_loss: 0.003044 total_loss: 0.006088 lr: 0.000070 alpha: 1.0
INFO:root:pcn_emd_debug_20230108T221344 train [48: 500/546]  loss_type: emd, fine_loss: 0.003198 total_loss: 0.006409 lr: 0.000070 alpha: 1.0
INFO:root:Saving net...
INFO:root:Testing...
INFO:root:Best f1 net saved!
INFO:root:curr_cd_p: 0.002290; curr_cd_t: 0.000043; curr_emd: 0.005709; curr_f1: 0.974455; 
INFO:root:best_cd_p: 0.002265 [epoch 47]; best_cd_t: 0.000043 [epoch 47]; best_emd: 0.005699 [epoch 47]; best_f1: 0.974455 [epoch 48]; 
INFO:root:pcn_emd_debug_20230108T221344 train [49: 0/546]  loss_type: emd, fine_loss: 0.003086 total_loss: 0.006198 lr: 0.000070 alpha: 1.0
INFO:root:pcn_emd_debug_20230108T221344 train [49: 500/546]  loss_type: emd, fine_loss: 0.003059 total_loss: 0.006149 lr: 0.000070 alpha: 1.0
INFO:root:Saving net...
INFO:root:Testing...
INFO:root:Best f1 net saved!
INFO:root:curr_cd_p: 0.002324; curr_cd_t: 0.000043; curr_emd: 0.005835; curr_f1: 0.974536; 
INFO:root:best_cd_p: 0.002265 [epoch 47]; best_cd_t: 0.000043 [epoch 47]; best_emd: 0.005699 [epoch 47]; best_f1: 0.974536 [epoch 49]; 
INFO:root:pcn_emd_debug_20230108T221344 train [50: 0/546]  loss_type: emd, fine_loss: 0.003010 total_loss: 0.006021 lr: 0.000070 alpha: 1.0
INFO:root:pcn_emd_debug_20230108T221344 train [50: 500/546]  loss_type: emd, fine_loss: 0.002955 total_loss: 0.005939 lr: 0.000070 alpha: 1.0
INFO:root:Saving net...
INFO:root:Testing...
INFO:root:Best cd_p net saved!
INFO:root:Best cd_t net saved!
INFO:root:Best emd net saved!
INFO:root:Best f1 net saved!
INFO:root:curr_cd_p: 0.002237; curr_cd_t: 0.000042; curr_emd: 0.005648; curr_f1: 0.974582; 
INFO:root:best_cd_p: 0.002237 [epoch 50]; best_cd_t: 0.000042 [epoch 50]; best_emd: 0.005648 [epoch 50]; best_f1: 0.974582 [epoch 50]; 
INFO:root:pcn_emd_debug_20230108T221344 train [51: 0/546]  loss_type: emd, fine_loss: 0.002923 total_loss: 0.005890 lr: 0.000070 alpha: 1.0
INFO:root:pcn_emd_debug_20230108T221344 train [51: 500/546]  loss_type: emd, fine_loss: 0.003097 total_loss: 0.006186 lr: 0.000070 alpha: 1.0
INFO:root:Saving net...
INFO:root:Testing...
INFO:root:Best f1 net saved!
INFO:root:curr_cd_p: 0.002326; curr_cd_t: 0.000042; curr_emd: 0.005748; curr_f1: 0.974908; 
INFO:root:best_cd_p: 0.002237 [epoch 50]; best_cd_t: 0.000042 [epoch 50]; best_emd: 0.005648 [epoch 50]; best_f1: 0.974908 [epoch 51]; 
INFO:root:pcn_emd_debug_20230108T221344 train [52: 0/546]  loss_type: emd, fine_loss: 0.003101 total_loss: 0.006225 lr: 0.000070 alpha: 1.0
INFO:root:pcn_emd_debug_20230108T221344 train [52: 500/546]  loss_type: emd, fine_loss: 0.003124 total_loss: 0.006263 lr: 0.000070 alpha: 1.0
INFO:root:Saving net...
INFO:root:Testing...
INFO:root:Best cd_p net saved!
INFO:root:Best cd_t net saved!
INFO:root:Best emd net saved!
INFO:root:Best f1 net saved!
INFO:root:curr_cd_p: 0.002217; curr_cd_t: 0.000041; curr_emd: 0.005590; curr_f1: 0.975420; 
INFO:root:best_cd_p: 0.002217 [epoch 52]; best_cd_t: 0.000041 [epoch 52]; best_emd: 0.005590 [epoch 52]; best_f1: 0.975420 [epoch 52]; 
INFO:root:pcn_emd_debug_20230108T221344 train [53: 0/546]  loss_type: emd, fine_loss: 0.002851 total_loss: 0.005720 lr: 0.000070 alpha: 1.0
INFO:root:pcn_emd_debug_20230108T221344 train [53: 500/546]  loss_type: emd, fine_loss: 0.002929 total_loss: 0.005889 lr: 0.000070 alpha: 1.0
INFO:root:Saving net...
INFO:root:Testing...
INFO:root:curr_cd_p: 0.002271; curr_cd_t: 0.000042; curr_emd: 0.005662; curr_f1: 0.975123; 
INFO:root:best_cd_p: 0.002217 [epoch 52]; best_cd_t: 0.000041 [epoch 52]; best_emd: 0.005590 [epoch 52]; best_f1: 0.975420 [epoch 52]; 
INFO:root:pcn_emd_debug_20230108T221344 train [54: 0/546]  loss_type: emd, fine_loss: 0.002953 total_loss: 0.005929 lr: 0.000070 alpha: 1.0
INFO:root:pcn_emd_debug_20230108T221344 train [54: 500/546]  loss_type: emd, fine_loss: 0.003179 total_loss: 0.006402 lr: 0.000070 alpha: 1.0
INFO:root:Saving net...
INFO:root:Testing...
INFO:root:Best cd_p net saved!
INFO:root:Best f1 net saved!
INFO:root:curr_cd_p: 0.002208; curr_cd_t: 0.000041; curr_emd: 0.005597; curr_f1: 0.975673; 
INFO:root:best_cd_p: 0.002208 [epoch 54]; best_cd_t: 0.000041 [epoch 52]; best_emd: 0.005590 [epoch 52]; best_f1: 0.975673 [epoch 54]; 
INFO:root:pcn_emd_debug_20230108T221344 train [55: 0/546]  loss_type: emd, fine_loss: 0.002701 total_loss: 0.005417 lr: 0.000070 alpha: 1.0
INFO:root:pcn_emd_debug_20230108T221344 train [55: 500/546]  loss_type: emd, fine_loss: 0.003131 total_loss: 0.006254 lr: 0.000070 alpha: 1.0
INFO:root:Saving net...
INFO:root:Testing...
INFO:root:Best emd net saved!
INFO:root:curr_cd_p: 0.002235; curr_cd_t: 0.000041; curr_emd: 0.005583; curr_f1: 0.975432; 
INFO:root:best_cd_p: 0.002208 [epoch 54]; best_cd_t: 0.000041 [epoch 52]; best_emd: 0.005583 [epoch 55]; best_f1: 0.975673 [epoch 54]; 
INFO:root:pcn_emd_debug_20230108T221344 train [56: 0/546]  loss_type: emd, fine_loss: 0.002804 total_loss: 0.005640 lr: 0.000070 alpha: 1.0
INFO:root:pcn_emd_debug_20230108T221344 train [56: 500/546]  loss_type: emd, fine_loss: 0.003111 total_loss: 0.006250 lr: 0.000070 alpha: 1.0
INFO:root:Saving net...
INFO:root:Testing...
INFO:root:curr_cd_p: 0.002258; curr_cd_t: 0.000041; curr_emd: 0.005608; curr_f1: 0.975531; 
INFO:root:best_cd_p: 0.002208 [epoch 54]; best_cd_t: 0.000041 [epoch 52]; best_emd: 0.005583 [epoch 55]; best_f1: 0.975673 [epoch 54]; 
INFO:root:pcn_emd_debug_20230108T221344 train [57: 0/546]  loss_type: emd, fine_loss: 0.002850 total_loss: 0.005709 lr: 0.000070 alpha: 1.0
INFO:root:pcn_emd_debug_20230108T221344 train [57: 500/546]  loss_type: emd, fine_loss: 0.002763 total_loss: 0.005522 lr: 0.000070 alpha: 1.0
INFO:root:Saving net...
INFO:root:Testing...
INFO:root:Best cd_p net saved!
INFO:root:Best cd_t net saved!
INFO:root:Best f1 net saved!
INFO:root:curr_cd_p: 0.002206; curr_cd_t: 0.000040; curr_emd: 0.005594; curr_f1: 0.975808; 
INFO:root:best_cd_p: 0.002206 [epoch 57]; best_cd_t: 0.000040 [epoch 57]; best_emd: 0.005583 [epoch 55]; best_f1: 0.975808 [epoch 57]; 
INFO:root:pcn_emd_debug_20230108T221344 train [58: 0/546]  loss_type: emd, fine_loss: 0.002888 total_loss: 0.005801 lr: 0.000070 alpha: 1.0
INFO:root:pcn_emd_debug_20230108T221344 train [58: 500/546]  loss_type: emd, fine_loss: 0.002950 total_loss: 0.005900 lr: 0.000070 alpha: 1.0
INFO:root:Saving net...
INFO:root:Testing...
INFO:root:Best cd_p net saved!
INFO:root:Best emd net saved!
INFO:root:Best f1 net saved!
INFO:root:curr_cd_p: 0.002163; curr_cd_t: 0.000040; curr_emd: 0.005492; curr_f1: 0.976225; 
INFO:root:best_cd_p: 0.002163 [epoch 58]; best_cd_t: 0.000040 [epoch 57]; best_emd: 0.005492 [epoch 58]; best_f1: 0.976225 [epoch 58]; 
INFO:root:pcn_emd_debug_20230108T221344 train [59: 0/546]  loss_type: emd, fine_loss: 0.002776 total_loss: 0.005573 lr: 0.000070 alpha: 1.0
INFO:root:pcn_emd_debug_20230108T221344 train [59: 500/546]  loss_type: emd, fine_loss: 0.002931 total_loss: 0.005851 lr: 0.000070 alpha: 1.0
INFO:root:Saving net...
INFO:root:Testing...
INFO:root:curr_cd_p: 0.002226; curr_cd_t: 0.000041; curr_emd: 0.005553; curr_f1: 0.975991; 
INFO:root:best_cd_p: 0.002163 [epoch 58]; best_cd_t: 0.000040 [epoch 57]; best_emd: 0.005492 [epoch 58]; best_f1: 0.976225 [epoch 58]; 
INFO:root:pcn_emd_debug_20230108T221344 train [60: 0/546]  loss_type: emd, fine_loss: 0.002847 total_loss: 0.005710 lr: 0.000070 alpha: 1.0
INFO:root:pcn_emd_debug_20230108T221344 train [60: 500/546]  loss_type: emd, fine_loss: 0.002834 total_loss: 0.005654 lr: 0.000070 alpha: 1.0
INFO:root:Saving net...
INFO:root:Testing...
INFO:root:Best cd_t net saved!
INFO:root:Best emd net saved!
INFO:root:curr_cd_p: 0.002209; curr_cd_t: 0.000040; curr_emd: 0.005492; curr_f1: 0.976162; 
INFO:root:best_cd_p: 0.002163 [epoch 58]; best_cd_t: 0.000040 [epoch 60]; best_emd: 0.005492 [epoch 60]; best_f1: 0.976225 [epoch 58]; 
INFO:root:pcn_emd_debug_20230108T221344 train [61: 0/546]  loss_type: emd, fine_loss: 0.002859 total_loss: 0.005737 lr: 0.000070 alpha: 1.0
INFO:root:pcn_emd_debug_20230108T221344 train [61: 500/546]  loss_type: emd, fine_loss: 0.002877 total_loss: 0.005773 lr: 0.000070 alpha: 1.0
INFO:root:Saving net...
INFO:root:Testing...
INFO:root:Best cd_t net saved!
INFO:root:Best f1 net saved!
INFO:root:curr_cd_p: 0.002180; curr_cd_t: 0.000039; curr_emd: 0.005517; curr_f1: 0.976491; 
INFO:root:best_cd_p: 0.002163 [epoch 58]; best_cd_t: 0.000039 [epoch 61]; best_emd: 0.005492 [epoch 60]; best_f1: 0.976491 [epoch 61]; 
INFO:root:pcn_emd_debug_20230108T221344 train [62: 0/546]  loss_type: emd, fine_loss: 0.002915 total_loss: 0.005815 lr: 0.000070 alpha: 1.0
INFO:root:pcn_emd_debug_20230108T221344 train [62: 500/546]  loss_type: emd, fine_loss: 0.002745 total_loss: 0.005499 lr: 0.000070 alpha: 1.0
INFO:root:Saving net...
INFO:root:Testing...
INFO:root:Best f1 net saved!
INFO:root:curr_cd_p: 0.002207; curr_cd_t: 0.000040; curr_emd: 0.005532; curr_f1: 0.976572; 
INFO:root:best_cd_p: 0.002163 [epoch 58]; best_cd_t: 0.000039 [epoch 61]; best_emd: 0.005492 [epoch 60]; best_f1: 0.976572 [epoch 62]; 
INFO:root:pcn_emd_debug_20230108T221344 train [63: 0/546]  loss_type: emd, fine_loss: 0.002819 total_loss: 0.005668 lr: 0.000070 alpha: 1.0
INFO:root:pcn_emd_debug_20230108T221344 train [63: 500/546]  loss_type: emd, fine_loss: 0.002720 total_loss: 0.005439 lr: 0.000070 alpha: 1.0
INFO:root:Saving net...
INFO:root:Testing...
INFO:root:Best cd_p net saved!
INFO:root:Best cd_t net saved!
INFO:root:Best emd net saved!
INFO:root:Best f1 net saved!
INFO:root:curr_cd_p: 0.002155; curr_cd_t: 0.000039; curr_emd: 0.005394; curr_f1: 0.976662; 
INFO:root:best_cd_p: 0.002155 [epoch 63]; best_cd_t: 0.000039 [epoch 63]; best_emd: 0.005394 [epoch 63]; best_f1: 0.976662 [epoch 63]; 
INFO:root:pcn_emd_debug_20230108T221344 train [64: 0/546]  loss_type: emd, fine_loss: 0.002695 total_loss: 0.005444 lr: 0.000070 alpha: 1.0
INFO:root:pcn_emd_debug_20230108T221344 train [64: 500/546]  loss_type: emd, fine_loss: 0.002758 total_loss: 0.005569 lr: 0.000070 alpha: 1.0
INFO:root:Saving net...
INFO:root:Testing...
INFO:root:Best f1 net saved!
INFO:root:curr_cd_p: 0.002198; curr_cd_t: 0.000039; curr_emd: 0.005518; curr_f1: 0.976818; 
INFO:root:best_cd_p: 0.002155 [epoch 63]; best_cd_t: 0.000039 [epoch 63]; best_emd: 0.005394 [epoch 63]; best_f1: 0.976818 [epoch 64]; 
INFO:root:pcn_emd_debug_20230108T221344 train [65: 0/546]  loss_type: emd, fine_loss: 0.002734 total_loss: 0.005475 lr: 0.000070 alpha: 1.0
INFO:root:pcn_emd_debug_20230108T221344 train [65: 500/546]  loss_type: emd, fine_loss: 0.002756 total_loss: 0.005508 lr: 0.000070 alpha: 1.0
INFO:root:Saving net...
INFO:root:Testing...
INFO:root:Best cd_p net saved!
INFO:root:Best cd_t net saved!
INFO:root:Best emd net saved!
INFO:root:curr_cd_p: 0.002137; curr_cd_t: 0.000039; curr_emd: 0.005352; curr_f1: 0.976801; 
INFO:root:best_cd_p: 0.002137 [epoch 65]; best_cd_t: 0.000039 [epoch 65]; best_emd: 0.005352 [epoch 65]; best_f1: 0.976818 [epoch 64]; 
INFO:root:pcn_emd_debug_20230108T221344 train [66: 0/546]  loss_type: emd, fine_loss: 0.003133 total_loss: 0.006276 lr: 0.000070 alpha: 1.0
INFO:root:pcn_emd_debug_20230108T221344 train [66: 500/546]  loss_type: emd, fine_loss: 0.002645 total_loss: 0.005300 lr: 0.000070 alpha: 1.0
INFO:root:Saving net...
INFO:root:Testing...
INFO:root:Best cd_t net saved!
INFO:root:Best f1 net saved!
INFO:root:curr_cd_p: 0.002148; curr_cd_t: 0.000038; curr_emd: 0.005369; curr_f1: 0.977234; 
INFO:root:best_cd_p: 0.002137 [epoch 65]; best_cd_t: 0.000038 [epoch 66]; best_emd: 0.005352 [epoch 65]; best_f1: 0.977234 [epoch 66]; 
INFO:root:pcn_emd_debug_20230108T221344 train [67: 0/546]  loss_type: emd, fine_loss: 0.002709 total_loss: 0.005446 lr: 0.000070 alpha: 1.0
INFO:root:pcn_emd_debug_20230108T221344 train [67: 500/546]  loss_type: emd, fine_loss: 0.002723 total_loss: 0.005475 lr: 0.000070 alpha: 1.0
INFO:root:Saving net...
INFO:root:Testing...
INFO:root:Best cd_p net saved!
INFO:root:curr_cd_p: 0.002135; curr_cd_t: 0.000039; curr_emd: 0.005356; curr_f1: 0.977149; 
INFO:root:best_cd_p: 0.002135 [epoch 67]; best_cd_t: 0.000038 [epoch 66]; best_emd: 0.005352 [epoch 65]; best_f1: 0.977234 [epoch 66]; 
INFO:root:pcn_emd_debug_20230108T221344 train [68: 0/546]  loss_type: emd, fine_loss: 0.002609 total_loss: 0.005232 lr: 0.000070 alpha: 1.0
INFO:root:pcn_emd_debug_20230108T221344 train [68: 500/546]  loss_type: emd, fine_loss: 0.002616 total_loss: 0.005258 lr: 0.000070 alpha: 1.0
INFO:root:Saving net...
INFO:root:Testing...
INFO:root:Best cd_t net saved!
INFO:root:Best f1 net saved!
INFO:root:curr_cd_p: 0.002155; curr_cd_t: 0.000038; curr_emd: 0.005360; curr_f1: 0.977306; 
INFO:root:best_cd_p: 0.002135 [epoch 67]; best_cd_t: 0.000038 [epoch 68]; best_emd: 0.005352 [epoch 65]; best_f1: 0.977306 [epoch 68]; 
INFO:root:pcn_emd_debug_20230108T221344 train [69: 0/546]  loss_type: emd, fine_loss: 0.002793 total_loss: 0.005554 lr: 0.000070 alpha: 1.0
INFO:root:pcn_emd_debug_20230108T221344 train [69: 500/546]  loss_type: emd, fine_loss: 0.002835 total_loss: 0.005679 lr: 0.000070 alpha: 1.0
INFO:root:Saving net...
INFO:root:Testing...
INFO:root:Best f1 net saved!
INFO:root:curr_cd_p: 0.002168; curr_cd_t: 0.000039; curr_emd: 0.005447; curr_f1: 0.977385; 
INFO:root:best_cd_p: 0.002135 [epoch 67]; best_cd_t: 0.000038 [epoch 68]; best_emd: 0.005352 [epoch 65]; best_f1: 0.977385 [epoch 69]; 
INFO:root:pcn_emd_debug_20230108T221344 train [70: 0/546]  loss_type: emd, fine_loss: 0.002752 total_loss: 0.005505 lr: 0.000070 alpha: 1.0
INFO:root:pcn_emd_debug_20230108T221344 train [70: 500/546]  loss_type: emd, fine_loss: 0.002638 total_loss: 0.005271 lr: 0.000070 alpha: 1.0
INFO:root:Saving net...
INFO:root:Testing...
INFO:root:Best emd net saved!
INFO:root:curr_cd_p: 0.002168; curr_cd_t: 0.000039; curr_emd: 0.005326; curr_f1: 0.977157; 
INFO:root:best_cd_p: 0.002135 [epoch 67]; best_cd_t: 0.000038 [epoch 68]; best_emd: 0.005326 [epoch 70]; best_f1: 0.977385 [epoch 69]; 
INFO:root:pcn_emd_debug_20230108T221344 train [71: 0/546]  loss_type: emd, fine_loss: 0.002722 total_loss: 0.005456 lr: 0.000070 alpha: 1.0
INFO:root:pcn_emd_debug_20230108T221344 train [71: 500/546]  loss_type: emd, fine_loss: 0.002808 total_loss: 0.005651 lr: 0.000070 alpha: 1.0
INFO:root:Saving net...
INFO:root:Testing...
INFO:root:Best cd_p net saved!
INFO:root:Best emd net saved!
INFO:root:Best f1 net saved!
INFO:root:curr_cd_p: 0.002124; curr_cd_t: 0.000038; curr_emd: 0.005283; curr_f1: 0.977606; 
INFO:root:best_cd_p: 0.002124 [epoch 71]; best_cd_t: 0.000038 [epoch 68]; best_emd: 0.005283 [epoch 71]; best_f1: 0.977606 [epoch 71]; 
INFO:root:pcn_emd_debug_20230108T221344 train [72: 0/546]  loss_type: emd, fine_loss: 0.002653 total_loss: 0.005301 lr: 0.000070 alpha: 1.0
INFO:root:pcn_emd_debug_20230108T221344 train [72: 500/546]  loss_type: emd, fine_loss: 0.002653 total_loss: 0.005329 lr: 0.000070 alpha: 1.0
INFO:root:Saving net...
INFO:root:Testing...
INFO:root:Best cd_p net saved!
INFO:root:Best cd_t net saved!
INFO:root:Best emd net saved!
INFO:root:Best f1 net saved!
INFO:root:curr_cd_p: 0.002109; curr_cd_t: 0.000037; curr_emd: 0.005253; curr_f1: 0.977685; 
INFO:root:best_cd_p: 0.002109 [epoch 72]; best_cd_t: 0.000037 [epoch 72]; best_emd: 0.005253 [epoch 72]; best_f1: 0.977685 [epoch 72]; 
INFO:root:pcn_emd_debug_20230108T221344 train [73: 0/546]  loss_type: emd, fine_loss: 0.002571 total_loss: 0.005154 lr: 0.000070 alpha: 1.0
INFO:root:pcn_emd_debug_20230108T221344 train [73: 500/546]  loss_type: emd, fine_loss: 0.002618 total_loss: 0.005265 lr: 0.000070 alpha: 1.0
INFO:root:Saving net...
INFO:root:Testing...
INFO:root:curr_cd_p: 0.002158; curr_cd_t: 0.000038; curr_emd: 0.005330; curr_f1: 0.977673; 
INFO:root:best_cd_p: 0.002109 [epoch 72]; best_cd_t: 0.000037 [epoch 72]; best_emd: 0.005253 [epoch 72]; best_f1: 0.977685 [epoch 72]; 
INFO:root:pcn_emd_debug_20230108T221344 train [74: 0/546]  loss_type: emd, fine_loss: 0.002776 total_loss: 0.005538 lr: 0.000070 alpha: 1.0
INFO:root:pcn_emd_debug_20230108T221344 train [74: 500/546]  loss_type: emd, fine_loss: 0.002764 total_loss: 0.005535 lr: 0.000070 alpha: 1.0
INFO:root:Saving net...
INFO:root:Testing...
INFO:root:curr_cd_p: 0.002131; curr_cd_t: 0.000038; curr_emd: 0.005284; curr_f1: 0.977461; 
INFO:root:best_cd_p: 0.002109 [epoch 72]; best_cd_t: 0.000037 [epoch 72]; best_emd: 0.005253 [epoch 72]; best_f1: 0.977685 [epoch 72]; 
INFO:root:pcn_emd_debug_20230108T221344 train [75: 0/546]  loss_type: emd, fine_loss: 0.002605 total_loss: 0.005224 lr: 0.000070 alpha: 1.0
INFO:root:pcn_emd_debug_20230108T221344 train [75: 500/546]  loss_type: emd, fine_loss: 0.002799 total_loss: 0.005624 lr: 0.000070 alpha: 1.0
INFO:root:Saving net...
INFO:root:Testing...
INFO:root:Best cd_t net saved!
INFO:root:Best emd net saved!
INFO:root:curr_cd_p: 0.002148; curr_cd_t: 0.000037; curr_emd: 0.005252; curr_f1: 0.977582; 
INFO:root:best_cd_p: 0.002109 [epoch 72]; best_cd_t: 0.000037 [epoch 75]; best_emd: 0.005252 [epoch 75]; best_f1: 0.977685 [epoch 72]; 
INFO:root:pcn_emd_debug_20230108T221344 train [76: 0/546]  loss_type: emd, fine_loss: 0.002737 total_loss: 0.005489 lr: 0.000070 alpha: 1.0
INFO:root:pcn_emd_debug_20230108T221344 train [76: 500/546]  loss_type: emd, fine_loss: 0.002697 total_loss: 0.005408 lr: 0.000070 alpha: 1.0
INFO:root:Saving net...
INFO:root:Testing...
INFO:root:Best cd_p net saved!
INFO:root:Best cd_t net saved!
INFO:root:Best emd net saved!
INFO:root:Best f1 net saved!
INFO:root:curr_cd_p: 0.002079; curr_cd_t: 0.000036; curr_emd: 0.005195; curr_f1: 0.978012; 
INFO:root:best_cd_p: 0.002079 [epoch 76]; best_cd_t: 0.000036 [epoch 76]; best_emd: 0.005195 [epoch 76]; best_f1: 0.978012 [epoch 76]; 
INFO:root:pcn_emd_debug_20230108T221344 train [77: 0/546]  loss_type: emd, fine_loss: 0.002818 total_loss: 0.005645 lr: 0.000070 alpha: 1.0
INFO:root:pcn_emd_debug_20230108T221344 train [77: 500/546]  loss_type: emd, fine_loss: 0.002776 total_loss: 0.005577 lr: 0.000070 alpha: 1.0
INFO:root:Saving net...
INFO:root:Testing...
INFO:root:curr_cd_p: 0.002130; curr_cd_t: 0.000038; curr_emd: 0.005280; curr_f1: 0.977805; 
INFO:root:best_cd_p: 0.002079 [epoch 76]; best_cd_t: 0.000036 [epoch 76]; best_emd: 0.005195 [epoch 76]; best_f1: 0.978012 [epoch 76]; 
INFO:root:pcn_emd_debug_20230108T221344 train [78: 0/546]  loss_type: emd, fine_loss: 0.002570 total_loss: 0.005160 lr: 0.000070 alpha: 1.0
INFO:root:pcn_emd_debug_20230108T221344 train [78: 500/546]  loss_type: emd, fine_loss: 0.002664 total_loss: 0.005337 lr: 0.000070 alpha: 1.0
INFO:root:Saving net...
INFO:root:Testing...
INFO:root:curr_cd_p: 0.002126; curr_cd_t: 0.000037; curr_emd: 0.005214; curr_f1: 0.977956; 
INFO:root:best_cd_p: 0.002079 [epoch 76]; best_cd_t: 0.000036 [epoch 76]; best_emd: 0.005195 [epoch 76]; best_f1: 0.978012 [epoch 76]; 
INFO:root:pcn_emd_debug_20230108T221344 train [79: 0/546]  loss_type: emd, fine_loss: 0.002539 total_loss: 0.005087 lr: 0.000070 alpha: 1.0
INFO:root:pcn_emd_debug_20230108T221344 train [79: 500/546]  loss_type: emd, fine_loss: 0.002725 total_loss: 0.005454 lr: 0.000070 alpha: 1.0
INFO:root:Saving net...
INFO:root:Testing...
INFO:root:Best emd net saved!
INFO:root:Best f1 net saved!
INFO:root:curr_cd_p: 0.002088; curr_cd_t: 0.000037; curr_emd: 0.005182; curr_f1: 0.978204; 
INFO:root:best_cd_p: 0.002079 [epoch 76]; best_cd_t: 0.000036 [epoch 76]; best_emd: 0.005182 [epoch 79]; best_f1: 0.978204 [epoch 79]; 
INFO:root:pcn_emd_debug_20230108T221344 train [80: 0/546]  loss_type: emd, fine_loss: 0.002611 total_loss: 0.005196 lr: 0.000049 alpha: 1.0
INFO:root:pcn_emd_debug_20230108T221344 train [80: 500/546]  loss_type: emd, fine_loss: 0.002560 total_loss: 0.005164 lr: 0.000049 alpha: 1.0
INFO:root:Saving net...
INFO:root:Testing...
INFO:root:Best cd_p net saved!
INFO:root:Best cd_t net saved!
INFO:root:Best emd net saved!
INFO:root:Best f1 net saved!
INFO:root:curr_cd_p: 0.002061; curr_cd_t: 0.000036; curr_emd: 0.005110; curr_f1: 0.978207; 
INFO:root:best_cd_p: 0.002061 [epoch 80]; best_cd_t: 0.000036 [epoch 80]; best_emd: 0.005110 [epoch 80]; best_f1: 0.978207 [epoch 80]; 
INFO:root:pcn_emd_debug_20230108T221344 train [81: 0/546]  loss_type: emd, fine_loss: 0.002614 total_loss: 0.005257 lr: 0.000049 alpha: 1.0
INFO:root:pcn_emd_debug_20230108T221344 train [81: 500/546]  loss_type: emd, fine_loss: 0.002443 total_loss: 0.004926 lr: 0.000049 alpha: 1.0
INFO:root:Saving net...
INFO:root:Testing...
INFO:root:Best cd_p net saved!
INFO:root:Best cd_t net saved!
INFO:root:Best emd net saved!
INFO:root:curr_cd_p: 0.002039; curr_cd_t: 0.000036; curr_emd: 0.005088; curr_f1: 0.978178; 
INFO:root:best_cd_p: 0.002039 [epoch 81]; best_cd_t: 0.000036 [epoch 81]; best_emd: 0.005088 [epoch 81]; best_f1: 0.978207 [epoch 80]; 
INFO:root:pcn_emd_debug_20230108T221344 train [82: 0/546]  loss_type: emd, fine_loss: 0.002672 total_loss: 0.005386 lr: 0.000049 alpha: 1.0
INFO:root:pcn_emd_debug_20230108T221344 train [82: 500/546]  loss_type: emd, fine_loss: 0.002256 total_loss: 0.004535 lr: 0.000049 alpha: 1.0
INFO:root:Saving net...
INFO:root:Testing...
INFO:root:Best f1 net saved!
INFO:root:curr_cd_p: 0.002094; curr_cd_t: 0.000036; curr_emd: 0.005159; curr_f1: 0.978298; 
INFO:root:best_cd_p: 0.002039 [epoch 81]; best_cd_t: 0.000036 [epoch 81]; best_emd: 0.005088 [epoch 81]; best_f1: 0.978298 [epoch 82]; 
INFO:root:pcn_emd_debug_20230108T221344 train [83: 0/546]  loss_type: emd, fine_loss: 0.002546 total_loss: 0.005098 lr: 0.000049 alpha: 1.0
INFO:root:pcn_emd_debug_20230108T221344 train [83: 500/546]  loss_type: emd, fine_loss: 0.002560 total_loss: 0.005142 lr: 0.000049 alpha: 1.0
INFO:root:Saving net...
INFO:root:Testing...
INFO:root:Best f1 net saved!
INFO:root:curr_cd_p: 0.002045; curr_cd_t: 0.000036; curr_emd: 0.005113; curr_f1: 0.978385; 
INFO:root:best_cd_p: 0.002039 [epoch 81]; best_cd_t: 0.000036 [epoch 81]; best_emd: 0.005088 [epoch 81]; best_f1: 0.978385 [epoch 83]; 
INFO:root:pcn_emd_debug_20230108T221344 train [84: 0/546]  loss_type: emd, fine_loss: 0.002828 total_loss: 0.005658 lr: 0.000049 alpha: 1.0
INFO:root:pcn_emd_debug_20230108T221344 train [84: 500/546]  loss_type: emd, fine_loss: 0.002445 total_loss: 0.004924 lr: 0.000049 alpha: 1.0
INFO:root:Saving net...
INFO:root:Testing...
INFO:root:Best cd_t net saved!
INFO:root:Best f1 net saved!
INFO:root:curr_cd_p: 0.002056; curr_cd_t: 0.000035; curr_emd: 0.005090; curr_f1: 0.978583; 
INFO:root:best_cd_p: 0.002039 [epoch 81]; best_cd_t: 0.000035 [epoch 84]; best_emd: 0.005088 [epoch 81]; best_f1: 0.978583 [epoch 84]; 
INFO:root:pcn_emd_debug_20230108T221344 train [85: 0/546]  loss_type: emd, fine_loss: 0.002654 total_loss: 0.005296 lr: 0.000049 alpha: 1.0
INFO:root:pcn_emd_debug_20230108T221344 train [85: 500/546]  loss_type: emd, fine_loss: 0.002638 total_loss: 0.005315 lr: 0.000049 alpha: 1.0
INFO:root:Saving net...
INFO:root:Testing...
INFO:root:Best cd_p net saved!
INFO:root:Best emd net saved!
INFO:root:Best f1 net saved!
INFO:root:curr_cd_p: 0.002034; curr_cd_t: 0.000036; curr_emd: 0.005041; curr_f1: 0.978714; 
INFO:root:best_cd_p: 0.002034 [epoch 85]; best_cd_t: 0.000035 [epoch 84]; best_emd: 0.005041 [epoch 85]; best_f1: 0.978714 [epoch 85]; 
INFO:root:pcn_emd_debug_20230108T221344 train [86: 0/546]  loss_type: emd, fine_loss: 0.002407 total_loss: 0.004852 lr: 0.000049 alpha: 1.0
INFO:root:pcn_emd_debug_20230108T221344 train [86: 500/546]  loss_type: emd, fine_loss: 0.002336 total_loss: 0.004699 lr: 0.000049 alpha: 1.0
INFO:root:Saving net...
INFO:root:Testing...
INFO:root:curr_cd_p: 0.002054; curr_cd_t: 0.000036; curr_emd: 0.005067; curr_f1: 0.978521; 
INFO:root:best_cd_p: 0.002034 [epoch 85]; best_cd_t: 0.000035 [epoch 84]; best_emd: 0.005041 [epoch 85]; best_f1: 0.978714 [epoch 85]; 
INFO:root:pcn_emd_debug_20230108T221344 train [87: 0/546]  loss_type: emd, fine_loss: 0.002499 total_loss: 0.005019 lr: 0.000049 alpha: 1.0
INFO:root:pcn_emd_debug_20230108T221344 train [87: 500/546]  loss_type: emd, fine_loss: 0.002603 total_loss: 0.005245 lr: 0.000049 alpha: 1.0
INFO:root:Saving net...
INFO:root:Testing...
INFO:root:Best emd net saved!
INFO:root:Best f1 net saved!
INFO:root:curr_cd_p: 0.002034; curr_cd_t: 0.000035; curr_emd: 0.005035; curr_f1: 0.978723; 
INFO:root:best_cd_p: 0.002034 [epoch 85]; best_cd_t: 0.000035 [epoch 84]; best_emd: 0.005035 [epoch 87]; best_f1: 0.978723 [epoch 87]; 
INFO:root:pcn_emd_debug_20230108T221344 train [88: 0/546]  loss_type: emd, fine_loss: 0.002425 total_loss: 0.004875 lr: 0.000049 alpha: 1.0
INFO:root:pcn_emd_debug_20230108T221344 train [88: 500/546]  loss_type: emd, fine_loss: 0.002580 total_loss: 0.005163 lr: 0.000049 alpha: 1.0
INFO:root:Saving net...
INFO:root:Testing...
INFO:root:curr_cd_p: 0.002042; curr_cd_t: 0.000035; curr_emd: 0.005058; curr_f1: 0.978498; 
INFO:root:best_cd_p: 0.002034 [epoch 85]; best_cd_t: 0.000035 [epoch 84]; best_emd: 0.005035 [epoch 87]; best_f1: 0.978723 [epoch 87]; 
INFO:root:pcn_emd_debug_20230108T221344 train [89: 0/546]  loss_type: emd, fine_loss: 0.002415 total_loss: 0.004821 lr: 0.000049 alpha: 1.0
INFO:root:pcn_emd_debug_20230108T221344 train [89: 500/546]  loss_type: emd, fine_loss: 0.002456 total_loss: 0.004920 lr: 0.000049 alpha: 1.0
INFO:root:Saving net...
INFO:root:Testing...
INFO:root:Best f1 net saved!
INFO:root:curr_cd_p: 0.002052; curr_cd_t: 0.000035; curr_emd: 0.005043; curr_f1: 0.978732; 
INFO:root:best_cd_p: 0.002034 [epoch 85]; best_cd_t: 0.000035 [epoch 84]; best_emd: 0.005035 [epoch 87]; best_f1: 0.978732 [epoch 89]; 
INFO:root:pcn_emd_debug_20230108T221344 train [90: 0/546]  loss_type: emd, fine_loss: 0.002588 total_loss: 0.005218 lr: 0.000049 alpha: 1.0
INFO:root:pcn_emd_debug_20230108T221344 train [90: 500/546]  loss_type: emd, fine_loss: 0.002513 total_loss: 0.005037 lr: 0.000049 alpha: 1.0
INFO:root:Saving net...
INFO:root:Testing...
INFO:root:curr_cd_p: 0.002059; curr_cd_t: 0.000035; curr_emd: 0.005064; curr_f1: 0.978660; 
INFO:root:best_cd_p: 0.002034 [epoch 85]; best_cd_t: 0.000035 [epoch 84]; best_emd: 0.005035 [epoch 87]; best_f1: 0.978732 [epoch 89]; 
INFO:root:pcn_emd_debug_20230108T221344 train [91: 0/546]  loss_type: emd, fine_loss: 0.002557 total_loss: 0.005124 lr: 0.000049 alpha: 1.0
INFO:root:pcn_emd_debug_20230108T221344 train [91: 500/546]  loss_type: emd, fine_loss: 0.002319 total_loss: 0.004639 lr: 0.000049 alpha: 1.0
INFO:root:Saving net...
INFO:root:Testing...
INFO:root:Best cd_p net saved!
INFO:root:Best cd_t net saved!
INFO:root:Best emd net saved!
INFO:root:Best f1 net saved!
INFO:root:curr_cd_p: 0.002023; curr_cd_t: 0.000035; curr_emd: 0.004998; curr_f1: 0.978802; 
INFO:root:best_cd_p: 0.002023 [epoch 91]; best_cd_t: 0.000035 [epoch 91]; best_emd: 0.004998 [epoch 91]; best_f1: 0.978802 [epoch 91]; 
INFO:root:pcn_emd_debug_20230108T221344 train [92: 0/546]  loss_type: emd, fine_loss: 0.002403 total_loss: 0.004826 lr: 0.000049 alpha: 1.0
INFO:root:pcn_emd_debug_20230108T221344 train [92: 500/546]  loss_type: emd, fine_loss: 0.002675 total_loss: 0.005348 lr: 0.000049 alpha: 1.0
INFO:root:Saving net...
INFO:root:Testing...
INFO:root:Best f1 net saved!
INFO:root:curr_cd_p: 0.002062; curr_cd_t: 0.000035; curr_emd: 0.005100; curr_f1: 0.978927; 
INFO:root:best_cd_p: 0.002023 [epoch 91]; best_cd_t: 0.000035 [epoch 91]; best_emd: 0.004998 [epoch 91]; best_f1: 0.978927 [epoch 92]; 
INFO:root:pcn_emd_debug_20230108T221344 train [93: 0/546]  loss_type: emd, fine_loss: 0.002769 total_loss: 0.005572 lr: 0.000049 alpha: 1.0
INFO:root:pcn_emd_debug_20230108T221344 train [93: 500/546]  loss_type: emd, fine_loss: 0.002362 total_loss: 0.004737 lr: 0.000049 alpha: 1.0
INFO:root:Saving net...
INFO:root:Testing...
INFO:root:Best cd_p net saved!
INFO:root:Best cd_t net saved!
INFO:root:Best emd net saved!
INFO:root:curr_cd_p: 0.002021; curr_cd_t: 0.000035; curr_emd: 0.004976; curr_f1: 0.978679; 
INFO:root:best_cd_p: 0.002021 [epoch 93]; best_cd_t: 0.000035 [epoch 93]; best_emd: 0.004976 [epoch 93]; best_f1: 0.978927 [epoch 92]; 
INFO:root:pcn_emd_debug_20230108T221344 train [94: 0/546]  loss_type: emd, fine_loss: 0.002377 total_loss: 0.004777 lr: 0.000049 alpha: 1.0
INFO:root:pcn_emd_debug_20230108T221344 train [94: 500/546]  loss_type: emd, fine_loss: 0.002712 total_loss: 0.005437 lr: 0.000049 alpha: 1.0
INFO:root:Saving net...
INFO:root:Testing...
INFO:root:Best cd_p net saved!
INFO:root:Best cd_t net saved!
INFO:root:Best emd net saved!
INFO:root:curr_cd_p: 0.002014; curr_cd_t: 0.000034; curr_emd: 0.004972; curr_f1: 0.978811; 
INFO:root:best_cd_p: 0.002014 [epoch 94]; best_cd_t: 0.000034 [epoch 94]; best_emd: 0.004972 [epoch 94]; best_f1: 0.978927 [epoch 92]; 
INFO:root:pcn_emd_debug_20230108T221344 train [95: 0/546]  loss_type: emd, fine_loss: 0.002423 total_loss: 0.004869 lr: 0.000049 alpha: 1.0
INFO:root:pcn_emd_debug_20230108T221344 train [95: 500/546]  loss_type: emd, fine_loss: 0.002603 total_loss: 0.005231 lr: 0.000049 alpha: 1.0
INFO:root:Saving net...
INFO:root:Testing...
INFO:root:curr_cd_p: 0.002016; curr_cd_t: 0.000035; curr_emd: 0.004982; curr_f1: 0.978856; 
INFO:root:best_cd_p: 0.002014 [epoch 94]; best_cd_t: 0.000034 [epoch 94]; best_emd: 0.004972 [epoch 94]; best_f1: 0.978927 [epoch 92]; 
INFO:root:pcn_emd_debug_20230108T221344 train [96: 0/546]  loss_type: emd, fine_loss: 0.002406 total_loss: 0.004846 lr: 0.000049 alpha: 1.0
INFO:root:pcn_emd_debug_20230108T221344 train [96: 500/546]  loss_type: emd, fine_loss: 0.002443 total_loss: 0.004917 lr: 0.000049 alpha: 1.0
INFO:root:Saving net...
INFO:root:Testing...
INFO:root:Best cd_p net saved!
INFO:root:Best cd_t net saved!
INFO:root:Best emd net saved!
INFO:root:Best f1 net saved!
INFO:root:curr_cd_p: 0.002001; curr_cd_t: 0.000034; curr_emd: 0.004946; curr_f1: 0.978954; 
INFO:root:best_cd_p: 0.002001 [epoch 96]; best_cd_t: 0.000034 [epoch 96]; best_emd: 0.004946 [epoch 96]; best_f1: 0.978954 [epoch 96]; 
INFO:root:pcn_emd_debug_20230108T221344 train [97: 0/546]  loss_type: emd, fine_loss: 0.002322 total_loss: 0.004663 lr: 0.000049 alpha: 1.0
INFO:root:pcn_emd_debug_20230108T221344 train [97: 500/546]  loss_type: emd, fine_loss: 0.002503 total_loss: 0.005016 lr: 0.000049 alpha: 1.0
INFO:root:Saving net...
INFO:root:Testing...
INFO:root:Best emd net saved!
INFO:root:curr_cd_p: 0.002001; curr_cd_t: 0.000034; curr_emd: 0.004932; curr_f1: 0.978940; 
INFO:root:best_cd_p: 0.002001 [epoch 96]; best_cd_t: 0.000034 [epoch 96]; best_emd: 0.004932 [epoch 97]; best_f1: 0.978954 [epoch 96]; 
INFO:root:pcn_emd_debug_20230108T221344 train [98: 0/546]  loss_type: emd, fine_loss: 0.002523 total_loss: 0.005082 lr: 0.000049 alpha: 1.0
INFO:root:pcn_emd_debug_20230108T221344 train [98: 500/546]  loss_type: emd, fine_loss: 0.002391 total_loss: 0.004839 lr: 0.000049 alpha: 1.0
INFO:root:Saving net...
INFO:root:Testing...
INFO:root:curr_cd_p: 0.002011; curr_cd_t: 0.000034; curr_emd: 0.004959; curr_f1: 0.978896; 
INFO:root:best_cd_p: 0.002001 [epoch 96]; best_cd_t: 0.000034 [epoch 96]; best_emd: 0.004932 [epoch 97]; best_f1: 0.978954 [epoch 96]; 
INFO:root:pcn_emd_debug_20230108T221344 train [99: 0/546]  loss_type: emd, fine_loss: 0.002516 total_loss: 0.005109 lr: 0.000049 alpha: 1.0
INFO:root:pcn_emd_debug_20230108T221344 train [99: 500/546]  loss_type: emd, fine_loss: 0.002674 total_loss: 0.005370 lr: 0.000049 alpha: 1.0
INFO:root:Saving net...
INFO:root:Testing...
INFO:root:Best cd_p net saved!
INFO:root:Best emd net saved!
INFO:root:curr_cd_p: 0.001993; curr_cd_t: 0.000034; curr_emd: 0.004889; curr_f1: 0.978859; 
INFO:root:best_cd_p: 0.001993 [epoch 99]; best_cd_t: 0.000034 [epoch 96]; best_emd: 0.004889 [epoch 99]; best_f1: 0.978954 [epoch 96]; 
INFO:root:Munch({'gpu_device_ids': [0], 'batch_size': 128, 'workers': 0, 'nepoch': 100, 'model_name': 'pcn', 'load_model': 'D:/liu/MVP_Benchmark/completion/log/pcn_emd_rec_new/best_emd_network.pth', 'start_epoch': 0, 'num_points': 2048, 'work_dir': 'D:/liu/MVP_Benchmark/completion/log/', 'flag': 'debug', 'loss': 'emd', 'manual_seed': None, 'use_mean_feature': False, 'step_interval_to_print': 500, 'epoch_interval_to_save': 1, 'epoch_interval_to_val': 1, 'varying_constant': '0.01, 0.1, 0.5, 1', 'varying_constant_epochs': '5, 15, 30', 'lr': 0.0001, 'lr_decay': True, 'lr_decay_interval': 40, 'lr_decay_rate': 0.7, 'lr_step_decay_epochs': None, 'lr_step_decay_rates': None, 'lr_clip': 1e-06, 'optimizer': 'Adam', 'weight_decay': 0, 'betas': '0.9, 0.999', 'save_vis': True, 'eval_emd': True})
INFO:root:Length of train dataset:70000
INFO:root:Length of test dataset:20000
INFO:root:Random Seed: 5955
INFO:root:pcn's previous weights loaded.
INFO:root:pcn_emd_rec_new train [0: 0/546]  loss_type: emd, fine_loss: 0.002441 total_loss: 0.002489 lr: 0.000100 alpha: 0.01
