INFO:root:Munch({'gpu_device_ids': [0], 'batch_size': 128, 'workers': 0, 'nepoch': 100, 'model_name': 'pcn', 'load_model': None, 'start_epoch': 0, 'num_points': 2048, 'work_dir': 'D:/liu/MVP_Benchmark/completion/log/', 'flag': 'debug', 'loss': 'emd', 'manual_seed': None, 'use_mean_feature': False, 'step_interval_to_print': 500, 'epoch_interval_to_save': 1, 'epoch_interval_to_val': 1, 'varying_constant': '0.01, 0.1, 0.5, 1', 'varying_constant_epochs': '5, 15, 30', 'lr': 0.0001, 'lr_decay': True, 'lr_decay_interval': 40, 'lr_decay_rate': 0.7, 'lr_step_decay_epochs': None, 'lr_step_decay_rates': None, 'lr_clip': 1e-06, 'optimizer': 'Adam', 'weight_decay': 0, 'betas': '0.9, 0.999', 'save_vis': True, 'eval_emd': True})
INFO:root:Length of train dataset:55920
INFO:root:Length of test dataset:16000
INFO:root:Random Seed: 4179
INFO:root:pcn_emd_debug_20221203T213841 train [0: 0/436]  loss_type: emd, fine_loss: 0.048562 total_loss: 0.032734 lr: 0.000100 alpha: 0.01
INFO:root:Saving net...
INFO:root:Testing...
INFO:root:Best cd_p net saved!
INFO:root:Best cd_t net saved!
INFO:root:Best emd net saved!
INFO:root:Best f1 net saved!
INFO:root:curr_cd_p: 0.012949; curr_cd_t: 0.000622; curr_emd: 0.021628; curr_f1: 0.482208; 
INFO:root:best_cd_p: 0.012949 [epoch 0]; best_cd_t: 0.000622 [epoch 0]; best_emd: 0.021628 [epoch 0]; best_f1: 0.482208 [epoch 0]; 
INFO:root:pcn_emd_debug_20221203T213841 train [1: 0/436]  loss_type: emd, fine_loss: 0.015232 total_loss: 0.015093 lr: 0.000100 alpha: 0.01
INFO:root:Saving net...
INFO:root:Testing...
INFO:root:Best cd_p net saved!
INFO:root:Best cd_t net saved!
INFO:root:Best emd net saved!
INFO:root:Best f1 net saved!
INFO:root:curr_cd_p: 0.012303; curr_cd_t: 0.000560; curr_emd: 0.020661; curr_f1: 0.512597; 
INFO:root:best_cd_p: 0.012303 [epoch 1]; best_cd_t: 0.000560 [epoch 1]; best_emd: 0.020661 [epoch 1]; best_f1: 0.512597 [epoch 1]; 
INFO:root:pcn_emd_debug_20221203T213841 train [2: 0/436]  loss_type: emd, fine_loss: 0.014552 total_loss: 0.014759 lr: 0.000100 alpha: 0.01
INFO:root:Saving net...
INFO:root:Testing...
INFO:root:Best cd_p net saved!
INFO:root:Best cd_t net saved!
INFO:root:Best f1 net saved!
INFO:root:curr_cd_p: 0.010248; curr_cd_t: 0.000498; curr_emd: 0.024256; curr_f1: 0.639058; 
INFO:root:best_cd_p: 0.010248 [epoch 2]; best_cd_t: 0.000498 [epoch 2]; best_emd: 0.020661 [epoch 1]; best_f1: 0.639058 [epoch 2]; 
INFO:root:pcn_emd_debug_20221203T213841 train [3: 0/436]  loss_type: emd, fine_loss: 0.010503 total_loss: 0.010730 lr: 0.000100 alpha: 0.01
INFO:root:Saving net...
INFO:root:Testing...
INFO:root:Best cd_p net saved!
INFO:root:Best cd_t net saved!
INFO:root:Best emd net saved!
INFO:root:Best f1 net saved!
INFO:root:curr_cd_p: 0.007066; curr_cd_t: 0.000229; curr_emd: 0.014238; curr_f1: 0.755007; 
INFO:root:best_cd_p: 0.007066 [epoch 3]; best_cd_t: 0.000229 [epoch 3]; best_emd: 0.014238 [epoch 3]; best_f1: 0.755007 [epoch 3]; 
INFO:root:pcn_emd_debug_20221203T213841 train [4: 0/436]  loss_type: emd, fine_loss: 0.008168 total_loss: 0.008219 lr: 0.000100 alpha: 0.01
INFO:root:Saving net...
INFO:root:Testing...
INFO:root:Best cd_p net saved!
INFO:root:Best cd_t net saved!
INFO:root:Best emd net saved!
INFO:root:Best f1 net saved!
INFO:root:curr_cd_p: 0.006156; curr_cd_t: 0.000183; curr_emd: 0.012175; curr_f1: 0.796222; 
INFO:root:best_cd_p: 0.006156 [epoch 4]; best_cd_t: 0.000183 [epoch 4]; best_emd: 0.012175 [epoch 4]; best_f1: 0.796222 [epoch 4]; 
INFO:root:pcn_emd_debug_20221203T213841 train [5: 0/436]  loss_type: emd, fine_loss: 0.008171 total_loss: 0.008932 lr: 0.000100 alpha: 0.1
INFO:root:Saving net...
INFO:root:Testing...
INFO:root:Best cd_p net saved!
INFO:root:Best cd_t net saved!
INFO:root:Best emd net saved!
INFO:root:Best f1 net saved!
INFO:root:curr_cd_p: 0.005765; curr_cd_t: 0.000168; curr_emd: 0.011917; curr_f1: 0.820170; 
INFO:root:best_cd_p: 0.005765 [epoch 5]; best_cd_t: 0.000168 [epoch 5]; best_emd: 0.011917 [epoch 5]; best_f1: 0.820170 [epoch 5]; 
INFO:root:pcn_emd_debug_20221203T213841 train [6: 0/436]  loss_type: emd, fine_loss: 0.007663 total_loss: 0.008404 lr: 0.000100 alpha: 0.1
INFO:root:Saving net...
INFO:root:Testing...
INFO:root:Best cd_p net saved!
INFO:root:Best cd_t net saved!
INFO:root:Best emd net saved!
INFO:root:Best f1 net saved!
INFO:root:curr_cd_p: 0.004963; curr_cd_t: 0.000141; curr_emd: 0.011360; curr_f1: 0.861553; 
INFO:root:best_cd_p: 0.004963 [epoch 6]; best_cd_t: 0.000141 [epoch 6]; best_emd: 0.011360 [epoch 6]; best_f1: 0.861553 [epoch 6]; 
INFO:root:pcn_emd_debug_20221203T213841 train [7: 0/436]  loss_type: emd, fine_loss: 0.005789 total_loss: 0.006360 lr: 0.000100 alpha: 0.1
INFO:root:Saving net...
INFO:root:Testing...
INFO:root:Best cd_p net saved!
INFO:root:Best cd_t net saved!
INFO:root:Best emd net saved!
INFO:root:Best f1 net saved!
INFO:root:curr_cd_p: 0.004294; curr_cd_t: 0.000115; curr_emd: 0.009913; curr_f1: 0.893282; 
INFO:root:best_cd_p: 0.004294 [epoch 7]; best_cd_t: 0.000115 [epoch 7]; best_emd: 0.009913 [epoch 7]; best_f1: 0.893282 [epoch 7]; 
INFO:root:pcn_emd_debug_20221203T213841 train [8: 0/436]  loss_type: emd, fine_loss: 0.005932 total_loss: 0.006540 lr: 0.000100 alpha: 0.1
INFO:root:Saving net...
INFO:root:Testing...
INFO:root:Best cd_p net saved!
INFO:root:Best cd_t net saved!
INFO:root:Best emd net saved!
INFO:root:Best f1 net saved!
INFO:root:curr_cd_p: 0.004044; curr_cd_t: 0.000103; curr_emd: 0.009121; curr_f1: 0.908803; 
INFO:root:best_cd_p: 0.004044 [epoch 8]; best_cd_t: 0.000103 [epoch 8]; best_emd: 0.009121 [epoch 8]; best_f1: 0.908803 [epoch 8]; 
INFO:root:pcn_emd_debug_20221203T213841 train [9: 0/436]  loss_type: emd, fine_loss: 0.005866 total_loss: 0.006429 lr: 0.000100 alpha: 0.1
INFO:root:Saving net...
INFO:root:Testing...
INFO:root:Best cd_p net saved!
INFO:root:Best cd_t net saved!
INFO:root:Best emd net saved!
INFO:root:Best f1 net saved!
INFO:root:curr_cd_p: 0.003987; curr_cd_t: 0.000098; curr_emd: 0.009028; curr_f1: 0.916000; 
INFO:root:best_cd_p: 0.003987 [epoch 9]; best_cd_t: 0.000098 [epoch 9]; best_emd: 0.009028 [epoch 9]; best_f1: 0.916000 [epoch 9]; 
INFO:root:pcn_emd_debug_20221203T213841 train [10: 0/436]  loss_type: emd, fine_loss: 0.005309 total_loss: 0.005819 lr: 0.000100 alpha: 0.1
INFO:root:Saving net...
INFO:root:Testing...
INFO:root:Best cd_p net saved!
INFO:root:Best cd_t net saved!
INFO:root:Best emd net saved!
INFO:root:Best f1 net saved!
INFO:root:curr_cd_p: 0.003775; curr_cd_t: 0.000091; curr_emd: 0.008344; curr_f1: 0.923225; 
INFO:root:best_cd_p: 0.003775 [epoch 10]; best_cd_t: 0.000091 [epoch 10]; best_emd: 0.008344 [epoch 10]; best_f1: 0.923225 [epoch 10]; 
INFO:root:pcn_emd_debug_20221203T213841 train [11: 0/436]  loss_type: emd, fine_loss: 0.004790 total_loss: 0.005272 lr: 0.000100 alpha: 0.1
INFO:root:Saving net...
INFO:root:Testing...
INFO:root:Best cd_p net saved!
INFO:root:Best cd_t net saved!
INFO:root:Best emd net saved!
INFO:root:Best f1 net saved!
INFO:root:curr_cd_p: 0.003678; curr_cd_t: 0.000088; curr_emd: 0.008167; curr_f1: 0.926739; 
INFO:root:best_cd_p: 0.003678 [epoch 11]; best_cd_t: 0.000088 [epoch 11]; best_emd: 0.008167 [epoch 11]; best_f1: 0.926739 [epoch 11]; 
INFO:root:pcn_emd_debug_20221203T213841 train [12: 0/436]  loss_type: emd, fine_loss: 0.004884 total_loss: 0.005359 lr: 0.000100 alpha: 0.1
INFO:root:Saving net...
INFO:root:Testing...
INFO:root:Best cd_p net saved!
INFO:root:Best cd_t net saved!
INFO:root:Best emd net saved!
INFO:root:Best f1 net saved!
INFO:root:curr_cd_p: 0.003550; curr_cd_t: 0.000084; curr_emd: 0.007837; curr_f1: 0.931618; 
INFO:root:best_cd_p: 0.003550 [epoch 12]; best_cd_t: 0.000084 [epoch 12]; best_emd: 0.007837 [epoch 12]; best_f1: 0.931618 [epoch 12]; 
INFO:root:pcn_emd_debug_20221203T213841 train [13: 0/436]  loss_type: emd, fine_loss: 0.004595 total_loss: 0.005046 lr: 0.000100 alpha: 0.1
INFO:root:Saving net...
INFO:root:Testing...
INFO:root:Best cd_t net saved!
INFO:root:Best f1 net saved!
INFO:root:curr_cd_p: 0.003593; curr_cd_t: 0.000083; curr_emd: 0.007851; curr_f1: 0.931947; 
INFO:root:best_cd_p: 0.003550 [epoch 12]; best_cd_t: 0.000083 [epoch 13]; best_emd: 0.007837 [epoch 12]; best_f1: 0.931947 [epoch 13]; 
INFO:root:pcn_emd_debug_20221203T213841 train [14: 0/436]  loss_type: emd, fine_loss: 0.004811 total_loss: 0.005242 lr: 0.000100 alpha: 0.1
INFO:root:Saving net...
INFO:root:Testing...
INFO:root:Best cd_p net saved!
INFO:root:Best cd_t net saved!
INFO:root:Best emd net saved!
INFO:root:Best f1 net saved!
INFO:root:curr_cd_p: 0.003438; curr_cd_t: 0.000079; curr_emd: 0.007525; curr_f1: 0.936764; 
INFO:root:best_cd_p: 0.003438 [epoch 14]; best_cd_t: 0.000079 [epoch 14]; best_emd: 0.007525 [epoch 14]; best_f1: 0.936764 [epoch 14]; 
INFO:root:pcn_emd_debug_20221203T213841 train [15: 0/436]  loss_type: emd, fine_loss: 0.004412 total_loss: 0.006625 lr: 0.000100 alpha: 0.5
INFO:root:Saving net...
INFO:root:Testing...
INFO:root:Best cd_p net saved!
INFO:root:Best cd_t net saved!
INFO:root:Best f1 net saved!
INFO:root:curr_cd_p: 0.003408; curr_cd_t: 0.000076; curr_emd: 0.007777; curr_f1: 0.938593; 
INFO:root:best_cd_p: 0.003408 [epoch 15]; best_cd_t: 0.000076 [epoch 15]; best_emd: 0.007525 [epoch 14]; best_f1: 0.938593 [epoch 15]; 
INFO:root:pcn_emd_debug_20221203T213841 train [16: 0/436]  loss_type: emd, fine_loss: 0.004375 total_loss: 0.006566 lr: 0.000100 alpha: 0.5
INFO:root:Saving net...
INFO:root:Testing...
INFO:root:Best f1 net saved!
INFO:root:curr_cd_p: 0.003434; curr_cd_t: 0.000077; curr_emd: 0.007801; curr_f1: 0.938970; 
INFO:root:best_cd_p: 0.003408 [epoch 15]; best_cd_t: 0.000076 [epoch 15]; best_emd: 0.007525 [epoch 14]; best_f1: 0.938970 [epoch 16]; 
INFO:root:pcn_emd_debug_20221203T213841 train [17: 0/436]  loss_type: emd, fine_loss: 0.004127 total_loss: 0.006142 lr: 0.000100 alpha: 0.5
INFO:root:Saving net...
INFO:root:Testing...
INFO:root:Best cd_p net saved!
INFO:root:Best cd_t net saved!
INFO:root:Best emd net saved!
INFO:root:Best f1 net saved!
INFO:root:curr_cd_p: 0.003256; curr_cd_t: 0.000071; curr_emd: 0.007490; curr_f1: 0.944990; 
INFO:root:best_cd_p: 0.003256 [epoch 17]; best_cd_t: 0.000071 [epoch 17]; best_emd: 0.007490 [epoch 17]; best_f1: 0.944990 [epoch 17]; 
INFO:root:pcn_emd_debug_20221203T213841 train [18: 0/436]  loss_type: emd, fine_loss: 0.004461 total_loss: 0.006665 lr: 0.000100 alpha: 0.5
INFO:root:Saving net...
INFO:root:Testing...
INFO:root:Best cd_p net saved!
INFO:root:Best cd_t net saved!
INFO:root:Best emd net saved!
INFO:root:Best f1 net saved!
INFO:root:curr_cd_p: 0.003128; curr_cd_t: 0.000068; curr_emd: 0.007159; curr_f1: 0.947377; 
INFO:root:best_cd_p: 0.003128 [epoch 18]; best_cd_t: 0.000068 [epoch 18]; best_emd: 0.007159 [epoch 18]; best_f1: 0.947377 [epoch 18]; 
INFO:root:pcn_emd_debug_20221203T213841 train [19: 0/436]  loss_type: emd, fine_loss: 0.004523 total_loss: 0.006768 lr: 0.000100 alpha: 0.5
INFO:root:Saving net...
INFO:root:Testing...
INFO:root:Best cd_t net saved!
INFO:root:Best f1 net saved!
INFO:root:curr_cd_p: 0.003194; curr_cd_t: 0.000068; curr_emd: 0.007178; curr_f1: 0.948882; 
INFO:root:best_cd_p: 0.003128 [epoch 18]; best_cd_t: 0.000068 [epoch 19]; best_emd: 0.007159 [epoch 18]; best_f1: 0.948882 [epoch 19]; 
INFO:root:pcn_emd_debug_20221203T213841 train [20: 0/436]  loss_type: emd, fine_loss: 0.004253 total_loss: 0.006368 lr: 0.000100 alpha: 0.5
INFO:root:Saving net...
INFO:root:Testing...
INFO:root:Best cd_p net saved!
INFO:root:Best cd_t net saved!
INFO:root:Best emd net saved!
INFO:root:Best f1 net saved!
INFO:root:curr_cd_p: 0.002964; curr_cd_t: 0.000064; curr_emd: 0.006875; curr_f1: 0.951658; 
INFO:root:best_cd_p: 0.002964 [epoch 20]; best_cd_t: 0.000064 [epoch 20]; best_emd: 0.006875 [epoch 20]; best_f1: 0.951658 [epoch 20]; 
INFO:root:pcn_emd_debug_20221203T213841 train [21: 0/436]  loss_type: emd, fine_loss: 0.004063 total_loss: 0.006105 lr: 0.000100 alpha: 0.5
INFO:root:Saving net...
INFO:root:Testing...
INFO:root:Best cd_p net saved!
INFO:root:Best cd_t net saved!
INFO:root:Best f1 net saved!
INFO:root:curr_cd_p: 0.002949; curr_cd_t: 0.000063; curr_emd: 0.006951; curr_f1: 0.954522; 
INFO:root:best_cd_p: 0.002949 [epoch 21]; best_cd_t: 0.000063 [epoch 21]; best_emd: 0.006875 [epoch 20]; best_f1: 0.954522 [epoch 21]; 
INFO:root:pcn_emd_debug_20221203T213841 train [22: 0/436]  loss_type: emd, fine_loss: 0.004282 total_loss: 0.006403 lr: 0.000100 alpha: 0.5
INFO:root:Saving net...
INFO:root:Testing...
INFO:root:Best cd_p net saved!
INFO:root:Best cd_t net saved!
INFO:root:Best f1 net saved!
INFO:root:curr_cd_p: 0.002939; curr_cd_t: 0.000061; curr_emd: 0.006896; curr_f1: 0.956604; 
INFO:root:best_cd_p: 0.002939 [epoch 22]; best_cd_t: 0.000061 [epoch 22]; best_emd: 0.006875 [epoch 20]; best_f1: 0.956604 [epoch 22]; 
INFO:root:pcn_emd_debug_20221203T213841 train [23: 0/436]  loss_type: emd, fine_loss: 0.003869 total_loss: 0.005780 lr: 0.000100 alpha: 0.5
INFO:root:Saving net...
INFO:root:Testing...
INFO:root:Best cd_p net saved!
INFO:root:Best cd_t net saved!
INFO:root:Best emd net saved!
INFO:root:Best f1 net saved!
INFO:root:curr_cd_p: 0.002729; curr_cd_t: 0.000057; curr_emd: 0.006609; curr_f1: 0.960176; 
INFO:root:best_cd_p: 0.002729 [epoch 23]; best_cd_t: 0.000057 [epoch 23]; best_emd: 0.006609 [epoch 23]; best_f1: 0.960176 [epoch 23]; 
INFO:root:pcn_emd_debug_20221203T213841 train [24: 0/436]  loss_type: emd, fine_loss: 0.003516 total_loss: 0.005271 lr: 0.000100 alpha: 0.5
INFO:root:Saving net...
INFO:root:Testing...
INFO:root:Best cd_p net saved!
INFO:root:Best cd_t net saved!
INFO:root:Best emd net saved!
INFO:root:Best f1 net saved!
INFO:root:curr_cd_p: 0.002724; curr_cd_t: 0.000056; curr_emd: 0.006469; curr_f1: 0.961463; 
INFO:root:best_cd_p: 0.002724 [epoch 24]; best_cd_t: 0.000056 [epoch 24]; best_emd: 0.006469 [epoch 24]; best_f1: 0.961463 [epoch 24]; 
INFO:root:pcn_emd_debug_20221203T213841 train [25: 0/436]  loss_type: emd, fine_loss: 0.003752 total_loss: 0.005602 lr: 0.000100 alpha: 0.5
INFO:root:Saving net...
INFO:root:Testing...
INFO:root:Best cd_p net saved!
INFO:root:Best cd_t net saved!
INFO:root:Best emd net saved!
INFO:root:Best f1 net saved!
INFO:root:curr_cd_p: 0.002627; curr_cd_t: 0.000054; curr_emd: 0.006382; curr_f1: 0.962713; 
INFO:root:best_cd_p: 0.002627 [epoch 25]; best_cd_t: 0.000054 [epoch 25]; best_emd: 0.006382 [epoch 25]; best_f1: 0.962713 [epoch 25]; 
INFO:root:pcn_emd_debug_20221203T213841 train [26: 0/436]  loss_type: emd, fine_loss: 0.003219 total_loss: 0.004829 lr: 0.000100 alpha: 0.5
INFO:root:Saving net...
INFO:root:Testing...
INFO:root:Best cd_p net saved!
INFO:root:Best cd_t net saved!
INFO:root:Best emd net saved!
INFO:root:Best f1 net saved!
INFO:root:curr_cd_p: 0.002562; curr_cd_t: 0.000053; curr_emd: 0.006211; curr_f1: 0.963492; 
INFO:root:best_cd_p: 0.002562 [epoch 26]; best_cd_t: 0.000053 [epoch 26]; best_emd: 0.006211 [epoch 26]; best_f1: 0.963492 [epoch 26]; 
INFO:root:pcn_emd_debug_20221203T213841 train [27: 0/436]  loss_type: emd, fine_loss: 0.003190 total_loss: 0.004790 lr: 0.000100 alpha: 0.5
INFO:root:Saving net...
INFO:root:Testing...
INFO:root:Best cd_t net saved!
INFO:root:Best f1 net saved!
INFO:root:curr_cd_p: 0.002590; curr_cd_t: 0.000053; curr_emd: 0.006276; curr_f1: 0.964687; 
INFO:root:best_cd_p: 0.002562 [epoch 26]; best_cd_t: 0.000053 [epoch 27]; best_emd: 0.006211 [epoch 26]; best_f1: 0.964687 [epoch 27]; 
INFO:root:pcn_emd_debug_20221203T213841 train [28: 0/436]  loss_type: emd, fine_loss: 0.003387 total_loss: 0.005076 lr: 0.000100 alpha: 0.5
INFO:root:Saving net...
INFO:root:Testing...
INFO:root:Best cd_p net saved!
INFO:root:Best cd_t net saved!
INFO:root:Best f1 net saved!
INFO:root:curr_cd_p: 0.002497; curr_cd_t: 0.000051; curr_emd: 0.006231; curr_f1: 0.965857; 
INFO:root:best_cd_p: 0.002497 [epoch 28]; best_cd_t: 0.000051 [epoch 28]; best_emd: 0.006211 [epoch 26]; best_f1: 0.965857 [epoch 28]; 
INFO:root:pcn_emd_debug_20221203T213841 train [29: 0/436]  loss_type: emd, fine_loss: 0.003694 total_loss: 0.005552 lr: 0.000100 alpha: 0.5
INFO:root:Saving net...
INFO:root:Testing...
INFO:root:curr_cd_p: 0.002622; curr_cd_t: 0.000052; curr_emd: 0.006367; curr_f1: 0.965355; 
INFO:root:best_cd_p: 0.002497 [epoch 28]; best_cd_t: 0.000051 [epoch 28]; best_emd: 0.006211 [epoch 26]; best_f1: 0.965857 [epoch 28]; 
INFO:root:pcn_emd_debug_20221203T213841 train [30: 0/436]  loss_type: emd, fine_loss: 0.003549 total_loss: 0.007059 lr: 0.000100 alpha: 1.0
INFO:root:Saving net...
INFO:root:Testing...
INFO:root:Best cd_t net saved!
INFO:root:Best emd net saved!
INFO:root:Best f1 net saved!
INFO:root:curr_cd_p: 0.002521; curr_cd_t: 0.000050; curr_emd: 0.006169; curr_f1: 0.967240; 
INFO:root:best_cd_p: 0.002497 [epoch 28]; best_cd_t: 0.000050 [epoch 30]; best_emd: 0.006169 [epoch 30]; best_f1: 0.967240 [epoch 30]; 
INFO:root:pcn_emd_debug_20221203T213841 train [31: 0/436]  loss_type: emd, fine_loss: 0.003640 total_loss: 0.007268 lr: 0.000100 alpha: 1.0
INFO:root:Saving net...
INFO:root:Testing...
INFO:root:Best cd_p net saved!
INFO:root:Best cd_t net saved!
INFO:root:Best emd net saved!
INFO:root:Best f1 net saved!
INFO:root:curr_cd_p: 0.002471; curr_cd_t: 0.000049; curr_emd: 0.006163; curr_f1: 0.967333; 
INFO:root:best_cd_p: 0.002471 [epoch 31]; best_cd_t: 0.000049 [epoch 31]; best_emd: 0.006163 [epoch 31]; best_f1: 0.967333 [epoch 31]; 
INFO:root:pcn_emd_debug_20221203T213841 train [32: 0/436]  loss_type: emd, fine_loss: 0.003183 total_loss: 0.006380 lr: 0.000100 alpha: 1.0
INFO:root:Saving net...
INFO:root:Testing...
INFO:root:Best cd_p net saved!
INFO:root:Best cd_t net saved!
INFO:root:Best emd net saved!
INFO:root:Best f1 net saved!
INFO:root:curr_cd_p: 0.002413; curr_cd_t: 0.000047; curr_emd: 0.005945; curr_f1: 0.968895; 
INFO:root:best_cd_p: 0.002413 [epoch 32]; best_cd_t: 0.000047 [epoch 32]; best_emd: 0.005945 [epoch 32]; best_f1: 0.968895 [epoch 32]; 
INFO:root:pcn_emd_debug_20221203T213841 train [33: 0/436]  loss_type: emd, fine_loss: 0.003194 total_loss: 0.006381 lr: 0.000100 alpha: 1.0
INFO:root:Saving net...
INFO:root:Testing...
INFO:root:curr_cd_p: 0.002446; curr_cd_t: 0.000048; curr_emd: 0.005986; curr_f1: 0.968821; 
INFO:root:best_cd_p: 0.002413 [epoch 32]; best_cd_t: 0.000047 [epoch 32]; best_emd: 0.005945 [epoch 32]; best_f1: 0.968895 [epoch 32]; 
INFO:root:pcn_emd_debug_20221203T213841 train [34: 0/436]  loss_type: emd, fine_loss: 0.003578 total_loss: 0.007142 lr: 0.000100 alpha: 1.0
INFO:root:Saving net...
INFO:root:Testing...
INFO:root:Best cd_p net saved!
INFO:root:Best cd_t net saved!
INFO:root:Best emd net saved!
INFO:root:Best f1 net saved!
INFO:root:curr_cd_p: 0.002369; curr_cd_t: 0.000046; curr_emd: 0.005881; curr_f1: 0.970029; 
INFO:root:best_cd_p: 0.002369 [epoch 34]; best_cd_t: 0.000046 [epoch 34]; best_emd: 0.005881 [epoch 34]; best_f1: 0.970029 [epoch 34]; 
INFO:root:pcn_emd_debug_20221203T213841 train [35: 0/436]  loss_type: emd, fine_loss: 0.003054 total_loss: 0.006130 lr: 0.000100 alpha: 1.0
INFO:root:Saving net...
INFO:root:Testing...
INFO:root:Best cd_t net saved!
INFO:root:Best emd net saved!
INFO:root:Best f1 net saved!
INFO:root:curr_cd_p: 0.002379; curr_cd_t: 0.000045; curr_emd: 0.005843; curr_f1: 0.970113; 
INFO:root:best_cd_p: 0.002369 [epoch 34]; best_cd_t: 0.000045 [epoch 35]; best_emd: 0.005843 [epoch 35]; best_f1: 0.970113 [epoch 35]; 
INFO:root:pcn_emd_debug_20221203T213841 train [36: 0/436]  loss_type: emd, fine_loss: 0.003252 total_loss: 0.006521 lr: 0.000100 alpha: 1.0
INFO:root:Saving net...
INFO:root:Testing...
INFO:root:Best cd_p net saved!
INFO:root:Best cd_t net saved!
INFO:root:Best emd net saved!
INFO:root:Best f1 net saved!
INFO:root:curr_cd_p: 0.002319; curr_cd_t: 0.000045; curr_emd: 0.005726; curr_f1: 0.970773; 
INFO:root:best_cd_p: 0.002319 [epoch 36]; best_cd_t: 0.000045 [epoch 36]; best_emd: 0.005726 [epoch 36]; best_f1: 0.970773 [epoch 36]; 
INFO:root:pcn_emd_debug_20221203T213841 train [37: 0/436]  loss_type: emd, fine_loss: 0.002868 total_loss: 0.005733 lr: 0.000100 alpha: 1.0
INFO:root:Saving net...
INFO:root:Testing...
INFO:root:Best cd_t net saved!
INFO:root:Best f1 net saved!
INFO:root:curr_cd_p: 0.002327; curr_cd_t: 0.000044; curr_emd: 0.005740; curr_f1: 0.971164; 
INFO:root:best_cd_p: 0.002319 [epoch 36]; best_cd_t: 0.000044 [epoch 37]; best_emd: 0.005726 [epoch 36]; best_f1: 0.971164 [epoch 37]; 
INFO:root:pcn_emd_debug_20221203T213841 train [38: 0/436]  loss_type: emd, fine_loss: 0.003338 total_loss: 0.006696 lr: 0.000100 alpha: 1.0
INFO:root:Saving net...
INFO:root:Testing...
INFO:root:Best cd_p net saved!
INFO:root:Best cd_t net saved!
INFO:root:Best emd net saved!
INFO:root:Best f1 net saved!
INFO:root:curr_cd_p: 0.002281; curr_cd_t: 0.000043; curr_emd: 0.005684; curr_f1: 0.972142; 
INFO:root:best_cd_p: 0.002281 [epoch 38]; best_cd_t: 0.000043 [epoch 38]; best_emd: 0.005684 [epoch 38]; best_f1: 0.972142 [epoch 38]; 
INFO:root:pcn_emd_debug_20221203T213841 train [39: 0/436]  loss_type: emd, fine_loss: 0.003092 total_loss: 0.006201 lr: 0.000100 alpha: 1.0
INFO:root:Saving net...
INFO:root:Testing...
INFO:root:Best cd_t net saved!
INFO:root:curr_cd_p: 0.002308; curr_cd_t: 0.000043; curr_emd: 0.005710; curr_f1: 0.972048; 
INFO:root:best_cd_p: 0.002281 [epoch 38]; best_cd_t: 0.000043 [epoch 39]; best_emd: 0.005684 [epoch 38]; best_f1: 0.972142 [epoch 38]; 
INFO:root:pcn_emd_debug_20221203T213841 train [40: 0/436]  loss_type: emd, fine_loss: 0.002982 total_loss: 0.005960 lr: 0.000070 alpha: 1.0
INFO:root:Saving net...
INFO:root:Testing...
INFO:root:Best cd_p net saved!
INFO:root:Best cd_t net saved!
INFO:root:Best emd net saved!
INFO:root:Best f1 net saved!
INFO:root:curr_cd_p: 0.002227; curr_cd_t: 0.000042; curr_emd: 0.005615; curr_f1: 0.972447; 
INFO:root:best_cd_p: 0.002227 [epoch 40]; best_cd_t: 0.000042 [epoch 40]; best_emd: 0.005615 [epoch 40]; best_f1: 0.972447 [epoch 40]; 
INFO:root:pcn_emd_debug_20221203T213841 train [41: 0/436]  loss_type: emd, fine_loss: 0.002894 total_loss: 0.005794 lr: 0.000070 alpha: 1.0
INFO:root:Saving net...
INFO:root:Testing...
INFO:root:Best cd_p net saved!
INFO:root:Best emd net saved!
INFO:root:Best f1 net saved!
INFO:root:curr_cd_p: 0.002220; curr_cd_t: 0.000042; curr_emd: 0.005572; curr_f1: 0.972638; 
INFO:root:best_cd_p: 0.002220 [epoch 41]; best_cd_t: 0.000042 [epoch 40]; best_emd: 0.005572 [epoch 41]; best_f1: 0.972638 [epoch 41]; 
INFO:root:pcn_emd_debug_20221203T213841 train [42: 0/436]  loss_type: emd, fine_loss: 0.003144 total_loss: 0.006303 lr: 0.000070 alpha: 1.0
INFO:root:Saving net...
INFO:root:Testing...
INFO:root:Best cd_t net saved!
INFO:root:Best f1 net saved!
INFO:root:curr_cd_p: 0.002224; curr_cd_t: 0.000042; curr_emd: 0.005581; curr_f1: 0.972944; 
INFO:root:best_cd_p: 0.002220 [epoch 41]; best_cd_t: 0.000042 [epoch 42]; best_emd: 0.005572 [epoch 41]; best_f1: 0.972944 [epoch 42]; 
INFO:root:pcn_emd_debug_20221203T213841 train [43: 0/436]  loss_type: emd, fine_loss: 0.002913 total_loss: 0.005870 lr: 0.000070 alpha: 1.0
INFO:root:Saving net...
INFO:root:Testing...
INFO:root:Best cd_p net saved!
INFO:root:Best cd_t net saved!
INFO:root:Best emd net saved!
INFO:root:Best f1 net saved!
INFO:root:curr_cd_p: 0.002179; curr_cd_t: 0.000041; curr_emd: 0.005431; curr_f1: 0.973045; 
INFO:root:best_cd_p: 0.002179 [epoch 43]; best_cd_t: 0.000041 [epoch 43]; best_emd: 0.005431 [epoch 43]; best_f1: 0.973045 [epoch 43]; 
INFO:root:pcn_emd_debug_20221203T213841 train [44: 0/436]  loss_type: emd, fine_loss: 0.002774 total_loss: 0.005558 lr: 0.000070 alpha: 1.0
INFO:root:Saving net...
INFO:root:Testing...
INFO:root:Best cd_t net saved!
INFO:root:Best f1 net saved!
INFO:root:curr_cd_p: 0.002186; curr_cd_t: 0.000041; curr_emd: 0.005445; curr_f1: 0.973497; 
INFO:root:best_cd_p: 0.002179 [epoch 43]; best_cd_t: 0.000041 [epoch 44]; best_emd: 0.005431 [epoch 43]; best_f1: 0.973497 [epoch 44]; 
INFO:root:pcn_emd_debug_20221203T213841 train [45: 0/436]  loss_type: emd, fine_loss: 0.002876 total_loss: 0.005772 lr: 0.000070 alpha: 1.0
INFO:root:Saving net...
INFO:root:Testing...
INFO:root:curr_cd_p: 0.002195; curr_cd_t: 0.000041; curr_emd: 0.005469; curr_f1: 0.973279; 
INFO:root:best_cd_p: 0.002179 [epoch 43]; best_cd_t: 0.000041 [epoch 44]; best_emd: 0.005431 [epoch 43]; best_f1: 0.973497 [epoch 44]; 
INFO:root:pcn_emd_debug_20221203T213841 train [46: 0/436]  loss_type: emd, fine_loss: 0.002863 total_loss: 0.005758 lr: 0.000070 alpha: 1.0
INFO:root:Saving net...
INFO:root:Testing...
INFO:root:Best cd_p net saved!
INFO:root:Best cd_t net saved!
INFO:root:curr_cd_p: 0.002165; curr_cd_t: 0.000041; curr_emd: 0.005465; curr_f1: 0.973382; 
INFO:root:best_cd_p: 0.002165 [epoch 46]; best_cd_t: 0.000041 [epoch 46]; best_emd: 0.005431 [epoch 43]; best_f1: 0.973497 [epoch 44]; 
INFO:root:pcn_emd_debug_20221203T213841 train [47: 0/436]  loss_type: emd, fine_loss: 0.002750 total_loss: 0.005533 lr: 0.000070 alpha: 1.0
INFO:root:Saving net...
INFO:root:Testing...
INFO:root:curr_cd_p: 0.002265; curr_cd_t: 0.000042; curr_emd: 0.005591; curr_f1: 0.973287; 
INFO:root:best_cd_p: 0.002165 [epoch 46]; best_cd_t: 0.000041 [epoch 46]; best_emd: 0.005431 [epoch 43]; best_f1: 0.973497 [epoch 44]; 
INFO:root:pcn_emd_debug_20221203T213841 train [48: 0/436]  loss_type: emd, fine_loss: 0.002729 total_loss: 0.005458 lr: 0.000070 alpha: 1.0
INFO:root:Saving net...
INFO:root:Testing...
INFO:root:Best cd_p net saved!
INFO:root:Best cd_t net saved!
INFO:root:Best emd net saved!
INFO:root:Best f1 net saved!
INFO:root:curr_cd_p: 0.002131; curr_cd_t: 0.000040; curr_emd: 0.005362; curr_f1: 0.974050; 
INFO:root:best_cd_p: 0.002131 [epoch 48]; best_cd_t: 0.000040 [epoch 48]; best_emd: 0.005362 [epoch 48]; best_f1: 0.974050 [epoch 48]; 
INFO:root:pcn_emd_debug_20221203T213841 train [49: 0/436]  loss_type: emd, fine_loss: 0.002741 total_loss: 0.005521 lr: 0.000070 alpha: 1.0
INFO:root:Saving net...
INFO:root:Testing...
INFO:root:Best cd_t net saved!
INFO:root:Best f1 net saved!
INFO:root:curr_cd_p: 0.002134; curr_cd_t: 0.000040; curr_emd: 0.005422; curr_f1: 0.974406; 
INFO:root:best_cd_p: 0.002131 [epoch 48]; best_cd_t: 0.000040 [epoch 49]; best_emd: 0.005362 [epoch 48]; best_f1: 0.974406 [epoch 49]; 
INFO:root:pcn_emd_debug_20221203T213841 train [50: 0/436]  loss_type: emd, fine_loss: 0.002711 total_loss: 0.005457 lr: 0.000070 alpha: 1.0
INFO:root:Saving net...
INFO:root:Testing...
INFO:root:curr_cd_p: 0.002160; curr_cd_t: 0.000040; curr_emd: 0.005431; curr_f1: 0.974112; 
INFO:root:best_cd_p: 0.002131 [epoch 48]; best_cd_t: 0.000040 [epoch 49]; best_emd: 0.005362 [epoch 48]; best_f1: 0.974406 [epoch 49]; 
INFO:root:pcn_emd_debug_20221203T213841 train [51: 0/436]  loss_type: emd, fine_loss: 0.002831 total_loss: 0.005681 lr: 0.000070 alpha: 1.0
INFO:root:Saving net...
INFO:root:Testing...
INFO:root:Best emd net saved!
INFO:root:curr_cd_p: 0.002165; curr_cd_t: 0.000040; curr_emd: 0.005359; curr_f1: 0.973903; 
INFO:root:best_cd_p: 0.002131 [epoch 48]; best_cd_t: 0.000040 [epoch 49]; best_emd: 0.005359 [epoch 51]; best_f1: 0.974406 [epoch 49]; 
INFO:root:pcn_emd_debug_20221203T213841 train [52: 0/436]  loss_type: emd, fine_loss: 0.002982 total_loss: 0.006006 lr: 0.000070 alpha: 1.0
INFO:root:Saving net...
INFO:root:Testing...
INFO:root:Best cd_p net saved!
INFO:root:Best cd_t net saved!
INFO:root:Best emd net saved!
INFO:root:curr_cd_p: 0.002121; curr_cd_t: 0.000040; curr_emd: 0.005296; curr_f1: 0.974101; 
INFO:root:best_cd_p: 0.002121 [epoch 52]; best_cd_t: 0.000040 [epoch 52]; best_emd: 0.005296 [epoch 52]; best_f1: 0.974406 [epoch 49]; 
INFO:root:pcn_emd_debug_20221203T213841 train [53: 0/436]  loss_type: emd, fine_loss: 0.002719 total_loss: 0.005452 lr: 0.000070 alpha: 1.0
INFO:root:Saving net...
INFO:root:Testing...
INFO:root:curr_cd_p: 0.002131; curr_cd_t: 0.000040; curr_emd: 0.005354; curr_f1: 0.974273; 
INFO:root:best_cd_p: 0.002121 [epoch 52]; best_cd_t: 0.000040 [epoch 52]; best_emd: 0.005296 [epoch 52]; best_f1: 0.974406 [epoch 49]; 
INFO:root:pcn_emd_debug_20221203T213841 train [54: 0/436]  loss_type: emd, fine_loss: 0.002795 total_loss: 0.005612 lr: 0.000070 alpha: 1.0
INFO:root:Saving net...
INFO:root:Testing...
INFO:root:Best cd_t net saved!
INFO:root:Best f1 net saved!
INFO:root:curr_cd_p: 0.002138; curr_cd_t: 0.000040; curr_emd: 0.005355; curr_f1: 0.974851; 
INFO:root:best_cd_p: 0.002121 [epoch 52]; best_cd_t: 0.000040 [epoch 54]; best_emd: 0.005296 [epoch 52]; best_f1: 0.974851 [epoch 54]; 
INFO:root:pcn_emd_debug_20221203T213841 train [55: 0/436]  loss_type: emd, fine_loss: 0.002923 total_loss: 0.005828 lr: 0.000070 alpha: 1.0
INFO:root:Saving net...
INFO:root:Testing...
INFO:root:curr_cd_p: 0.002179; curr_cd_t: 0.000040; curr_emd: 0.005468; curr_f1: 0.974530; 
INFO:root:best_cd_p: 0.002121 [epoch 52]; best_cd_t: 0.000040 [epoch 54]; best_emd: 0.005296 [epoch 52]; best_f1: 0.974851 [epoch 54]; 
INFO:root:pcn_emd_debug_20221203T213841 train [56: 0/436]  loss_type: emd, fine_loss: 0.002534 total_loss: 0.005070 lr: 0.000070 alpha: 1.0
INFO:root:Saving net...
INFO:root:Testing...
INFO:root:Best cd_p net saved!
INFO:root:Best cd_t net saved!
INFO:root:Best emd net saved!
INFO:root:curr_cd_p: 0.002109; curr_cd_t: 0.000039; curr_emd: 0.005258; curr_f1: 0.974825; 
INFO:root:best_cd_p: 0.002109 [epoch 56]; best_cd_t: 0.000039 [epoch 56]; best_emd: 0.005258 [epoch 56]; best_f1: 0.974851 [epoch 54]; 
INFO:root:pcn_emd_debug_20221203T213841 train [57: 0/436]  loss_type: emd, fine_loss: 0.002848 total_loss: 0.005724 lr: 0.000070 alpha: 1.0
INFO:root:Saving net...
INFO:root:Testing...
INFO:root:Best f1 net saved!
INFO:root:curr_cd_p: 0.002179; curr_cd_t: 0.000039; curr_emd: 0.005354; curr_f1: 0.974897; 
INFO:root:best_cd_p: 0.002109 [epoch 56]; best_cd_t: 0.000039 [epoch 56]; best_emd: 0.005258 [epoch 56]; best_f1: 0.974897 [epoch 57]; 
INFO:root:pcn_emd_debug_20221203T213841 train [58: 0/436]  loss_type: emd, fine_loss: 0.002765 total_loss: 0.005538 lr: 0.000070 alpha: 1.0
INFO:root:Saving net...
INFO:root:Testing...
INFO:root:Best f1 net saved!
INFO:root:curr_cd_p: 0.002113; curr_cd_t: 0.000039; curr_emd: 0.005299; curr_f1: 0.975025; 
INFO:root:best_cd_p: 0.002109 [epoch 56]; best_cd_t: 0.000039 [epoch 56]; best_emd: 0.005258 [epoch 56]; best_f1: 0.975025 [epoch 58]; 
INFO:root:pcn_emd_debug_20221203T213841 train [59: 0/436]  loss_type: emd, fine_loss: 0.002602 total_loss: 0.005214 lr: 0.000070 alpha: 1.0
INFO:root:Saving net...
INFO:root:Testing...
INFO:root:Best cd_t net saved!
INFO:root:Best emd net saved!
INFO:root:Best f1 net saved!
INFO:root:curr_cd_p: 0.002120; curr_cd_t: 0.000038; curr_emd: 0.005234; curr_f1: 0.975159; 
INFO:root:best_cd_p: 0.002109 [epoch 56]; best_cd_t: 0.000038 [epoch 59]; best_emd: 0.005234 [epoch 59]; best_f1: 0.975159 [epoch 59]; 
INFO:root:pcn_emd_debug_20221203T213841 train [60: 0/436]  loss_type: emd, fine_loss: 0.002700 total_loss: 0.005393 lr: 0.000070 alpha: 1.0
INFO:root:Saving net...
INFO:root:Testing...
INFO:root:Best f1 net saved!
INFO:root:curr_cd_p: 0.002116; curr_cd_t: 0.000038; curr_emd: 0.005294; curr_f1: 0.975351; 
INFO:root:best_cd_p: 0.002109 [epoch 56]; best_cd_t: 0.000038 [epoch 59]; best_emd: 0.005234 [epoch 59]; best_f1: 0.975351 [epoch 60]; 
INFO:root:pcn_emd_debug_20221203T213841 train [61: 0/436]  loss_type: emd, fine_loss: 0.002781 total_loss: 0.005625 lr: 0.000070 alpha: 1.0
INFO:root:Saving net...
INFO:root:Testing...
INFO:root:curr_cd_p: 0.002208; curr_cd_t: 0.000039; curr_emd: 0.005384; curr_f1: 0.975183; 
INFO:root:best_cd_p: 0.002109 [epoch 56]; best_cd_t: 0.000038 [epoch 59]; best_emd: 0.005234 [epoch 59]; best_f1: 0.975351 [epoch 60]; 
INFO:root:pcn_emd_debug_20221203T213841 train [62: 0/436]  loss_type: emd, fine_loss: 0.002671 total_loss: 0.005343 lr: 0.000070 alpha: 1.0
INFO:root:Saving net...
INFO:root:Testing...
INFO:root:Best cd_t net saved!
INFO:root:Best f1 net saved!
INFO:root:curr_cd_p: 0.002123; curr_cd_t: 0.000038; curr_emd: 0.005285; curr_f1: 0.975657; 
INFO:root:best_cd_p: 0.002109 [epoch 56]; best_cd_t: 0.000038 [epoch 62]; best_emd: 0.005234 [epoch 59]; best_f1: 0.975657 [epoch 62]; 
INFO:root:pcn_emd_debug_20221203T213841 train [63: 0/436]  loss_type: emd, fine_loss: 0.002866 total_loss: 0.005755 lr: 0.000070 alpha: 1.0
INFO:root:Saving net...
INFO:root:Testing...
INFO:root:Best cd_p net saved!
INFO:root:Best cd_t net saved!
INFO:root:Best emd net saved!
INFO:root:curr_cd_p: 0.002077; curr_cd_t: 0.000038; curr_emd: 0.005153; curr_f1: 0.975616; 
INFO:root:best_cd_p: 0.002077 [epoch 63]; best_cd_t: 0.000038 [epoch 63]; best_emd: 0.005153 [epoch 63]; best_f1: 0.975657 [epoch 62]; 
INFO:root:pcn_emd_debug_20221203T213841 train [64: 0/436]  loss_type: emd, fine_loss: 0.002600 total_loss: 0.005226 lr: 0.000070 alpha: 1.0
INFO:root:Saving net...
INFO:root:Testing...
INFO:root:Best cd_t net saved!
INFO:root:Best f1 net saved!
INFO:root:curr_cd_p: 0.002086; curr_cd_t: 0.000038; curr_emd: 0.005163; curr_f1: 0.975663; 
INFO:root:best_cd_p: 0.002077 [epoch 63]; best_cd_t: 0.000038 [epoch 64]; best_emd: 0.005153 [epoch 63]; best_f1: 0.975663 [epoch 64]; 
INFO:root:pcn_emd_debug_20221203T213841 train [65: 0/436]  loss_type: emd, fine_loss: 0.002456 total_loss: 0.004938 lr: 0.000070 alpha: 1.0
INFO:root:Saving net...
INFO:root:Testing...
INFO:root:curr_cd_p: 0.002124; curr_cd_t: 0.000038; curr_emd: 0.005253; curr_f1: 0.975655; 
INFO:root:best_cd_p: 0.002077 [epoch 63]; best_cd_t: 0.000038 [epoch 64]; best_emd: 0.005153 [epoch 63]; best_f1: 0.975663 [epoch 64]; 
INFO:root:pcn_emd_debug_20221203T213841 train [66: 0/436]  loss_type: emd, fine_loss: 0.002787 total_loss: 0.005569 lr: 0.000070 alpha: 1.0
INFO:root:Saving net...
INFO:root:Testing...
INFO:root:Best f1 net saved!
INFO:root:curr_cd_p: 0.002089; curr_cd_t: 0.000038; curr_emd: 0.005190; curr_f1: 0.975882; 
INFO:root:best_cd_p: 0.002077 [epoch 63]; best_cd_t: 0.000038 [epoch 64]; best_emd: 0.005153 [epoch 63]; best_f1: 0.975882 [epoch 66]; 
INFO:root:pcn_emd_debug_20221203T213841 train [67: 0/436]  loss_type: emd, fine_loss: 0.002456 total_loss: 0.004955 lr: 0.000070 alpha: 1.0
INFO:root:Saving net...
INFO:root:Testing...
INFO:root:Best cd_p net saved!
INFO:root:curr_cd_p: 0.002071; curr_cd_t: 0.000038; curr_emd: 0.005166; curr_f1: 0.975690; 
INFO:root:best_cd_p: 0.002071 [epoch 67]; best_cd_t: 0.000038 [epoch 64]; best_emd: 0.005153 [epoch 63]; best_f1: 0.975882 [epoch 66]; 
INFO:root:pcn_emd_debug_20221203T213841 train [68: 0/436]  loss_type: emd, fine_loss: 0.002593 total_loss: 0.005229 lr: 0.000070 alpha: 1.0
INFO:root:Saving net...
INFO:root:Testing...
INFO:root:Best cd_p net saved!
INFO:root:Best cd_t net saved!
INFO:root:Best f1 net saved!
INFO:root:curr_cd_p: 0.002059; curr_cd_t: 0.000037; curr_emd: 0.005160; curr_f1: 0.976188; 
INFO:root:best_cd_p: 0.002059 [epoch 68]; best_cd_t: 0.000037 [epoch 68]; best_emd: 0.005153 [epoch 63]; best_f1: 0.976188 [epoch 68]; 
INFO:root:pcn_emd_debug_20221203T213841 train [69: 0/436]  loss_type: emd, fine_loss: 0.002654 total_loss: 0.005317 lr: 0.000070 alpha: 1.0
INFO:root:Saving net...
INFO:root:Testing...
INFO:root:Best cd_p net saved!
INFO:root:Best emd net saved!
INFO:root:Best f1 net saved!
INFO:root:curr_cd_p: 0.002058; curr_cd_t: 0.000037; curr_emd: 0.005120; curr_f1: 0.976278; 
INFO:root:best_cd_p: 0.002058 [epoch 69]; best_cd_t: 0.000037 [epoch 68]; best_emd: 0.005120 [epoch 69]; best_f1: 0.976278 [epoch 69]; 
INFO:root:pcn_emd_debug_20221203T213841 train [70: 0/436]  loss_type: emd, fine_loss: 0.002419 total_loss: 0.004855 lr: 0.000070 alpha: 1.0
INFO:root:Saving net...
INFO:root:Testing...
INFO:root:Best cd_p net saved!
INFO:root:Best cd_t net saved!
INFO:root:Best emd net saved!
INFO:root:Best f1 net saved!
INFO:root:curr_cd_p: 0.002053; curr_cd_t: 0.000037; curr_emd: 0.005069; curr_f1: 0.976287; 
INFO:root:best_cd_p: 0.002053 [epoch 70]; best_cd_t: 0.000037 [epoch 70]; best_emd: 0.005069 [epoch 70]; best_f1: 0.976287 [epoch 70]; 
INFO:root:pcn_emd_debug_20221203T213841 train [71: 0/436]  loss_type: emd, fine_loss: 0.002537 total_loss: 0.005111 lr: 0.000070 alpha: 1.0
INFO:root:Saving net...
INFO:root:Testing...
INFO:root:curr_cd_p: 0.002073; curr_cd_t: 0.000038; curr_emd: 0.005148; curr_f1: 0.976158; 
INFO:root:best_cd_p: 0.002053 [epoch 70]; best_cd_t: 0.000037 [epoch 70]; best_emd: 0.005069 [epoch 70]; best_f1: 0.976287 [epoch 70]; 
INFO:root:pcn_emd_debug_20221203T213841 train [72: 0/436]  loss_type: emd, fine_loss: 0.002480 total_loss: 0.004978 lr: 0.000070 alpha: 1.0
INFO:root:Saving net...
INFO:root:Testing...
INFO:root:curr_cd_p: 0.002068; curr_cd_t: 0.000037; curr_emd: 0.005143; curr_f1: 0.976283; 
INFO:root:best_cd_p: 0.002053 [epoch 70]; best_cd_t: 0.000037 [epoch 70]; best_emd: 0.005069 [epoch 70]; best_f1: 0.976287 [epoch 70]; 
INFO:root:pcn_emd_debug_20221203T213841 train [73: 0/436]  loss_type: emd, fine_loss: 0.002576 total_loss: 0.005159 lr: 0.000070 alpha: 1.0
INFO:root:Saving net...
INFO:root:Testing...
INFO:root:curr_cd_p: 0.002094; curr_cd_t: 0.000038; curr_emd: 0.005245; curr_f1: 0.976005; 
INFO:root:best_cd_p: 0.002053 [epoch 70]; best_cd_t: 0.000037 [epoch 70]; best_emd: 0.005069 [epoch 70]; best_f1: 0.976287 [epoch 70]; 
INFO:root:pcn_emd_debug_20221203T213841 train [74: 0/436]  loss_type: emd, fine_loss: 0.002602 total_loss: 0.005250 lr: 0.000070 alpha: 1.0
INFO:root:Saving net...
INFO:root:Testing...
INFO:root:Best f1 net saved!
INFO:root:curr_cd_p: 0.002066; curr_cd_t: 0.000037; curr_emd: 0.005134; curr_f1: 0.976348; 
INFO:root:best_cd_p: 0.002053 [epoch 70]; best_cd_t: 0.000037 [epoch 70]; best_emd: 0.005069 [epoch 70]; best_f1: 0.976348 [epoch 74]; 
INFO:root:pcn_emd_debug_20221203T213841 train [75: 0/436]  loss_type: emd, fine_loss: 0.002463 total_loss: 0.004951 lr: 0.000070 alpha: 1.0
INFO:root:Saving net...
INFO:root:Testing...
INFO:root:curr_cd_p: 0.002057; curr_cd_t: 0.000037; curr_emd: 0.005114; curr_f1: 0.976329; 
INFO:root:best_cd_p: 0.002053 [epoch 70]; best_cd_t: 0.000037 [epoch 70]; best_emd: 0.005069 [epoch 70]; best_f1: 0.976348 [epoch 74]; 
INFO:root:pcn_emd_debug_20221203T213841 train [76: 0/436]  loss_type: emd, fine_loss: 0.002488 total_loss: 0.004979 lr: 0.000070 alpha: 1.0
INFO:root:Saving net...
INFO:root:Testing...
INFO:root:Best cd_p net saved!
INFO:root:Best cd_t net saved!
INFO:root:Best emd net saved!
INFO:root:Best f1 net saved!
INFO:root:curr_cd_p: 0.002035; curr_cd_t: 0.000036; curr_emd: 0.005067; curr_f1: 0.976804; 
INFO:root:best_cd_p: 0.002035 [epoch 76]; best_cd_t: 0.000036 [epoch 76]; best_emd: 0.005067 [epoch 76]; best_f1: 0.976804 [epoch 76]; 
INFO:root:pcn_emd_debug_20221203T213841 train [77: 0/436]  loss_type: emd, fine_loss: 0.002547 total_loss: 0.005143 lr: 0.000070 alpha: 1.0
INFO:root:Saving net...
INFO:root:Testing...
INFO:root:Best cd_p net saved!
INFO:root:Best emd net saved!
INFO:root:curr_cd_p: 0.002014; curr_cd_t: 0.000036; curr_emd: 0.005017; curr_f1: 0.976660; 
INFO:root:best_cd_p: 0.002014 [epoch 77]; best_cd_t: 0.000036 [epoch 76]; best_emd: 0.005017 [epoch 77]; best_f1: 0.976804 [epoch 76]; 
INFO:root:pcn_emd_debug_20221203T213841 train [78: 0/436]  loss_type: emd, fine_loss: 0.002463 total_loss: 0.004960 lr: 0.000070 alpha: 1.0
INFO:root:Saving net...
INFO:root:Testing...
INFO:root:Best cd_t net saved!
INFO:root:Best f1 net saved!
INFO:root:curr_cd_p: 0.002037; curr_cd_t: 0.000036; curr_emd: 0.005057; curr_f1: 0.976873; 
INFO:root:best_cd_p: 0.002014 [epoch 77]; best_cd_t: 0.000036 [epoch 78]; best_emd: 0.005017 [epoch 77]; best_f1: 0.976873 [epoch 78]; 
INFO:root:pcn_emd_debug_20221203T213841 train [79: 0/436]  loss_type: emd, fine_loss: 0.002422 total_loss: 0.004859 lr: 0.000070 alpha: 1.0
INFO:root:Saving net...
INFO:root:Testing...
INFO:root:curr_cd_p: 0.002050; curr_cd_t: 0.000036; curr_emd: 0.005049; curr_f1: 0.976845; 
INFO:root:best_cd_p: 0.002014 [epoch 77]; best_cd_t: 0.000036 [epoch 78]; best_emd: 0.005017 [epoch 77]; best_f1: 0.976873 [epoch 78]; 
INFO:root:pcn_emd_debug_20221203T213841 train [80: 0/436]  loss_type: emd, fine_loss: 0.002597 total_loss: 0.005213 lr: 0.000049 alpha: 1.0
INFO:root:Saving net...
INFO:root:Testing...
INFO:root:Best cd_p net saved!
INFO:root:Best cd_t net saved!
INFO:root:Best emd net saved!
INFO:root:Best f1 net saved!
INFO:root:curr_cd_p: 0.002001; curr_cd_t: 0.000036; curr_emd: 0.005015; curr_f1: 0.977244; 
INFO:root:best_cd_p: 0.002001 [epoch 80]; best_cd_t: 0.000036 [epoch 80]; best_emd: 0.005015 [epoch 80]; best_f1: 0.977244 [epoch 80]; 
INFO:root:pcn_emd_debug_20221203T213841 train [81: 0/436]  loss_type: emd, fine_loss: 0.002376 total_loss: 0.004792 lr: 0.000049 alpha: 1.0
INFO:root:Saving net...
INFO:root:Testing...
INFO:root:Best cd_t net saved!
INFO:root:Best emd net saved!
INFO:root:curr_cd_p: 0.002013; curr_cd_t: 0.000036; curr_emd: 0.004989; curr_f1: 0.977130; 
INFO:root:best_cd_p: 0.002001 [epoch 80]; best_cd_t: 0.000036 [epoch 81]; best_emd: 0.004989 [epoch 81]; best_f1: 0.977244 [epoch 80]; 
INFO:root:pcn_emd_debug_20221203T213841 train [82: 0/436]  loss_type: emd, fine_loss: 0.002232 total_loss: 0.004499 lr: 0.000049 alpha: 1.0
INFO:root:Saving net...
INFO:root:Testing...
INFO:root:Best cd_t net saved!
INFO:root:Best emd net saved!
INFO:root:curr_cd_p: 0.002005; curr_cd_t: 0.000036; curr_emd: 0.004967; curr_f1: 0.977227; 
INFO:root:best_cd_p: 0.002001 [epoch 80]; best_cd_t: 0.000036 [epoch 82]; best_emd: 0.004967 [epoch 82]; best_f1: 0.977244 [epoch 80]; 
INFO:root:pcn_emd_debug_20221203T213841 train [83: 0/436]  loss_type: emd, fine_loss: 0.002371 total_loss: 0.004768 lr: 0.000049 alpha: 1.0
INFO:root:Saving net...
INFO:root:Testing...
INFO:root:curr_cd_p: 0.002023; curr_cd_t: 0.000036; curr_emd: 0.005001; curr_f1: 0.977131; 
INFO:root:best_cd_p: 0.002001 [epoch 80]; best_cd_t: 0.000036 [epoch 82]; best_emd: 0.004967 [epoch 82]; best_f1: 0.977244 [epoch 80]; 
INFO:root:pcn_emd_debug_20221203T213841 train [84: 0/436]  loss_type: emd, fine_loss: 0.002504 total_loss: 0.005043 lr: 0.000049 alpha: 1.0
INFO:root:Saving net...
INFO:root:Testing...
INFO:root:Best cd_p net saved!
INFO:root:Best cd_t net saved!
INFO:root:Best emd net saved!
INFO:root:Best f1 net saved!
INFO:root:curr_cd_p: 0.001991; curr_cd_t: 0.000036; curr_emd: 0.004897; curr_f1: 0.977275; 
INFO:root:best_cd_p: 0.001991 [epoch 84]; best_cd_t: 0.000036 [epoch 84]; best_emd: 0.004897 [epoch 84]; best_f1: 0.977275 [epoch 84]; 
INFO:root:pcn_emd_debug_20221203T213841 train [85: 0/436]  loss_type: emd, fine_loss: 0.002281 total_loss: 0.004587 lr: 0.000049 alpha: 1.0
INFO:root:Saving net...
INFO:root:Testing...
INFO:root:Best cd_t net saved!
INFO:root:curr_cd_p: 0.002006; curr_cd_t: 0.000036; curr_emd: 0.004945; curr_f1: 0.977144; 
INFO:root:best_cd_p: 0.001991 [epoch 84]; best_cd_t: 0.000036 [epoch 85]; best_emd: 0.004897 [epoch 84]; best_f1: 0.977275 [epoch 84]; 
INFO:root:pcn_emd_debug_20221203T213841 train [86: 0/436]  loss_type: emd, fine_loss: 0.002447 total_loss: 0.004944 lr: 0.000049 alpha: 1.0
INFO:root:Saving net...
INFO:root:Testing...
INFO:root:Best cd_t net saved!
INFO:root:curr_cd_p: 0.002004; curr_cd_t: 0.000035; curr_emd: 0.004940; curr_f1: 0.977126; 
INFO:root:best_cd_p: 0.001991 [epoch 84]; best_cd_t: 0.000035 [epoch 86]; best_emd: 0.004897 [epoch 84]; best_f1: 0.977275 [epoch 84]; 
INFO:root:pcn_emd_debug_20221203T213841 train [87: 0/436]  loss_type: emd, fine_loss: 0.002475 total_loss: 0.004961 lr: 0.000049 alpha: 1.0
INFO:root:Saving net...
INFO:root:Testing...
INFO:root:curr_cd_p: 0.002022; curr_cd_t: 0.000036; curr_emd: 0.004997; curr_f1: 0.977203; 
INFO:root:best_cd_p: 0.001991 [epoch 84]; best_cd_t: 0.000035 [epoch 86]; best_emd: 0.004897 [epoch 84]; best_f1: 0.977275 [epoch 84]; 
INFO:root:pcn_emd_debug_20221203T213841 train [88: 0/436]  loss_type: emd, fine_loss: 0.002492 total_loss: 0.005032 lr: 0.000049 alpha: 1.0
INFO:root:Saving net...
INFO:root:Testing...
INFO:root:Best cd_p net saved!
INFO:root:Best cd_t net saved!
INFO:root:Best f1 net saved!
INFO:root:curr_cd_p: 0.001986; curr_cd_t: 0.000035; curr_emd: 0.004907; curr_f1: 0.977305; 
INFO:root:best_cd_p: 0.001986 [epoch 88]; best_cd_t: 0.000035 [epoch 88]; best_emd: 0.004897 [epoch 84]; best_f1: 0.977305 [epoch 88]; 
INFO:root:pcn_emd_debug_20221203T213841 train [89: 0/436]  loss_type: emd, fine_loss: 0.002544 total_loss: 0.005104 lr: 0.000049 alpha: 1.0
INFO:root:Saving net...
INFO:root:Testing...
INFO:root:curr_cd_p: 0.002016; curr_cd_t: 0.000036; curr_emd: 0.004969; curr_f1: 0.977205; 
INFO:root:best_cd_p: 0.001986 [epoch 88]; best_cd_t: 0.000035 [epoch 88]; best_emd: 0.004897 [epoch 84]; best_f1: 0.977305 [epoch 88]; 
INFO:root:pcn_emd_debug_20221203T213841 train [90: 0/436]  loss_type: emd, fine_loss: 0.002341 total_loss: 0.004718 lr: 0.000049 alpha: 1.0
INFO:root:Saving net...
INFO:root:Testing...
INFO:root:Best cd_p net saved!
INFO:root:Best emd net saved!
INFO:root:curr_cd_p: 0.001984; curr_cd_t: 0.000036; curr_emd: 0.004870; curr_f1: 0.977276; 
INFO:root:best_cd_p: 0.001984 [epoch 90]; best_cd_t: 0.000035 [epoch 88]; best_emd: 0.004870 [epoch 90]; best_f1: 0.977305 [epoch 88]; 
INFO:root:pcn_emd_debug_20221203T213841 train [91: 0/436]  loss_type: emd, fine_loss: 0.002208 total_loss: 0.004455 lr: 0.000049 alpha: 1.0
INFO:root:Saving net...
INFO:root:Testing...
INFO:root:curr_cd_p: 0.002016; curr_cd_t: 0.000036; curr_emd: 0.004974; curr_f1: 0.977207; 
INFO:root:best_cd_p: 0.001984 [epoch 90]; best_cd_t: 0.000035 [epoch 88]; best_emd: 0.004870 [epoch 90]; best_f1: 0.977305 [epoch 88]; 
INFO:root:pcn_emd_debug_20221203T213841 train [92: 0/436]  loss_type: emd, fine_loss: 0.002433 total_loss: 0.004905 lr: 0.000049 alpha: 1.0
INFO:root:Saving net...
INFO:root:Testing...
INFO:root:Best cd_t net saved!
INFO:root:Best f1 net saved!
INFO:root:curr_cd_p: 0.001984; curr_cd_t: 0.000035; curr_emd: 0.004901; curr_f1: 0.977325; 
INFO:root:best_cd_p: 0.001984 [epoch 90]; best_cd_t: 0.000035 [epoch 92]; best_emd: 0.004870 [epoch 90]; best_f1: 0.977325 [epoch 92]; 
INFO:root:pcn_emd_debug_20221203T213841 train [93: 0/436]  loss_type: emd, fine_loss: 0.002329 total_loss: 0.004675 lr: 0.000049 alpha: 1.0
INFO:root:Saving net...
INFO:root:Testing...
INFO:root:Best cd_p net saved!
INFO:root:Best f1 net saved!
INFO:root:curr_cd_p: 0.001972; curr_cd_t: 0.000035; curr_emd: 0.004876; curr_f1: 0.977448; 
INFO:root:best_cd_p: 0.001972 [epoch 93]; best_cd_t: 0.000035 [epoch 92]; best_emd: 0.004870 [epoch 90]; best_f1: 0.977448 [epoch 93]; 
INFO:root:pcn_emd_debug_20221203T213841 train [94: 0/436]  loss_type: emd, fine_loss: 0.002234 total_loss: 0.004497 lr: 0.000049 alpha: 1.0
INFO:root:Saving net...
INFO:root:Testing...
INFO:root:curr_cd_p: 0.002061; curr_cd_t: 0.000036; curr_emd: 0.005046; curr_f1: 0.977288; 
INFO:root:best_cd_p: 0.001972 [epoch 93]; best_cd_t: 0.000035 [epoch 92]; best_emd: 0.004870 [epoch 90]; best_f1: 0.977448 [epoch 93]; 
INFO:root:pcn_emd_debug_20221203T213841 train [95: 0/436]  loss_type: emd, fine_loss: 0.002466 total_loss: 0.004943 lr: 0.000049 alpha: 1.0
INFO:root:Saving net...
INFO:root:Testing...
INFO:root:curr_cd_p: 0.002000; curr_cd_t: 0.000035; curr_emd: 0.004878; curr_f1: 0.977257; 
INFO:root:best_cd_p: 0.001972 [epoch 93]; best_cd_t: 0.000035 [epoch 92]; best_emd: 0.004870 [epoch 90]; best_f1: 0.977448 [epoch 93]; 
INFO:root:pcn_emd_debug_20221203T213841 train [96: 0/436]  loss_type: emd, fine_loss: 0.002301 total_loss: 0.004606 lr: 0.000049 alpha: 1.0
INFO:root:Saving net...
INFO:root:Testing...
INFO:root:Best f1 net saved!
INFO:root:curr_cd_p: 0.002019; curr_cd_t: 0.000035; curr_emd: 0.004934; curr_f1: 0.977556; 
INFO:root:best_cd_p: 0.001972 [epoch 93]; best_cd_t: 0.000035 [epoch 92]; best_emd: 0.004870 [epoch 90]; best_f1: 0.977556 [epoch 96]; 
INFO:root:pcn_emd_debug_20221203T213841 train [97: 0/436]  loss_type: emd, fine_loss: 0.002338 total_loss: 0.004680 lr: 0.000049 alpha: 1.0
INFO:root:Saving net...
INFO:root:Testing...
INFO:root:Best cd_p net saved!
INFO:root:Best f1 net saved!
INFO:root:curr_cd_p: 0.001967; curr_cd_t: 0.000035; curr_emd: 0.004877; curr_f1: 0.977729; 
INFO:root:best_cd_p: 0.001967 [epoch 97]; best_cd_t: 0.000035 [epoch 92]; best_emd: 0.004870 [epoch 90]; best_f1: 0.977729 [epoch 97]; 
INFO:root:pcn_emd_debug_20221203T213841 train [98: 0/436]  loss_type: emd, fine_loss: 0.002222 total_loss: 0.004465 lr: 0.000049 alpha: 1.0
INFO:root:Saving net...
INFO:root:Testing...
INFO:root:curr_cd_p: 0.001986; curr_cd_t: 0.000035; curr_emd: 0.004906; curr_f1: 0.977678; 
INFO:root:best_cd_p: 0.001967 [epoch 97]; best_cd_t: 0.000035 [epoch 92]; best_emd: 0.004870 [epoch 90]; best_f1: 0.977729 [epoch 97]; 
INFO:root:pcn_emd_debug_20221203T213841 train [99: 0/436]  loss_type: emd, fine_loss: 0.002368 total_loss: 0.004748 lr: 0.000049 alpha: 1.0
INFO:root:Saving net...
INFO:root:Testing...
INFO:root:curr_cd_p: 0.001993; curr_cd_t: 0.000035; curr_emd: 0.004884; curr_f1: 0.977591; 
INFO:root:best_cd_p: 0.001967 [epoch 97]; best_cd_t: 0.000035 [epoch 92]; best_emd: 0.004870 [epoch 90]; best_f1: 0.977729 [epoch 97]; 
INFO:root:Munch({'gpu_device_ids': [0], 'batch_size': 128, 'workers': 0, 'nepoch': 100, 'model_name': 'pcn', 'load_model': 'D:/liu/MVP_Benchmark/completion/log/pcn_emd_all/best_cd_p_network.pth', 'start_epoch': 0, 'num_points': 2048, 'work_dir': 'D:/liu/MVP_Benchmark/completion/log/', 'flag': 'debug', 'loss': 'emd', 'manual_seed': None, 'use_mean_feature': False, 'step_interval_to_print': 500, 'epoch_interval_to_save': 1, 'epoch_interval_to_val': 1, 'varying_constant': '0.01, 0.1, 0.5, 1', 'varying_constant_epochs': '5, 15, 30', 'lr': 0.0001, 'lr_decay': True, 'lr_decay_interval': 40, 'lr_decay_rate': 0.7, 'lr_step_decay_epochs': None, 'lr_step_decay_rates': None, 'lr_clip': 1e-06, 'optimizer': 'Adam', 'weight_decay': 0, 'betas': '0.9, 0.999', 'save_vis': True, 'eval_emd': True})
INFO:root:Length of train dataset:33560
INFO:root:Length of test dataset:9600
INFO:root:Random Seed: 3490
INFO:root:pcn's previous weights loaded.
INFO:root:pcn_emd_all train [0: 0/262]  loss_type: emd, fine_loss: 0.002617 total_loss: 0.002702 lr: 0.000100 alpha: 0.01
INFO:root:Munch({'gpu_device_ids': [0], 'batch_size': 128, 'workers': 0, 'nepoch': 100, 'model_name': 'pcn', 'load_model': 'D:/liu/MVP_Benchmark/completion/log/pcn_emd_all/best_cd_p_network.pth', 'start_epoch': 0, 'num_points': 2048, 'work_dir': 'D:/liu/MVP_Benchmark/completion/log/', 'flag': 'debug', 'loss': 'emd', 'manual_seed': None, 'use_mean_feature': False, 'step_interval_to_print': 500, 'epoch_interval_to_save': 1, 'epoch_interval_to_val': 1, 'varying_constant': '0.01, 0.1, 0.5, 1', 'varying_constant_epochs': '5, 15, 30', 'lr': 0.0001, 'lr_decay': True, 'lr_decay_interval': 40, 'lr_decay_rate': 0.7, 'lr_step_decay_epochs': None, 'lr_step_decay_rates': None, 'lr_clip': 1e-06, 'optimizer': 'Adam', 'weight_decay': 0, 'betas': '0.9, 0.999', 'save_vis': True, 'eval_emd': True})
INFO:root:Length of train dataset:69920
INFO:root:Length of test dataset:20000
INFO:root:Random Seed: 384
INFO:root:pcn's previous weights loaded.
INFO:root:pcn_emd_all train [0: 0/546]  loss_type: emd, fine_loss: 0.002423 total_loss: 0.002465 lr: 0.000100 alpha: 0.01
INFO:root:pcn_emd_all train [0: 500/546]  loss_type: emd, fine_loss: 0.002748 total_loss: 0.002792 lr: 0.000100 alpha: 0.01
INFO:root:Saving net...
INFO:root:Testing...
INFO:root:Best cd_p net saved!
INFO:root:Best cd_t net saved!
INFO:root:Best emd net saved!
INFO:root:Best f1 net saved!
INFO:root:curr_cd_p: 0.002056; curr_cd_t: 0.000032; curr_emd: 0.004982; curr_f1: 0.979455; 
INFO:root:best_cd_p: 0.002056 [epoch 0]; best_cd_t: 0.000032 [epoch 0]; best_emd: 0.004982 [epoch 0]; best_f1: 0.979455 [epoch 0]; 
INFO:root:pcn_emd_all train [1: 0/546]  loss_type: emd, fine_loss: 0.002676 total_loss: 0.002652 lr: 0.000100 alpha: 0.01
INFO:root:Munch({'gpu_device_ids': [0], 'batch_size': 64, 'workers': 0, 'nepoch': 100, 'model_name': 'pcn', 'load_model': 'D:/liu/MVP_Benchmark/completion/log/pcn_emd_all/best_cd_p_network.pth', 'start_epoch': 0, 'num_points': 2048, 'work_dir': 'D:/liu/MVP_Benchmark/completion/log/', 'flag': 'debug', 'loss': 'emd', 'manual_seed': None, 'use_mean_feature': False, 'step_interval_to_print': 500, 'epoch_interval_to_save': 1, 'epoch_interval_to_val': 1, 'varying_constant': '0.01, 0.1, 0.5, 1', 'varying_constant_epochs': '5, 15, 30', 'lr': 0.0001, 'lr_decay': True, 'lr_decay_interval': 40, 'lr_decay_rate': 0.7, 'lr_step_decay_epochs': None, 'lr_step_decay_rates': None, 'lr_clip': 1e-06, 'optimizer': 'Adam', 'weight_decay': 0, 'betas': '0.9, 0.999', 'save_vis': True, 'eval_emd': True})
INFO:root:Munch({'gpu_device_ids': [0], 'batch_size': 64, 'workers': 0, 'nepoch': 100, 'model_name': 'pcn', 'load_model': 'D:/liu/MVP_Benchmark/completion/log/pcn_emd_all/best_cd_p_network.pth', 'start_epoch': 0, 'num_points': 2048, 'work_dir': 'D:/liu/MVP_Benchmark/completion/log/', 'flag': 'debug', 'loss': 'emd', 'manual_seed': None, 'use_mean_feature': False, 'step_interval_to_print': 500, 'epoch_interval_to_save': 1, 'epoch_interval_to_val': 1, 'varying_constant': '0.01, 0.1, 0.5, 1', 'varying_constant_epochs': '5, 15, 30', 'lr': 0.0001, 'lr_decay': True, 'lr_decay_interval': 40, 'lr_decay_rate': 0.7, 'lr_step_decay_epochs': None, 'lr_step_decay_rates': None, 'lr_clip': 1e-06, 'optimizer': 'Adam', 'weight_decay': 0, 'betas': '0.9, 0.999', 'save_vis': True, 'eval_emd': True})
INFO:root:Length of train dataset:69920
INFO:root:Length of test dataset:20000
INFO:root:Random Seed: 7916
INFO:root:pcn's previous weights loaded.
INFO:root:pcn_emd_all train [0: 0/1092]  loss_type: emd, fine_loss: 0.002469 total_loss: 0.002483 lr: 0.000100 alpha: 0.01
INFO:root:pcn_emd_all train [0: 500/1092]  loss_type: emd, fine_loss: 0.003172 total_loss: 0.003174 lr: 0.000100 alpha: 0.01
INFO:root:pcn_emd_all train [0: 1000/1092]  loss_type: emd, fine_loss: 0.003399 total_loss: 0.003437 lr: 0.000100 alpha: 0.01
INFO:root:Saving net...
INFO:root:Testing...
INFO:root:Best cd_p net saved!
INFO:root:Best cd_t net saved!
INFO:root:Best emd net saved!
INFO:root:Best f1 net saved!
INFO:root:curr_cd_p: 0.002155; curr_cd_t: 0.000033; curr_emd: 0.005223; curr_f1: 0.978828; 
INFO:root:best_cd_p: 0.002155 [epoch 0]; best_cd_t: 0.000033 [epoch 0]; best_emd: 0.005223 [epoch 0]; best_f1: 0.978828 [epoch 0]; 
INFO:root:pcn_emd_all train [1: 0/1092]  loss_type: emd, fine_loss: 0.002674 total_loss: 0.002675 lr: 0.000100 alpha: 0.01
